Log file open, 01/06/19 18:17:04
LogInit:Display: Running engine for game: TopDownMiniGame
LogPlatformFile: Not using cached read wrapper
LogInit:Display: RandInit(1373808267) SRandInit(1373808268).
LogTaskGraph: Started task graph with 4 named threads and 5 total threads.
LogStats: Stats thread started at 0.066667
LogInit: Version: 4.11.2-2946394+++UE4+Release-4.11
LogInit: API Version: 2927265
LogInit: Compiled (64-bit): Apr 18 2016 02:18:46
LogInit: Compiled with Visual C++: 19.00.23026.00
LogInit: Build Configuration: Development
LogInit: Branch Name: ++UE4+Release-4.11
LogInit: Command line:  
LogInit: Base directory: D:/UE_4.11/Engine/Binaries/Win64/
LogInit: Installed Engine Build: 1
LogInit: Using libcurl 7.41.0
LogInit:  - built for x86_64-pc-win32
LogInit:  - supports SSL with WinSSL
LogInit:  - other features:
LogInit:      CURL_VERSION_SSL
LogInit:      CURL_VERSION_IPV6
LogInit:      CURL_VERSION_ASYNCHDNS
LogInit:      CURL_VERSION_LARGEFILE
LogInit:      CURL_VERSION_IDN
LogInit:  CurlRequestOptions (configurable via config and command line):
LogInit:  - bVerifyPeer = true  - Libcurl will verify peer certificate
LogInit:  - bUseHttpProxy = false  - Libcurl will NOT use HTTP proxy
LogInit:  - bDontReuseConnections = false  - Libcurl will reuse connections
LogInit:  - CertBundlePath = nullptr  - Libcurl will use whatever was configured at build time.
LogInit: Presizing for max 16777216 objects, including 0 objects not considered by GC, pre-allocating 0 bytes for permanent pool.
LogInit: Object subsystem initialized
[2019.01.06-10.17.13:454][  0]LogInit: Selected Device Profile: [Windows]
[2019.01.06-10.17.13:454][  0]LogInit: Applying CVar settings loaded from the selected device profile: [Windows]
[2019.01.06-10.17.15:527][  0]LogInit: Computer: 1-ПК
[2019.01.06-10.17.15:527][  0]LogInit: User: 1
[2019.01.06-10.17.15:527][  0]LogInit: CPU Page size=65536, Cores=2
[2019.01.06-10.17.15:527][  0]LogInit: High frequency timer resolution =2.338476 MHz
[2019.01.06-10.17.15:578][  0]LogMemory: Memory total: Physical=3.9GB (4GB approx)
[2019.01.06-10.17.15:578][  0]LogMemory: Platform Memory Stats for Windows
[2019.01.06-10.17.15:578][  0]LogMemory: Process Physical Memory: 314.65 MB used, 314.65 MB peak
[2019.01.06-10.17.15:578][  0]LogMemory: Process Virtual Memory: 314.93 MB used, 314.93 MB peak
[2019.01.06-10.17.15:578][  0]LogMemory: Physical Memory: 2961.86 MB used, 4010.14 MB total
[2019.01.06-10.17.15:579][  0]LogMemory: Virtual Memory: 622.33 MB used, 8388608.00 MB total
[2019.01.06-10.17.30:743][  0]LogTextLocalizationManager: No translations for ('ru-RU') exist, falling back to 'en' for localization and internationalization data.
[2019.01.06-10.17.48:692][  0]LogD3D11RHI: D3D11 adapters:
[2019.01.06-10.17.50:536][  0]LogD3D11RHI:    0. 'NVIDIA GeForce 410M' (Feature Level 11_0)
[2019.01.06-10.17.50:536][  0]LogD3D11RHI:       979MB of dedicated video memory, 0MB of dedicated system memory, and 1749MB of shared system memory, 1 output[s]
[2019.01.06-10.17.50:559][  0]LogD3D11RHI:    1. 'NVIDIA GeForce 410M' (Feature Level 11_0)
[2019.01.06-10.17.50:559][  0]LogD3D11RHI:       979MB of dedicated video memory, 0MB of dedicated system memory, and 1749MB of shared system memory, 0 output[s]
[2019.01.06-10.17.50:559][  0]LogD3D11RHI: Chosen D3D11 Adapter: 0
[2019.01.06-10.17.50:636][  0]LogD3D11RHI: Creating new Direct3DDevice
[2019.01.06-10.17.50:637][  0]LogD3D11RHI:     Adapter Name: Intel(R) HD Graphics 3000
[2019.01.06-10.17.50:637][  0]LogD3D11RHI:   Driver Version: Unknown (internal Unknown)
[2019.01.06-10.17.50:637][  0]LogD3D11RHI:      Driver Date: Unknown
[2019.01.06-10.17.50:637][  0]LogRHI: Texture pool is 1297 MB (70% of 1854 MB)
[2019.01.06-10.17.50:714][  0]LogD3D11RHI: Async texture creation enabled
[2019.01.06-10.17.51:301][  0]LogShaderCompilers: Guid format shader working directory is -33 characters bigger than the processId version (../../../../sergey/UnrealProjects/TowerOfDefence_Repository/TopDownMiniGame/Intermediate/Shaders/WorkingDirectory/4200/).
[2019.01.06-10.17.51:302][  0]LogShaderCompilers: Cleaned the shader compiler working directory 'C:/Users/1/AppData/Local/Temp/UnrealShaderWorkingDir/68513B9642AFB6E1A1188D8B2041F9BA/'.
[2019.01.06-10.17.51:302][  0]LogShaderCompilers:Display: Using Local Shader Compiler.
[2019.01.06-10.18.53:819][  0]LogTemp:Display: Loaded TP AllDesktopTargetPlatform
[2019.01.06-10.18.53:963][  0]LogTemp:Display: Loaded TP WindowsClientTargetPlatform
[2019.01.06-10.18.54:020][  0]LogTemp:Display: Loaded TP WindowsNoEditorTargetPlatform
[2019.01.06-10.18.54:062][  0]LogTemp:Display: Loaded TP WindowsServerTargetPlatform
[2019.01.06-10.18.54:104][  0]LogTemp:Display: Loaded TP WindowsTargetPlatform
[2019.01.06-10.18.54:522][  0]LogTemp:Display: Loaded TP AndroidTargetPlatform
[2019.01.06-10.18.54:833][  0]LogTemp:Display: Loaded TP Android_ASTCTargetPlatform
[2019.01.06-10.18.54:952][  0]LogTemp:Display: Loaded TP Android_ATCTargetPlatform
[2019.01.06-10.18.55:040][  0]LogTemp:Display: Loaded TP Android_DXTTargetPlatform
[2019.01.06-10.18.55:065][  0]LogTemp:Display: Loaded TP Android_ETC1TargetPlatform
[2019.01.06-10.18.55:109][  0]LogTemp:Display: Loaded TP Android_ETC2TargetPlatform
[2019.01.06-10.18.55:253][  0]LogTemp:Display: Loaded TP Android_MultiTargetPlatform
[2019.01.06-10.18.55:253][  0]LogTemp:Display: Loaded TP Android_PVRTCTargetPlatform
[2019.01.06-10.18.55:338][  0]LogTemp:Display: Loaded TP HTML5TargetPlatform
[2019.01.06-10.18.55:610][  0]LogTemp:Display: Loaded TP IOSTargetPlatform
[2019.01.06-10.18.55:614][  0]LogTemp:Display: Loaded TP TVOSTargetPlatform
[2019.01.06-10.18.55:672][  0]LogTemp:Display: Loaded TP LinuxNoEditorTargetPlatform
[2019.01.06-10.18.55:749][  0]LogTemp:Display: Loaded TP LinuxServerTargetPlatform
[2019.01.06-10.18.55:842][  0]LogTemp:Display: Loaded TP LinuxTargetPlatform
[2019.01.06-10.18.55:842][  0]LogTargetPlatformManager:Display: Building Assets For Windows
[2019.01.06-10.18.58:848][  0]LogDerivedDataCache:Display: Max Cache Size: 512 MB
[2019.01.06-10.19.01:033][  0]LogDerivedDataCache: Loaded boot cache 2.16s 46MB C:/Users/1/AppData/Local/UnrealEngine/4.11/DerivedDataCache/Boot.ddc.
[2019.01.06-10.19.01:033][  0]LogDerivedDataCache:Display: Loaded Boot cache: C:/Users/1/AppData/Local/UnrealEngine/4.11/DerivedDataCache/Boot.ddc
[2019.01.06-10.19.01:033][  0]LogDerivedDataCache: FDerivedDataBackendGraph:  Pak pak cache file ../../../../sergey/UnrealProjects/TowerOfDefence_Repository/TopDownMiniGame/DerivedDataCache/DDC.ddp not found, will not use a pak cache.
[2019.01.06-10.19.01:033][  0]LogDerivedDataCache: Unable to find inner node Pak for hierarchical cache Hierarchy.
[2019.01.06-10.19.01:033][  0]LogDerivedDataCache: FDerivedDataBackendGraph:  CompressedPak pak cache file ../../../../sergey/UnrealProjects/TowerOfDefence_Repository/TopDownMiniGame/DerivedDataCache/Compressed.ddp not found, will not use a pak cache.
[2019.01.06-10.19.01:033][  0]LogDerivedDataCache: Unable to find inner node CompressedPak for hierarchical cache Hierarchy.
[2019.01.06-10.19.01:203][  0]LogDerivedDataCache:Display: Pak cache opened for reading ../../../Engine/DerivedDataCache/Compressed.ddp.
[2019.01.06-10.19.01:226][  0]LogDerivedDataCache: Using Local data cache path C:/Users/1/AppData/Local/UnrealEngine/Common/DerivedDataCache: Writable
[2019.01.06-10.19.43:182][  0]LogInit: Selected Device Profile: [Windows]
[2019.01.06-10.19.43:413][  0]LogContentStreaming: Texture pool size is 0.00 MB
[2019.01.06-10.19.47:528][  0]LogMaterial: Uniform references updated for custom material expression Custom.
[2019.01.06-10.19.53:008][  0]LogMeshUtilities: No automatic mesh reduction module available
[2019.01.06-10.19.53:008][  0]LogMeshUtilities: No automatic mesh merging module available
[2019.01.06-10.19.53:008][  0]LogMeshUtilities: No distributed automatic mesh merging module available
[2019.01.06-10.20.14:288][  0]LogUObjectArray: 27679 objects as part of root set at end of initial load.
[2019.01.06-10.20.14:347][  0]LogUObjectAllocator: 5591600 out of 0 bytes used by permanent object pool.
[2019.01.06-10.20.14:347][  0]LogUObjectArray: CloseDisregardForGC: 0/0 objects in disregard for GC pool
[2019.01.06-10.20.14:406][  0]LogInit: WinSock: version 1.1 (2.2), MaxSocks=32767, MaxUdp=65467
[2019.01.06-10.20.38:346][  0]LogSlate: SlateFontCache - WITH_FREETYPE: 1, WITH_HARFBUZZ: 1
[2019.01.06-10.20.38:346][  0]LogSlate: SlateFontCache - WITH_FREETYPE: 1, WITH_HARFBUZZ: 1
[2019.01.06-10.21.04:138][  0]LogStreaming:Warning: Failed to read file '../../../Engine/Content/Editor/Slate/Common/Selection_16x.png' error.
[2019.01.06-10.21.04:138][  0]LogSlate: Could not find file for Slate resource: ../../../Engine/Content/Editor/Slate/Common/Selection_16x.png
[2019.01.06-10.21.04:138][  0]LogStreaming:Warning: Failed to read file '../../../Engine/Content/Editor/Slate/Common/Selection_16x.png' error.
[2019.01.06-10.21.04:138][  0]LogSlate: Could not find file for Slate resource: ../../../Engine/Content/Editor/Slate/Common/Selection_16x.png
[2019.01.06-10.21.04:138][  0]LogStreaming:Warning: Failed to read file '../../../Engine/Content/Editor/Slate/Common/Selection_16x.png' error.
[2019.01.06-10.21.04:138][  0]LogSlate: Could not find file for Slate resource: ../../../Engine/Content/Editor/Slate/Common/Selection_16x.png
[2019.01.06-10.21.21:815][  0]LogUdpMessaging: Initializing bridge on interface 0.0.0.0:0 to multicast group 230.0.0.1:6666.
[2019.01.06-10.21.22:744][  0]LogAssetRegistry: FAssetRegistry took 0.0208 seconds to start up
[2019.01.06-10.21.26:153][  0]SourceControl: Info Source control is disabled
[2019.01.06-10.21.26:189][  0]SourceControl: Info Source control is disabled
[2019.01.06-10.21.26:356][  0]SourceControl: Info Source control is disabled
[2019.01.06-10.21.26:550][  0]SourceControl: Info Source control is disabled
[2019.01.06-10.21.30:327][  0]LogHMD: Failed to initialize OpenVR with code 110
[2019.01.06-10.21.31:049][  0]LogEngine: Initializing Engine...
[2019.01.06-10.21.33:694][  0]LogAIModule: Creating AISystem for world NewWorld
[2019.01.06-10.21.33:853][  0]LogInit: XAudio2 using 'Динамики (Устройство с поддержкой High Definition Audio)' : 2 channels at 44.1 kHz using 16 bits per sample (channel mask 0x3)
[2019.01.06-10.21.33:946][  0]LogInit: FAudioDevice initialized.
[2019.01.06-10.21.34:033][  0]LogDerivedDataCache: Saved boot cache 0.09s 46MB C:/Users/1/AppData/Local/UnrealEngine/4.11/DerivedDataCache/Boot.ddc.
[2019.01.06-10.21.34:041][  0]LogInit: Texture streaming: Enabled
[2019.01.06-10.21.34:496][  0]LogInit: Transaction tracking system initialized
[2019.01.06-10.21.37:613][  0]BlueprintLog: New page: Editor Load
[2019.01.06-10.21.41:394][  0]LocalizationService: Info Localization service is disabled
[2019.01.06-10.21.45:538][  0]LogConsoleResponse:Display: 
[2019.01.06-10.21.52:332][  0]LogFileCache: Scanning file cache for directory 'D:/sergey/UnrealProjects/TowerOfDefence_Repository/TopDownMiniGame/Content/' took 0.02s
[2019.01.06-10.21.52:332][  0]LogCook:Display: Max memory allowance for cook 8192mb
[2019.01.06-10.21.52:368][  0]LogCook:Display: Mobile HDR setting 1
[2019.01.06-10.21.52:397][  0]LogCook:Display: Done creating registry. It took  0.00s.
[2019.01.06-10.21.53:962][  0]SourceControl: Info Source control is disabled
[2019.01.06-10.21.53:995][  0]Cmd: MAP LOAD FILE="../../../../sergey/UnrealProjects/TowerOfDefence_Repository/TopDownMiniGame/Content/TopDownBP/Maps/TopDownExampleMap.umap" TEMPLATE=0 SHOWPROGRESS=1 FEATURELEVEL=3
[2019.01.06-10.21.54:095][  0]LightingResults: New page: Lighting Build
[2019.01.06-10.21.54:187][  0]MapCheck: New page: Map Check
[2019.01.06-10.21.54:187][  0]LightingResults: New page: Lighting Build
[2019.01.06-10.22.03:809][  0]LogAIModule: Creating AISystem for world TopDownExampleMap
[2019.01.06-10.22.03:975][  0]LogPhysics:Warning: AddConvexElemsToRigidActor: [/Game/Graphics/ModularBuildings/modularBuildings_004.modularBuildings_004] ConvexElem[0] invalid
[2019.01.06-10.22.04:077][  0]LogEditorServer: Finished looking for orphan Actors (0.000 secs)
[2019.01.06-10.22.04:168][  0]Cmd: MAP CHECKDEP NOCLEARLOG
[2019.01.06-10.22.04:258][  0]MapCheck: Info Map check complete: 0 Error(s), 0 Warning(s), took 89.823ms to complete.
[2019.01.06-10.22.04:281][  0]LogFileHelpers: Loading map 'TopDownExampleMap' took 10.285
[2019.01.06-10.22.05:358][  0]LogCollectionManager: Loaded 0 collections in 0.002884 seconds
[2019.01.06-10.22.05:552][  0]LogFileCache: Scanning file cache for directory 'D:/sergey/UnrealProjects/TowerOfDefence_Repository/TopDownMiniGame/Saved/Collections/' took 0.01s
[2019.01.06-10.22.05:552][  0]LogFileCache: Scanning file cache for directory 'D:/sergey/UnrealProjects/TowerOfDefence_Repository/TopDownMiniGame/Content/Developers/1/Collections/' took 0.01s
[2019.01.06-10.22.05:552][  0]LogFileCache: Scanning file cache for directory 'D:/sergey/UnrealProjects/TowerOfDefence_Repository/TopDownMiniGame/Content/Collections/' took 0.00s
[2019.01.06-10.22.05:552][  0]LogCollectionManager: Rebuilt the GUID cache for 0 collections in 0.000452 seconds
[2019.01.06-10.22.05:565][  0]LogContentBrowser: Native class hierarchy populated in 0.0121 seconds. Added 1979 classes and 343 folders.
[2019.01.06-10.22.05:663][  0]LogStats: UGameplayTagsManager::ConstructGameplayTagTree: Construct from data asset -  0.000 s
[2019.01.06-10.22.05:663][  0]LogStats: UGameplayTagsManager::ConstructGameplayTagTree: GameplayTagTreeChangedEvent.Broadcast -  0.000 s
[2019.01.06-10.22.05:664][  0]LogContentBrowser: Native class hierarchy updated for 'GameplayTags' in 0.0007 seconds. Added 12 classes and 0 folders.
[2019.01.06-10.22.05:689][  0]LogContentBrowser: Native class hierarchy updated for 'WidgetCarousel' in 0.0005 seconds. Added 0 classes and 0 folders.
[2019.01.06-10.22.06:036][  0]LogContentBrowser: Native class hierarchy updated for 'SuperSearch' in 0.0005 seconds. Added 1 classes and 2 folders.
[2019.01.06-10.22.07:213][  0]LogContentBrowser: Native class hierarchy updated for 'AddContentDialog' in 0.0006 seconds. Added 0 classes and 0 folders.
[2019.01.06-10.22.07:251][  0]LogContentBrowser: Native class hierarchy updated for 'SceneOutliner' in 0.0007 seconds. Added 1 classes and 2 folders.
[2019.01.06-10.22.07:768][  0]LogCrashTracker: Crashtracker disabled due to settings.
[2019.01.06-10.22.08:050][  0]LogUObjectGlobals:Warning: Failed to find object 'Class None.'
[2019.01.06-10.22.08:275][  0]LogContentBrowser: Native class hierarchy updated for 'HierarchicalLODOutliner' in 0.0007 seconds. Added 1 classes and 2 folders.
[2019.01.06-10.22.08:276][  0]LogLoad: Full Startup: 307.77 seconds (BP compile: 2.44 seconds)
[2019.01.06-10.22.08:276][  0]LogExternalProfiler: Found external profiler: VSPerf
[2019.01.06-10.22.08:276][  0]LogExternalProfiler: Using external profiler: VSPerf
[2019.01.06-10.22.08:671][  0]LogOcInput: OculusInput pre-init called
[2019.01.06-10.22.10:849][  0]LogContentStreaming: Texture pool size now 200 MB
[2019.01.06-10.22.12:826][  0]LogRenderer: Reallocating scene render targets to support 856x408 (Frame:2).
[2019.01.06-10.22.14:199][  3]LogAssetRegistry: Asset discovery search completed in 51.4747 seconds
[2019.01.06-10.22.14:199][  3]LogCollectionManager: Rebuilt the object cache for 0 collections in 0.000001 seconds (found 0 objects)
[2019.01.06-10.22.14:199][  3]LogCollectionManager: Fixed up redirectors for 0 collections in 0.000035 seconds (updated 0 objects)
[2019.01.06-10.30.59:374][689]Cmd: CLOSE_SLATE_MAINFRAME
[2019.01.06-10.30.59:374][689]LogActorComponent: UnregisterComponent: (/Engine/Transient.CharMoveComp) Not registered. Aborting.
[2019.01.06-10.30.59:374][689]LogActorComponent: UnregisterComponent: (/Engine/Transient.Interactable_GEN_VARIABLE) Not registered. Aborting.
[2019.01.06-10.30.59:374][689]LogActorComponent: UnregisterComponent: (/Engine/Transient.CharacterMovementComponent_0) Not registered. Aborting.
[2019.01.06-10.30.59:375][689]LogActorComponent: UnregisterComponent: (/Engine/Transient.Interactable_C_0) Not registered. Aborting.
[2019.01.06-10.30.59:995][690]Cmd: QUIT_EDITOR
[2019.01.06-10.31.00:156][690]LogExit: Preparing to exit.
[2019.01.06-10.31.01:079][690]LogExit: Editor shut down
[2019.01.06-10.31.01:079][690]LogExit: Transaction tracking system shut down
[2019.01.06-10.31.01:248][690]LogObj: Freed 0b from 0 cluster array pools.
[2019.01.06-10.31.01:248][690]LogExit: Object subsystem successfully closed.
[2019.01.06-10.31.01:271][690]LogD3D11RHI: Shutdown
[2019.01.06-10.31.01:271][690]LogD3D11RHI: CleanupD3DDevice
[2019.01.06-10.31.01:327][690]LogD3D11RHI: ~FD3D11DynamicRHI
[2019.01.06-10.31.01:396][690]LogDerivedDataCache: Shutdown
[2019.01.06-10.31.01:397][690]LogModuleManager: Shutting down and abandoning module HierarchicalLODOutliner (204)
[2019.01.06-10.31.01:397][690]LogModuleManager: Shutting down and abandoning module CrashTracker (203)
[2019.01.06-10.31.01:397][690]LogModuleManager: Shutting down and abandoning module SceneOutliner (202)
[2019.01.06-10.31.01:397][690]LogModuleManager: Shutting down and abandoning module SuperSearch (201)
[2019.01.06-10.31.01:397][690]LogModuleManager: Shutting down and abandoning module WidgetCarousel (200)
[2019.01.06-10.31.01:397][690]LogModuleManager: Shutting down and abandoning module AddContentDialog (199)
[2019.01.06-10.31.01:398][690]LogModuleManager: Shutting down and abandoning module GameplayTags (198)
[2019.01.06-10.31.01:398][690]LogModuleManager: Shutting down and abandoning module EditorWidgets (197)
[2019.01.06-10.31.01:398][690]LogModuleManager: Shutting down and abandoning module CollectionManager (196)
[2019.01.06-10.31.01:399][690]LogModuleManager: Shutting down and abandoning module StatsViewer (195)
[2019.01.06-10.31.01:399][690]LogModuleManager: Shutting down and abandoning module FoliageEdit (194)
[2019.01.06-10.31.01:399][690]LogModuleManager: Shutting down and abandoning module LandscapeEditor (193)
[2019.01.06-10.31.01:399][690]LogModuleManager: Shutting down and abandoning module ActorPickerMode (192)
[2019.01.06-10.31.01:399][690]LogModuleManager: Shutting down and abandoning module GeometryMode (191)
[2019.01.06-10.31.01:399][690]LogModuleManager: Shutting down and abandoning module TextureAlignMode (190)
[2019.01.06-10.31.01:399][690]LogModuleManager: Shutting down and abandoning module BspMode (189)
[2019.01.06-10.31.01:399][690]LogModuleManager: Shutting down and abandoning module PlacementMode (188)
[2019.01.06-10.31.01:399][690]LogModuleManager: Shutting down and abandoning module AutomationWorker (187)
[2019.01.06-10.31.01:399][690]LogModuleManager: Shutting down and abandoning module CharacterAI (186)
[2019.01.06-10.31.01:399][690]LogModuleManager: Shutting down and abandoning module SmartSnapping (185)
[2019.01.06-10.31.01:399][690]LogModuleManager: Shutting down and abandoning module ViewportSnapping (184)
[2019.01.06-10.31.01:399][690]LogModuleManager: Shutting down and abandoning module LogVisualizer (183)
[2019.01.06-10.31.01:400][690]LogModuleManager: Shutting down and abandoning module GameProjectGeneration (182)
[2019.01.06-10.31.01:400][690]LogModuleManager: Shutting down and abandoning module IntroTutorials (181)
[2019.01.06-10.31.01:400][690]LogModuleManager: Shutting down and abandoning module EditorLiveStreaming (180)
[2019.01.06-10.31.01:400][690]LogModuleManager: Shutting down and abandoning module IOSPlatformEditor (179)
[2019.01.06-10.31.01:400][690]LogModuleManager: Shutting down and abandoning module HTML5PlatformEditor (178)
[2019.01.06-10.31.01:400][690]LogModuleManager: Shutting down and abandoning module AndroidDeviceDetection (177)
[2019.01.06-10.31.02:396][690]LogModuleManager: Shutting down and abandoning module AndroidPlatformEditor (176)
[2019.01.06-10.31.02:396][690]LogModuleManager: Shutting down and abandoning module IOSRuntimeSettings (175)
[2019.01.06-10.31.02:396][690]LogModuleManager: Shutting down and abandoning module AndroidRuntimeSettings (174)
[2019.01.06-10.31.02:396][690]LogModuleManager: Shutting down and abandoning module MergeActors (173)
[2019.01.06-10.31.02:396][690]LogModuleManager: Shutting down and abandoning module SizeMap (172)
[2019.01.06-10.31.02:413][690]LogModuleManager: Shutting down and abandoning module TreeMap (171)
[2019.01.06-10.31.02:413][690]LogModuleManager: Shutting down and abandoning module ReferenceViewer (170)
[2019.01.06-10.31.02:413][690]LogModuleManager: Shutting down and abandoning module LocalizationService (169)
[2019.01.06-10.31.02:413][690]LogModuleManager: Shutting down and abandoning module LocalizationDashboard (168)
[2019.01.06-10.31.02:413][690]LogModuleManager: Shutting down and abandoning module HardwareTargeting (167)
[2019.01.06-10.31.02:413][690]LogModuleManager: Shutting down and abandoning module DeviceProfileEditor (166)
[2019.01.06-10.31.02:413][690]LogModuleManager: Shutting down and abandoning module UndoHistory (165)
[2019.01.06-10.31.02:413][690]LogModuleManager: Shutting down and abandoning module UserFeedback (164)
[2019.01.06-10.31.02:413][690]LogModuleManager: Shutting down and abandoning module XmlParser (163)
[2019.01.06-10.31.02:413][690]LogModuleManager: Shutting down and abandoning module Blutility (162)
[2019.01.06-10.31.02:413][690]LogModuleManager: Shutting down and abandoning module ProjectTargetPlatformEditor (161)
[2019.01.06-10.31.02:413][690]LogModuleManager: Shutting down and abandoning module ProjectSettingsViewer (160)
[2019.01.06-10.31.02:413][690]LogModuleManager: Shutting down and abandoning module InputBindingEditor (159)
[2019.01.06-10.31.02:414][690]LogModuleManager: Shutting down and abandoning module EditorSettingsViewer (158)
[2019.01.06-10.31.02:414][690]LogModuleManager: Shutting down and abandoning module SettingsEditor (157)
[2019.01.06-10.31.02:414][690]LogModuleManager: Shutting down and abandoning module ProjectLauncher (156)
[2019.01.06-10.31.02:414][690]LogModuleManager: Shutting down and abandoning module SessionFrontend (155)
[2019.01.06-10.31.02:414][690]LogModuleManager: Shutting down and abandoning module ProfilerClient (154)
[2019.01.06-10.31.02:414][690]LogModuleManager: Shutting down and abandoning module TargetDeviceServices (153)
[2019.01.06-10.31.02:414][690]LogModuleManager: Shutting down and abandoning module DeviceManager (152)
[2019.01.06-10.31.02:444][690]LogModuleManager: Shutting down and abandoning module AutomationController (151)
[2019.01.06-10.31.02:444][690]LogModuleManager: Shutting down and abandoning module AutomationWindow (150)
[2019.01.06-10.31.02:444][690]LogModuleManager: Shutting down and abandoning module Layers (149)
[2019.01.06-10.31.02:444][690]LogModuleManager: Shutting down and abandoning module ComponentVisualizers (148)
[2019.01.06-10.31.02:444][690]LogModuleManager: Shutting down and abandoning module DetailCustomizations (147)
[2019.01.06-10.31.02:444][690]LogModuleManager: Shutting down and abandoning module PackagesDialog (146)
[2019.01.06-10.31.02:444][690]LogModuleManager: Shutting down and abandoning module Persona (145)
[2019.01.06-10.31.02:444][690]LogModuleManager: Shutting down and abandoning module Kismet (144)
[2019.01.06-10.31.02:444][690]LogModuleManager: Shutting down and abandoning module GraphEditor (143)
[2019.01.06-10.31.02:444][690]LogModuleManager: Shutting down and abandoning module ClassViewer (142)
[2019.01.06-10.31.02:444][690]LogModuleManager: Shutting down and abandoning module Toolbox (141)
[2019.01.06-10.31.02:444][690]LogModuleManager: Shutting down and abandoning module ModuleUI (140)
[2019.01.06-10.31.02:444][690]LogModuleManager: Shutting down and abandoning module MovieSceneTools (139)
[2019.01.06-10.31.02:444][690]LogModuleManager: Shutting down and abandoning module OutputLog (138)
[2019.01.06-10.31.02:444][690]LogModuleManager: Shutting down and abandoning module GammaUI (137)
[2019.01.06-10.31.02:444][690]LogModuleManager: Shutting down and abandoning module Documentation (136)
[2019.01.06-10.31.02:444][690]LogModuleManager: Shutting down and abandoning module StreamingPauseRendering (135)
[2019.01.06-10.31.02:444][690]LogModuleManager: Shutting down and abandoning module AnalyticsET (134)
[2019.01.06-10.31.02:444][690]LogModuleManager: Shutting down and abandoning module Analytics (133)
[2019.01.06-10.31.02:444][690]LogModuleManager: Shutting down and abandoning module PortalServices (132)
[2019.01.06-10.31.02:444][690]LogModuleManager: Shutting down and abandoning module PortalRpc (131)
[2019.01.06-10.31.02:444][690]LogModuleManager: Shutting down and abandoning module MessagingRpc (130)
[2019.01.06-10.31.02:444][690]LogModuleManager: Shutting down and abandoning module AITestSuite (129)
[2019.01.06-10.31.02:444][690]LogModuleManager: Shutting down and abandoning module GameplayDebugger (128)
[2019.01.06-10.31.02:444][690]LogModuleManager: Shutting down and abandoning module AIModule (127)
[2019.01.06-10.31.02:444][690]LogModuleManager: Shutting down and abandoning module ProfilerService (126)
[2019.01.06-10.31.02:491][690]LogModuleManager: Shutting down and abandoning module TaskGraph (125)
[2019.01.06-10.31.02:491][690]LogModuleManager: Shutting down and abandoning module SlateRemote (124)
[2019.01.06-10.31.02:491][690]LogModuleManager: Shutting down and abandoning module SteamVRController (123)
[2019.01.06-10.31.02:491][690]LogModuleManager: Shutting down and abandoning module SteamVR (122)
[2019.01.06-10.31.02:491][690]LogModuleManager: Shutting down and abandoning module ProceduralMeshComponent (121)
[2019.01.06-10.31.02:491][690]LogModuleManager: Shutting down and abandoning module OculusLibrary (120)
[2019.01.06-10.31.02:491][690]LogModuleManager: Shutting down and abandoning module OculusInput (119)
[2019.01.06-10.31.02:492][690]LogModuleManager: Shutting down and abandoning module CustomMeshComponent (118)
[2019.01.06-10.31.02:492][690]LogModuleManager: Shutting down and abandoning module CableComponent (117)
[2019.01.06-10.31.02:492][690]LogModuleManager: Shutting down and abandoning module ArchVisCharacter (116)
[2019.01.06-10.31.02:492][690]LogModuleManager: Shutting down and abandoning module MediaPlayerEditor (115)
[2019.01.06-10.31.02:492][690]LogModuleManager: Shutting down and abandoning module HTML5Networking (114)
[2019.01.06-10.31.02:492][690]LogModuleManager: Shutting down and abandoning module SpeedTreeImporter (113)
[2019.01.06-10.31.02:492][690]LogModuleManager: Shutting down and abandoning module PluginBrowser (112)
[2019.01.06-10.31.02:492][690]LogModuleManager: Shutting down and abandoning module EpicSurvey (111)
[2019.01.06-10.31.02:492][690]LogModuleManager: Shutting down and abandoning module DesktopPlatform (110)
[2019.01.06-10.31.02:492][690]LogModuleManager: Shutting down and abandoning module VisualStudioSourceCodeAccess (109)
[2019.01.06-10.31.02:492][690]LogModuleManager: Shutting down and abandoning module UObjectPlugin (108)
[2019.01.06-10.31.02:492][690]LogModuleManager: Shutting down and abandoning module SubversionSourceControl (107)
[2019.01.06-10.31.02:492][690]LogModuleManager: Shutting down and abandoning module PerforceSourceControl (106)
[2019.01.06-10.31.02:492][690]LogModuleManager: Shutting down and abandoning module SourceControl (105)
[2019.01.06-10.31.02:492][690]LogModuleManager: Shutting down and abandoning module GitSourceControl (104)
[2019.01.06-10.31.02:492][690]LogModuleManager: Shutting down and abandoning module LightPropagationVolumeEditor (103)
[2019.01.06-10.31.02:492][690]LogModuleManager: Shutting down and abandoning module PaperTiledImporter (102)
[2019.01.06-10.31.02:492][690]LogModuleManager: Shutting down and abandoning module PaperSpriteSheetImporter (101)
[2019.01.06-10.31.02:492][690]LogModuleManager: Shutting down and abandoning module MeshPaint (100)
[2019.01.06-10.31.02:492][690]LogModuleManager: Shutting down and abandoning module HotReload (99)
[2019.01.06-10.31.02:493][690]LogModuleManager: Shutting down and abandoning module MainFrame (98)
[2019.01.06-10.31.02:493][690]LogModuleManager: Shutting down and abandoning module LevelEditor (97)
[2019.01.06-10.31.02:493][690]LogModuleManager: Shutting down and abandoning module DirectoryWatcher (96)
[2019.01.06-10.31.02:494][690]LogModuleManager: Shutting down and abandoning module AssetRegistry (95)
[2019.01.06-10.31.02:752][690]LogModuleManager: Shutting down and abandoning module ContentBrowser (94)
[2019.01.06-10.31.02:753][690]LogModuleManager: Shutting down and abandoning module Paper2DEditor (93)
[2019.01.06-10.31.02:753][690]LogModuleManager: Shutting down and abandoning module UdpMessaging (92)
[2019.01.06-10.31.02:853][690]LogModuleManager: Shutting down and abandoning module LightPropagationVolumeRuntime (91)
[2019.01.06-10.31.02:853][690]LogModuleManager: Shutting down and abandoning module Paper2D (90)
[2019.01.06-10.31.02:853][690]LogModuleManager: Shutting down and abandoning module WindowsMoviePlayer (89)
[2019.01.06-10.31.02:853][690]LogModuleManager: Shutting down and abandoning module Media (88)
[2019.01.06-10.31.02:853][690]LogModuleManager: Shutting down and abandoning module WmfMedia (87)
[2019.01.06-10.31.02:854][690]LogModuleManager: Shutting down and abandoning module MediaAssets (86)
[2019.01.06-10.31.02:854][690]LogModuleManager: Shutting down and abandoning module GameLiveStreaming (85)
[2019.01.06-10.31.02:854][690]LogModuleManager: Shutting down and abandoning module GameplayTagsEditor (84)
[2019.01.06-10.31.02:854][690]LogModuleManager: Shutting down and abandoning module OnlineBlueprintSupport (83)
[2019.01.06-10.31.02:854][690]LogModuleManager: Shutting down and abandoning module GameplayTasksEditor (82)
[2019.01.06-10.31.02:854][690]LogModuleManager: Shutting down and abandoning module PropertyEditor (81)
[2019.01.06-10.31.02:854][690]LogModuleManager: Shutting down and abandoning module BehaviorTreeEditor (80)
[2019.01.06-10.31.02:854][690]LogModuleManager: Shutting down and abandoning module FunctionalTesting (79)
[2019.01.06-10.31.02:854][690]LogModuleManager: Shutting down and abandoning module CollisionAnalyzer (78)
[2019.01.06-10.31.02:854][690]LogModuleManager: Shutting down and abandoning module WorkspaceMenuStructure (77)
[2019.01.06-10.31.02:854][690]LogModuleManager: Shutting down and abandoning module MessageLog (76)
[2019.01.06-10.31.02:854][690]LogModuleManager: Shutting down and abandoning module Sequencer (75)
[2019.01.06-10.31.02:854][690]LogModuleManager: Shutting down and abandoning module AssetTools (74)
[2019.01.06-10.31.02:854][690]LogModuleManager: Shutting down and abandoning module UMGEditor (73)
[2019.01.06-10.31.02:854][690]LogModuleManager: Shutting down and abandoning module UMG (72)
[2019.01.06-10.31.02:854][690]LogModuleManager: Shutting down and abandoning module SlateReflector (71)
[2019.01.06-10.31.02:855][690]LogModuleManager: Shutting down and abandoning module Slate (70)
[2019.01.06-10.31.02:855][690]LogModuleManager: Shutting down and abandoning module EditorStyle (69)
[2019.01.06-10.31.02:857][690]LogModuleManager: Shutting down and abandoning module SessionServices (68)
[2019.01.06-10.31.02:857][690]LogModuleManager: Shutting down and abandoning module SourceCodeAccess (67)
[2019.01.06-10.31.02:857][690]LogModuleManager: Shutting down and abandoning module HeadMountedDisplay (66)
[2019.01.06-10.31.02:857][690]LogModuleManager: Shutting down and abandoning module XAudio2 (65)
[2019.01.06-10.31.02:857][690]LogModuleManager: Shutting down and abandoning module Networking (63)
[2019.01.06-10.31.02:857][690]LogModuleManager: Shutting down and abandoning module Core (62)
[2019.01.06-10.31.02:857][690]LogModuleManager: Shutting down and abandoning module KismetCompiler (61)
[2019.01.06-10.31.02:857][690]LogModuleManager: Shutting down and abandoning module PhysXFormats (60)
[2019.01.06-10.31.02:857][690]LogModuleManager: Shutting down and abandoning module MeshUtilities (59)
[2019.01.06-10.31.02:857][690]LogModuleManager: Shutting down and abandoning module CookingStats (58)
[2019.01.06-10.31.02:857][690]LogModuleManager: Shutting down and abandoning module DerivedDataCache (57)
[2019.01.06-10.31.02:857][690]LogDerivedDataCache: Shutdown
[2019.01.06-10.31.02:857][690]LogModuleManager: Shutting down and abandoning module ShaderFormatOpenGL (56)
[2019.01.06-10.31.02:857][690]LogModuleManager: Shutting down and abandoning module ShaderFormatD3D (55)
[2019.01.06-10.31.02:857][690]LogModuleManager: Shutting down and abandoning module MetalShaderFormat (54)
[2019.01.06-10.31.02:857][690]LogModuleManager: Shutting down and abandoning module TextureFormatUncompressed (53)
[2019.01.06-10.31.02:857][690]LogModuleManager: Shutting down and abandoning module TextureFormatPVR (52)
[2019.01.06-10.31.02:857][690]LogModuleManager: Shutting down and abandoning module TextureFormatIntelISPCTexComp (51)
[2019.01.06-10.31.02:857][690]LogModuleManager: Shutting down and abandoning module TextureFormatDXT (50)
[2019.01.06-10.31.02:857][690]LogModuleManager: Shutting down and abandoning module ImageWrapper (49)
[2019.01.06-10.31.02:857][690]LogModuleManager: Shutting down and abandoning module TextureFormatASTC (48)
[2019.01.06-10.31.02:857][690]LogModuleManager: Shutting down and abandoning module TextureFormatAndroid (47)
[2019.01.06-10.31.02:857][690]LogModuleManager: Shutting down and abandoning module AudioFormatOpus (46)
[2019.01.06-10.31.02:857][690]LogModuleManager: Shutting down and abandoning module AudioFormatOgg (45)
[2019.01.06-10.31.02:857][690]LogModuleManager: Shutting down and abandoning module AudioFormatADPCM (44)
[2019.01.06-10.31.02:857][690]LogModuleManager: Shutting down and abandoning module LinuxTargetPlatform (43)
[2019.01.06-10.31.02:857][690]LogModuleManager: Shutting down and abandoning module LinuxServerTargetPlatform (42)
[2019.01.06-10.31.02:857][690]LogModuleManager: Shutting down and abandoning module LinuxNoEditorTargetPlatform (41)
[2019.01.06-10.31.02:857][690]LogModuleManager: Shutting down and abandoning module TVOSTargetPlatform (40)
[2019.01.06-10.31.02:857][690]LogModuleManager: Shutting down and abandoning module Messaging (39)
[2019.01.06-10.31.02:857][690]LogModuleManager: Shutting down and abandoning module IOSTargetPlatform (38)
[2019.01.06-10.31.02:857][690]LogModuleManager: Shutting down and abandoning module HTML5TargetPlatform (37)
[2019.01.06-10.31.02:857][690]LogModuleManager: Shutting down and abandoning module Android_PVRTCTargetPlatform (36)
[2019.01.06-10.31.02:857][690]LogModuleManager: Shutting down and abandoning module Android_MultiTargetPlatform (35)
[2019.01.06-10.31.02:857][690]LogModuleManager: Shutting down and abandoning module Android_ETC2TargetPlatform (34)
[2019.01.06-10.31.02:858][690]LogModuleManager: Shutting down and abandoning module Android_ETC1TargetPlatform (33)
[2019.01.06-10.31.02:858][690]LogModuleManager: Shutting down and abandoning module Android_DXTTargetPlatform (32)
[2019.01.06-10.31.02:858][690]LogModuleManager: Shutting down and abandoning module Android_ATCTargetPlatform (31)
[2019.01.06-10.31.02:858][690]LogModuleManager: Shutting down and abandoning module Android_ASTCTargetPlatform (30)
[2019.01.06-10.31.02:858][690]LogModuleManager: Shutting down and abandoning module AndroidTargetPlatform (29)
[2019.01.06-10.31.02:858][690]LogModuleManager: Shutting down and abandoning module WindowsTargetPlatform (28)
[2019.01.06-10.31.02:858][690]LogModuleManager: Shutting down and abandoning module WindowsServerTargetPlatform (27)
[2019.01.06-10.31.02:858][690]LogModuleManager: Shutting down and abandoning module WindowsNoEditorTargetPlatform (26)
[2019.01.06-10.31.02:858][690]LogModuleManager: Shutting down and abandoning module WindowsClientTargetPlatform (25)
[2019.01.06-10.31.02:858][690]LogModuleManager: Shutting down and abandoning module AllDesktopTargetPlatform (24)
[2019.01.06-10.31.02:858][690]LogModuleManager: Shutting down and abandoning module TargetPlatform (23)
[2019.01.06-10.31.02:858][690]LogModuleManager: Shutting down and abandoning module InputCore (22)
[2019.01.06-10.31.02:858][690]LogModuleManager: Shutting down and abandoning module Settings (21)
[2019.01.06-10.31.02:858][690]LogModuleManager: Shutting down and abandoning module OnlineSubsystem (19)
[2019.01.06-10.31.02:858][690]LogModuleManager: Shutting down and abandoning module HTTP (18)
[2019.01.06-10.31.04:860][690]LogModuleManager: Shutting down and abandoning module XMPP (17)
[2019.01.06-10.31.04:888][690]LogModuleManager: Shutting down and abandoning module OculusRift (16)
[2019.01.06-10.31.04:888][690]LogModuleManager: Shutting down and abandoning module ExampleDeviceProfileSelector (15)
[2019.01.06-10.31.04:888][690]LogModuleManager: Shutting down and abandoning module TextureCompressor (14)
[2019.01.06-10.31.04:888][690]LogModuleManager: Shutting down and abandoning module ShaderCore (13)
[2019.01.06-10.31.04:888][690]LogModuleManager: Shutting down and abandoning module Landscape (12)
[2019.01.06-10.31.04:888][690]LogModuleManager: Shutting down and abandoning module SlateRHIRenderer (11)
[2019.01.06-10.31.04:889][690]LogModuleManager: Shutting down and abandoning module OpenGLDrv (10)
[2019.01.06-10.31.04:889][690]LogModuleManager: Shutting down and abandoning module D3D11RHI (9)
[2019.01.06-10.31.04:889][690]LogModuleManager: Shutting down and abandoning module AnimGraphRuntime (8)
[2019.01.06-10.31.04:889][690]LogModuleManager: Shutting down and abandoning module Renderer (7)
[2019.01.06-10.31.04:890][690]LogModuleManager: Shutting down and abandoning module Engine (6)
[2019.01.06-10.31.04:890][690]LogModuleManager: Shutting down and abandoning module CoreUObject (5)
[2019.01.06-10.31.04:890][690]LogModuleManager: Shutting down and abandoning module NetworkFile (4)
[2019.01.06-10.31.04:890][690]LogModuleManager: Shutting down and abandoning module StreamingFile (3)
[2019.01.06-10.31.04:890][690]LogModuleManager: Shutting down and abandoning module SandboxFile (2)
[2019.01.06-10.31.04:890][690]LogModuleManager: Shutting down and abandoning module PakFile (1)
[2019.01.06-10.31.04:891][690]LogExit: Exiting.
[2019.01.06-10.31.04:893][690]Log file closed, 01/06/19 18:31:04
