Log file open, 12/28/18 20:46:24
LogInit:Display: Running engine for game: TopDownMiniGame
LogPlatformFile: Not using cached read wrapper
LogInit:Display: RandInit(479836691) SRandInit(479836695).
LogTaskGraph: Started task graph with 4 named threads and 5 total threads.
LogStats: Stats thread started at 1.532010
LogInit: Version: 4.11.2-2946394+++UE4+Release-4.11
LogInit: API Version: 2927265
LogInit: Compiled (64-bit): Apr 18 2016 02:18:46
LogInit: Compiled with Visual C++: 19.00.23026.00
LogInit: Build Configuration: Development
LogInit: Branch Name: ++UE4+Release-4.11
LogInit: Command line:  
LogInit: Base directory: D:/UE_4.11/Engine/Binaries/Win64/
LogInit: Installed Engine Build: 1
LogInit: Using libcurl 7.41.0
LogInit:  - built for x86_64-pc-win32
LogInit:  - supports SSL with WinSSL
LogInit:  - other features:
LogInit:      CURL_VERSION_SSL
LogInit:      CURL_VERSION_IPV6
LogInit:      CURL_VERSION_ASYNCHDNS
LogInit:      CURL_VERSION_LARGEFILE
LogInit:      CURL_VERSION_IDN
LogInit:  CurlRequestOptions (configurable via config and command line):
LogInit:  - bVerifyPeer = true  - Libcurl will verify peer certificate
LogInit:  - bUseHttpProxy = false  - Libcurl will NOT use HTTP proxy
LogInit:  - bDontReuseConnections = false  - Libcurl will reuse connections
LogInit:  - CertBundlePath = nullptr  - Libcurl will use whatever was configured at build time.
LogInit: Presizing for max 16777216 objects, including 0 objects not considered by GC, pre-allocating 0 bytes for permanent pool.
LogInit: Object subsystem initialized
[2018.12.28-12.46.25:316][  0]LogInit: Selected Device Profile: [Windows]
[2018.12.28-12.46.25:316][  0]LogInit: Applying CVar settings loaded from the selected device profile: [Windows]
[2018.12.28-12.46.25:396][  0]LogInit: Computer: 1-ПК
[2018.12.28-12.46.25:396][  0]LogInit: User: 1
[2018.12.28-12.46.25:396][  0]LogInit: CPU Page size=65536, Cores=2
[2018.12.28-12.46.25:396][  0]LogInit: High frequency timer resolution =2.338496 MHz
[2018.12.28-12.46.25:397][  0]LogMemory: Memory total: Physical=3.9GB (4GB approx)
[2018.12.28-12.46.25:397][  0]LogMemory: Platform Memory Stats for Windows
[2018.12.28-12.46.25:397][  0]LogMemory: Process Physical Memory: 315.37 MB used, 315.37 MB peak
[2018.12.28-12.46.25:397][  0]LogMemory: Process Virtual Memory: 316.05 MB used, 316.05 MB peak
[2018.12.28-12.46.25:397][  0]LogMemory: Physical Memory: 3343.06 MB used, 4010.14 MB total
[2018.12.28-12.46.25:397][  0]LogMemory: Virtual Memory: 623.40 MB used, 8388608.00 MB total
[2018.12.28-12.46.34:139][  0]LogTextLocalizationManager: No translations for ('ru-RU') exist, falling back to 'en' for localization and internationalization data.
[2018.12.28-12.46.36:832][  0]LogD3D11RHI: D3D11 adapters:
[2018.12.28-12.46.37:859][  0]LogD3D11RHI:    0. 'NVIDIA GeForce 410M' (Feature Level 11_0)
[2018.12.28-12.46.37:859][  0]LogD3D11RHI:       979MB of dedicated video memory, 0MB of dedicated system memory, and 1749MB of shared system memory, 1 output[s]
[2018.12.28-12.46.37:890][  0]LogD3D11RHI:    1. 'NVIDIA GeForce 410M' (Feature Level 11_0)
[2018.12.28-12.46.37:890][  0]LogD3D11RHI:       979MB of dedicated video memory, 0MB of dedicated system memory, and 1749MB of shared system memory, 0 output[s]
[2018.12.28-12.46.37:890][  0]LogD3D11RHI: Chosen D3D11 Adapter: 0
[2018.12.28-12.46.37:903][  0]LogD3D11RHI: Creating new Direct3DDevice
[2018.12.28-12.46.37:904][  0]LogD3D11RHI:     Adapter Name: Intel(R) HD Graphics 3000
[2018.12.28-12.46.37:904][  0]LogD3D11RHI:   Driver Version: Unknown (internal Unknown)
[2018.12.28-12.46.37:904][  0]LogD3D11RHI:      Driver Date: Unknown
[2018.12.28-12.46.37:904][  0]LogRHI: Texture pool is 1297 MB (70% of 1854 MB)
[2018.12.28-12.46.37:928][  0]LogD3D11RHI: Async texture creation enabled
[2018.12.28-12.46.37:957][  0]LogShaderCompilers: Guid format shader working directory is -7 characters bigger than the processId version (../../../../sergey/UnrealProjects/TopDownMiniGame/Intermediate/Shaders/WorkingDirectory/3940/).
[2018.12.28-12.46.37:958][  0]LogShaderCompilers: Cleaned the shader compiler working directory 'C:/Users/1/AppData/Local/Temp/UnrealShaderWorkingDir/A5820F6343B389B4D278E8BFC771FD65/'.
[2018.12.28-12.46.37:958][  0]LogShaderCompilers:Display: Using Local Shader Compiler.
[2018.12.28-12.47.10:051][  0]LogTemp:Display: Loaded TP AllDesktopTargetPlatform
[2018.12.28-12.47.10:078][  0]LogTemp:Display: Loaded TP WindowsClientTargetPlatform
[2018.12.28-12.47.10:097][  0]LogTemp:Display: Loaded TP WindowsNoEditorTargetPlatform
[2018.12.28-12.47.10:132][  0]LogTemp:Display: Loaded TP WindowsServerTargetPlatform
[2018.12.28-12.47.10:201][  0]LogTemp:Display: Loaded TP WindowsTargetPlatform
[2018.12.28-12.47.10:225][  0]LogTemp:Display: Loaded TP AndroidTargetPlatform
[2018.12.28-12.47.10:237][  0]LogTemp:Display: Loaded TP Android_ASTCTargetPlatform
[2018.12.28-12.47.10:255][  0]LogTemp:Display: Loaded TP Android_ATCTargetPlatform
[2018.12.28-12.47.10:284][  0]LogTemp:Display: Loaded TP Android_DXTTargetPlatform
[2018.12.28-12.47.10:303][  0]LogTemp:Display: Loaded TP Android_ETC1TargetPlatform
[2018.12.28-12.47.10:386][  0]LogTemp:Display: Loaded TP Android_ETC2TargetPlatform
[2018.12.28-12.47.10:484][  0]LogTemp:Display: Loaded TP Android_MultiTargetPlatform
[2018.12.28-12.47.10:484][  0]LogTemp:Display: Loaded TP Android_PVRTCTargetPlatform
[2018.12.28-12.47.10:607][  0]LogTemp:Display: Loaded TP HTML5TargetPlatform
[2018.12.28-12.47.11:033][  0]LogTemp:Display: Loaded TP IOSTargetPlatform
[2018.12.28-12.47.11:047][  0]LogTemp:Display: Loaded TP TVOSTargetPlatform
[2018.12.28-12.47.11:117][  0]LogTemp:Display: Loaded TP LinuxNoEditorTargetPlatform
[2018.12.28-12.47.11:184][  0]LogTemp:Display: Loaded TP LinuxServerTargetPlatform
[2018.12.28-12.47.11:297][  0]LogTemp:Display: Loaded TP LinuxTargetPlatform
[2018.12.28-12.47.11:297][  0]LogTargetPlatformManager:Display: Building Assets For Windows
[2018.12.28-12.47.12:638][  0]LogDerivedDataCache:Display: Max Cache Size: 512 MB
[2018.12.28-12.47.13:589][  0]LogDerivedDataCache: Loaded boot cache 0.93s 46MB C:/Users/1/AppData/Local/UnrealEngine/4.11/DerivedDataCache/Boot.ddc.
[2018.12.28-12.47.13:589][  0]LogDerivedDataCache:Display: Loaded Boot cache: C:/Users/1/AppData/Local/UnrealEngine/4.11/DerivedDataCache/Boot.ddc
[2018.12.28-12.47.13:590][  0]LogDerivedDataCache: FDerivedDataBackendGraph:  Pak pak cache file ../../../../sergey/UnrealProjects/TopDownMiniGame/DerivedDataCache/DDC.ddp not found, will not use a pak cache.
[2018.12.28-12.47.13:590][  0]LogDerivedDataCache: Unable to find inner node Pak for hierarchical cache Hierarchy.
[2018.12.28-12.47.13:590][  0]LogDerivedDataCache: FDerivedDataBackendGraph:  CompressedPak pak cache file ../../../../sergey/UnrealProjects/TopDownMiniGame/DerivedDataCache/Compressed.ddp not found, will not use a pak cache.
[2018.12.28-12.47.13:590][  0]LogDerivedDataCache: Unable to find inner node CompressedPak for hierarchical cache Hierarchy.
[2018.12.28-12.47.13:639][  0]LogDerivedDataCache:Display: Pak cache opened for reading ../../../Engine/DerivedDataCache/Compressed.ddp.
[2018.12.28-12.47.13:659][  0]LogDerivedDataCache: Using Local data cache path C:/Users/1/AppData/Local/UnrealEngine/Common/DerivedDataCache: Writable
[2018.12.28-12.47.21:862][  0]LogInit: Selected Device Profile: [Windows]
[2018.12.28-12.47.21:863][  0]LogContentStreaming: Texture pool size is 0.00 MB
[2018.12.28-12.47.21:994][  0]LogMaterial: Uniform references updated for custom material expression Custom.
[2018.12.28-12.47.23:012][  0]LogMeshUtilities: No automatic mesh reduction module available
[2018.12.28-12.47.23:012][  0]LogMeshUtilities: No automatic mesh merging module available
[2018.12.28-12.47.23:012][  0]LogMeshUtilities: No distributed automatic mesh merging module available
[2018.12.28-12.47.25:773][  0]LogUObjectArray: 27679 objects as part of root set at end of initial load.
[2018.12.28-12.47.25:773][  0]LogUObjectAllocator: 5591600 out of 0 bytes used by permanent object pool.
[2018.12.28-12.47.25:773][  0]LogUObjectArray: CloseDisregardForGC: 0/0 objects in disregard for GC pool
[2018.12.28-12.47.25:792][  0]LogInit: WinSock: version 1.1 (2.2), MaxSocks=32767, MaxUdp=65467
[2018.12.28-12.47.30:111][  0]LogSlate: SlateFontCache - WITH_FREETYPE: 1, WITH_HARFBUZZ: 1
[2018.12.28-12.47.30:111][  0]LogSlate: SlateFontCache - WITH_FREETYPE: 1, WITH_HARFBUZZ: 1
[2018.12.28-12.47.38:037][  0]LogStreaming:Warning: Failed to read file '../../../Engine/Content/Editor/Slate/Common/Selection_16x.png' error.
[2018.12.28-12.47.38:037][  0]LogSlate: Could not find file for Slate resource: ../../../Engine/Content/Editor/Slate/Common/Selection_16x.png
[2018.12.28-12.47.38:037][  0]LogStreaming:Warning: Failed to read file '../../../Engine/Content/Editor/Slate/Common/Selection_16x.png' error.
[2018.12.28-12.47.38:037][  0]LogSlate: Could not find file for Slate resource: ../../../Engine/Content/Editor/Slate/Common/Selection_16x.png
[2018.12.28-12.47.38:037][  0]LogStreaming:Warning: Failed to read file '../../../Engine/Content/Editor/Slate/Common/Selection_16x.png' error.
[2018.12.28-12.47.38:037][  0]LogSlate: Could not find file for Slate resource: ../../../Engine/Content/Editor/Slate/Common/Selection_16x.png
[2018.12.28-12.47.51:090][  0]LogUdpMessaging: Initializing bridge on interface 0.0.0.0:0 to multicast group 230.0.0.1:6666.
[2018.12.28-12.47.51:519][  0]LogAssetRegistry: FAssetRegistry took 0.0226 seconds to start up
[2018.12.28-12.47.52:413][  0]SourceControl: Info Source control is disabled
[2018.12.28-12.47.52:416][  0]SourceControl: Info Source control is disabled
[2018.12.28-12.47.52:511][  0]SourceControl: Info Source control is disabled
[2018.12.28-12.47.52:615][  0]SourceControl: Info Source control is disabled
[2018.12.28-12.47.54:333][  0]LogHMD: Failed to initialize OpenVR with code 110
[2018.12.28-12.47.54:702][  0]LogEngine: Initializing Engine...
[2018.12.28-12.47.55:416][  0]LogAIModule: Creating AISystem for world NewWorld
[2018.12.28-12.47.55:778][  0]LogInit: XAudio2 using 'Динамики (Устройство с поддержкой High Definition Audio)' : 2 channels at 44.1 kHz using 16 bits per sample (channel mask 0x3)
[2018.12.28-12.47.55:988][  0]LogInit: FAudioDevice initialized.
[2018.12.28-12.47.56:123][  0]LogDerivedDataCache: Saved boot cache 0.14s 46MB C:/Users/1/AppData/Local/UnrealEngine/4.11/DerivedDataCache/Boot.ddc.
[2018.12.28-12.47.56:145][  0]LogInit: Texture streaming: Enabled
[2018.12.28-12.47.56:448][  0]LogInit: Transaction tracking system initialized
[2018.12.28-12.47.56:593][  0]BlueprintLog: New page: Editor Load
[2018.12.28-12.47.57:634][  0]LocalizationService: Info Localization service is disabled
[2018.12.28-12.48.00:451][  0]LogConsoleResponse:Display: 
[2018.12.28-12.48.04:781][  0]LogCook:Display: Max memory allowance for cook 8192mb
[2018.12.28-12.48.04:781][  0]LogCook:Display: Mobile HDR setting 1
[2018.12.28-12.48.04:781][  0]LogCook:Display: Done creating registry. It took  0.00s.
[2018.12.28-12.48.05:761][  0]LogFileCache: Scanning file cache for directory 'D:/sergey/UnrealProjects/TopDownMiniGame/Content/' took 0.02s
[2018.12.28-12.48.05:929][  0]SourceControl: Info Source control is disabled
[2018.12.28-12.48.05:929][  0]Cmd: MAP LOAD FILE="../../../../sergey/UnrealProjects/TopDownMiniGame/Content/TopDownBP/Maps/TopDownExampleMap.umap" TEMPLATE=0 SHOWPROGRESS=1 FEATURELEVEL=3
[2018.12.28-12.48.05:933][  0]LightingResults: New page: Lighting Build
[2018.12.28-12.48.05:945][  0]MapCheck: New page: Map Check
[2018.12.28-12.48.05:945][  0]LightingResults: New page: Lighting Build
[2018.12.28-12.48.11:232][  0]LogAIModule: Creating AISystem for world TopDownExampleMap
[2018.12.28-12.48.11:542][  0]LogEditorServer: Finished looking for orphan Actors (0.000 secs)
[2018.12.28-12.48.11:550][  0]Cmd: MAP CHECKDEP NOCLEARLOG
[2018.12.28-12.48.11:672][  0]MapCheck: Info Map check complete: 0 Error(s), 0 Warning(s), took 121.506ms to complete.
[2018.12.28-12.48.11:672][  0]LogFileHelpers: Loading map 'TopDownExampleMap' took 5.743
[2018.12.28-12.48.12:049][  0]LogCollectionManager: Loaded 0 collections in 0.003261 seconds
[2018.12.28-12.48.12:092][  0]LogFileCache: Scanning file cache for directory 'D:/sergey/UnrealProjects/TopDownMiniGame/Saved/Collections/' took 0.01s
[2018.12.28-12.48.12:092][  0]LogFileCache: Scanning file cache for directory 'D:/sergey/UnrealProjects/TopDownMiniGame/Content/Developers/1/Collections/' took 0.01s
[2018.12.28-12.48.12:092][  0]LogFileCache: Scanning file cache for directory 'D:/sergey/UnrealProjects/TopDownMiniGame/Content/Collections/' took 0.01s
[2018.12.28-12.48.12:092][  0]LogCollectionManager: Rebuilt the GUID cache for 0 collections in 0.000008 seconds
[2018.12.28-12.48.12:119][  0]LogContentBrowser: Native class hierarchy populated in 0.0265 seconds. Added 1979 classes and 343 folders.
[2018.12.28-12.48.12:132][  0]LogStats: UGameplayTagsManager::ConstructGameplayTagTree: Construct from data asset -  0.000 s
[2018.12.28-12.48.12:132][  0]LogStats: UGameplayTagsManager::ConstructGameplayTagTree: GameplayTagTreeChangedEvent.Broadcast -  0.000 s
[2018.12.28-12.48.12:133][  0]LogContentBrowser: Native class hierarchy updated for 'GameplayTags' in 0.0009 seconds. Added 12 classes and 0 folders.
[2018.12.28-12.48.12:145][  0]LogContentBrowser: Native class hierarchy updated for 'WidgetCarousel' in 0.0007 seconds. Added 0 classes and 0 folders.
[2018.12.28-12.48.12:318][  0]LogContentBrowser: Native class hierarchy updated for 'SuperSearch' in 0.0007 seconds. Added 1 classes and 2 folders.
[2018.12.28-12.48.13:668][  0]LogContentBrowser: Native class hierarchy updated for 'AddContentDialog' in 0.0007 seconds. Added 0 classes and 0 folders.
[2018.12.28-12.48.13:707][  0]LogContentBrowser: Native class hierarchy updated for 'SceneOutliner' in 0.0013 seconds. Added 1 classes and 2 folders.
[2018.12.28-12.48.13:770][  0]LogCrashTracker: Crashtracker disabled due to settings.
[2018.12.28-12.48.13:778][  0]LogUObjectGlobals:Warning: Failed to find object 'Class None.'
[2018.12.28-12.48.13:868][  0]LogContentBrowser: Native class hierarchy updated for 'HierarchicalLODOutliner' in 0.0063 seconds. Added 1 classes and 2 folders.
[2018.12.28-12.48.13:869][  0]LogLoad: Full Startup: 121.50 seconds (BP compile: 1.28 seconds)
[2018.12.28-12.48.13:869][  0]LogExternalProfiler: Found external profiler: VSPerf
[2018.12.28-12.48.13:869][  0]LogExternalProfiler: Using external profiler: VSPerf
[2018.12.28-12.48.14:208][  0]LogOcInput: OculusInput pre-init called
[2018.12.28-12.48.14:317][  0]LogContentStreaming: Texture pool size now 200 MB
[2018.12.28-12.48.14:819][  0]LogRenderer: Reallocating scene render targets to support 856x408 (Frame:2).
[2018.12.28-12.48.15:109][  1]Cmd: UpdateLandscapeEditorData -warnings
[2018.12.28-12.48.15:802][  3]LogAssetRegistry: Asset discovery search completed in 24.3046 seconds
[2018.12.28-12.48.15:802][  3]LogCollectionManager: Rebuilt the object cache for 0 collections in 0.000001 seconds (found 0 objects)
[2018.12.28-12.48.15:802][  3]LogCollectionManager: Fixed up redirectors for 0 collections in 0.000049 seconds (updated 0 objects)
[2018.12.28-12.49.04:187][478]LogEditorActor: Deleted Actor: NavMeshBoundsVolume
[2018.12.28-12.49.04:297][478]LogEditorActor: Deleted 1 Actors (0.164 secs)
[2018.12.28-12.49.07:208][562]LogSavePackage: Save=1162.04ms
[2018.12.28-12.49.07:208][562]LogSavePackage: Moving '../../../../sergey/UnrealProjects/TopDownMiniGame/Saved/TopDownExampleMap2BC484BE4EE045E50D12BBADD1D86920.tmp' to '../../../../sergey/UnrealProjects/TopDownMiniGame/Content/TopDownBP/Maps/TopDownExampleMap.umap'
[2018.12.28-12.49.07:382][562]LogSavePackage: Total save time: 1341.59ms
[2018.12.28-12.49.07:382][562]LogSavePackage:Display: Finished SavePackage ../../../../sergey/UnrealProjects/TopDownMiniGame/Content/TopDownBP/Maps/TopDownExampleMap.umap
[2018.12.28-12.49.07:446][562]LogFileHelpers: Saving map 'TopDownExampleMap' took 1.570
[2018.12.28-12.49.09:929][622]LogTexture:Display: Building textures: Texture2D_2 (G8)
[2018.12.28-12.50.51:859][524]Cmd: TRANSACTION UNDO
[2018.12.28-12.50.51:859][524]LogEditorTransaction: Undo Landscape Editing: Sculpt
[2018.12.28-12.50.51:894][524]LogMaterial: 0.00 seconds spent updating 1 materials, 1 interfaces, 1 instances, 0 with static permutations.
[2018.12.28-12.50.51:897][524]LogTexture:Display: Building textures: Texture2D_3 (BGRA8)
[2018.12.28-12.50.52:080][524]PIE:Warning: Warning AttachTo: '/Game/TopDownBP/Maps/TopDownExampleMap.TopDownExampleMap:PersistentLevel.LandscapeGizmoActiveActor_0.GizmoRendererComponent0' is not static , cannot attach '/Game/TopDownBP/Maps/TopDownExampleMap.TopDownExampleMap:PersistentLevel.LandscapeGizmoActiveActor_0.RootComponent0' which is static to it. Aborting.
[2018.12.28-12.51.34:147][ 24]Cmd: TRANSACTION UNDO
[2018.12.28-12.51.34:148][ 24]LogEditorTransaction: Undo Landscape Editing: Sculpt
[2018.12.28-12.51.34:187][ 24]LogMaterial: 0.00 seconds spent updating 1 materials, 1 interfaces, 1 instances, 0 with static permutations.
[2018.12.28-12.51.34:193][ 24]LogTexture:Display: Building textures: Texture2D_3 (BGRA8)
[2018.12.28-12.51.34:218][ 24]PIE:Warning: Warning AttachTo: '/Game/TopDownBP/Maps/TopDownExampleMap.TopDownExampleMap:PersistentLevel.LandscapeGizmoActiveActor_0.GizmoRendererComponent0' is not static , cannot attach '/Game/TopDownBP/Maps/TopDownExampleMap.TopDownExampleMap:PersistentLevel.LandscapeGizmoActiveActor_0.RootComponent0' which is static to it. Aborting.
[2018.12.28-12.53.32:826][599]Cmd: STAT FPS
[2018.12.28-12.53.55:119][543]Cmd: STAT FPS
[2018.12.28-12.54.29:188][512]Cmd: TRANSACTION UNDO
[2018.12.28-12.54.29:188][512]LogEditorTransaction: Undo Landscape Editing: Sculpt
[2018.12.28-12.54.29:217][512]LogMaterial: 0.00 seconds spent updating 1 materials, 1 interfaces, 1 instances, 0 with static permutations.
[2018.12.28-12.54.29:251][512]LogTexture:Display: Building textures: Texture2D_3 (BGRA8)
[2018.12.28-12.55.32:353][ 25]Cmd: POLY SELECT ADJACENT WALLS
[2018.12.28-12.58.55:290][863]LogTexture:Display: Building textures: Texture2D_3 (BGRA8)
[2018.12.28-12.58.56:460][863]LogSavePackage: Save=1255.88ms
[2018.12.28-12.58.56:460][863]LogSavePackage: Moving '../../../../sergey/UnrealProjects/TopDownMiniGame/Saved/TopDownExampleMapF17500C24C7F3EC2DAA7A88C112779F1.tmp' to '../../../../sergey/UnrealProjects/TopDownMiniGame/Content/TopDownBP/Maps/TopDownExampleMap.umap'
[2018.12.28-12.58.56:471][863]LogSavePackage: Total save time: 1289.79ms
[2018.12.28-12.58.56:471][863]LogSavePackage:Display: Finished SavePackage ../../../../sergey/UnrealProjects/TopDownMiniGame/Content/TopDownBP/Maps/TopDownExampleMap.umap
[2018.12.28-12.58.56:584][863]LogFileHelpers: Saving map 'TopDownExampleMap' took 1.651
[2018.12.28-12.59.13:788][265]LogWindowsTextInputMethodSystem:Display: IME system now deactivated.
[2018.12.28-13.00.11:071][609]LogSavePackage: Save=1193.55ms
[2018.12.28-13.00.11:071][609]LogSavePackage: Moving '../../../../sergey/UnrealProjects/TopDownMiniGame/Saved/TopDownExampleMap3E8E32CF418AA8913E0BBFB74DD6C22A.tmp' to '../../../../sergey/UnrealProjects/TopDownMiniGame/Content/TopDownBP/Maps/TopDownExampleMap.umap'
[2018.12.28-13.00.11:078][609]LogSavePackage: Total save time: 1205.37ms
[2018.12.28-13.00.11:078][609]LogSavePackage:Display: Finished SavePackage ../../../../sergey/UnrealProjects/TopDownMiniGame/Content/TopDownBP/Maps/TopDownExampleMap.umap
[2018.12.28-13.00.11:185][609]LogFileHelpers: Saving map 'TopDownExampleMap' took 1.477
[2018.12.28-13.00.19:588][801]LogBlueprintUserMessages: Early PlayInEditor Detection: Level '/Game/TopDownBP/Maps/TopDownExampleMap.TopDownExampleMap:PersistentLevel' has LevelScriptBlueprint '/Game/TopDownBP/Maps/TopDownExampleMap.TopDownExampleMap:PersistentLevel.TopDownExampleMap' with GeneratedClass '/Game/TopDownBP/Maps/TopDownExampleMap.TopDownExampleMap_C' with ClassGeneratedBy '/Game/TopDownBP/Maps/TopDownExampleMap.TopDownExampleMap:PersistentLevel.TopDownExampleMap'
[2018.12.28-13.00.19:588][801]LogPlayLevel: PlayLevel: No blueprints needed recompiling
[2018.12.28-13.00.19:654][801]PIE: New page: PIE session: TopDownExampleMap (Dec 29, 2018, 5:00:19 AM)
[2018.12.28-13.00.19:667][801]LogPlayLevel: Creating play world package: /Game/TopDownBP/Maps/UEDPIE_0_TopDownExampleMap
[2018.12.28-13.00.19:829][801]LogPlayLevel: PIE: StaticDuplicateObject took: (0.161794s)
[2018.12.28-13.00.19:838][801]LogAIModule: Creating AISystem for world TopDownExampleMap
[2018.12.28-13.00.19:840][801]LogPlayLevel: PIE: World Init took: (0.010845s)
[2018.12.28-13.00.19:862][801]LogPlayLevel: PIE: Created PIE world by copying editor world from /Game/TopDownBP/Maps/TopDownExampleMap.TopDownExampleMap to /Game/TopDownBP/Maps/UEDPIE_0_TopDownExampleMap.TopDownExampleMap (0.195406s)
[2018.12.28-13.00.19:986][801]LogInit: XAudio2 using 'Динамики (Устройство с поддержкой High Definition Audio)' : 2 channels at 44.1 kHz using 16 bits per sample (channel mask 0x3)
[2018.12.28-13.00.20:008][801]LogInit: FAudioDevice initialized.
[2018.12.28-13.00.20:340][801]LogWorld: Game class is 'TopDownGameMode_C'
[2018.12.28-13.00.20:560][801]LogWorld: Bringing World /Game/TopDownBP/Maps/UEDPIE_0_TopDownExampleMap.TopDownExampleMap up for play (max tick rate 60) at 2018.12.28-21.00.20
[2018.12.28-13.00.20:750][801]LogWorld: Bringing up level for play took: 0.198083
[2018.12.28-13.00.21:208][801]LogContentBrowser: Native class hierarchy updated for 'MovieSceneCapture' in 0.0013 seconds. Added 9 classes and 0 folders.
[2018.12.28-13.00.21:478][801]LogBlueprintUserMessages: [Quest_Test_C_0] Соберите 5 коробок.
[2018.12.28-13.00.21:521][801]PIE: Info Play in editor start time for /Game/TopDownBP/Maps/UEDPIE_0_TopDownExampleMap 1.459
[2018.12.28-13.00.21:521][801]LogBlueprintUserMessages: Late PlayInEditor Detection: Level '/Game/TopDownBP/Maps/TopDownExampleMap.TopDownExampleMap:PersistentLevel' has LevelScriptBlueprint '/Game/TopDownBP/Maps/TopDownExampleMap.TopDownExampleMap:PersistentLevel.TopDownExampleMap' with GeneratedClass '/Game/TopDownBP/Maps/TopDownExampleMap.TopDownExampleMap_C' with ClassGeneratedBy '/Game/TopDownBP/Maps/TopDownExampleMap.TopDownExampleMap:PersistentLevel.TopDownExampleMap'
[2018.12.28-13.00.36:796][451]LogBlueprintUserMessages: [Interactable] Hello
[2018.12.28-13.00.39:577][577]LogBlueprintUserMessages: [Interactable] Hello
[2018.12.28-13.00.50:248][ 71]LogBlueprintUserMessages: [PickUpItem] Hello
[2018.12.28-13.01.05:999][776]LogBlueprintUserMessages: Early EndPlayMap Detection: Level '/Game/TopDownBP/Maps/TopDownExampleMap.TopDownExampleMap:PersistentLevel' has LevelScriptBlueprint '/Game/TopDownBP/Maps/TopDownExampleMap.TopDownExampleMap:PersistentLevel.TopDownExampleMap' with GeneratedClass '/Game/TopDownBP/Maps/TopDownExampleMap.TopDownExampleMap_C' with ClassGeneratedBy '/Game/TopDownBP/Maps/TopDownExampleMap.TopDownExampleMap:PersistentLevel.TopDownExampleMap'
[2018.12.28-13.01.06:202][776]LogBlueprintUserMessages: Late EndPlayMap Detection: Level '/Game/TopDownBP/Maps/TopDownExampleMap.TopDownExampleMap:PersistentLevel' has LevelScriptBlueprint '/Game/TopDownBP/Maps/TopDownExampleMap.TopDownExampleMap:PersistentLevel.TopDownExampleMap' with GeneratedClass '/Game/TopDownBP/Maps/TopDownExampleMap.TopDownExampleMap_C' with ClassGeneratedBy '/Game/TopDownBP/Maps/TopDownExampleMap.TopDownExampleMap:PersistentLevel.TopDownExampleMap'
[2018.12.28-13.01.15:059][974]LogEditorActor: Deleted Actor: NavMeshBoundsVolume
[2018.12.28-13.01.15:110][974]LogEditorActor: Deleted 1 Actors (0.053 secs)
[2018.12.28-13.01.17:842][ 40]LogEditorViewport: Clicking on Actor (LMB): Landscape (Landscape)
[2018.12.28-13.01.19:231][ 66]Cmd: DELETE
[2018.12.28-13.01.19:231][ 66]Cmd: ACTOR DELETE
[2018.12.28-13.01.19:232][ 66]LogEditorActor: Deleted Actor: Landscape
[2018.12.28-13.01.19:272][ 66]LogEditorActor: Deleted 1 Actors (0.041 secs)
[2018.12.28-13.01.19:288][ 67]Cmd: UpdateLandscapeEditorData
[2018.12.28-13.02.46:131][198]LogEditorViewport: Clicking on Actor (LMB): StaticMeshActor (Cube26)
[2018.12.28-13.04.07:857][114]LogMaterial: 0.00 seconds spent updating 1 materials, 1 interfaces, 1 instances, 0 with static permutations.
[2018.12.28-13.04.07:859][114]LogTexture:Display: Building textures: Texture2D_4 (BGRA8)
[2018.12.28-13.04.07:952][115]Cmd: UpdateLandscapeEditorData
[2018.12.28-13.04.37:227][808]Cmd: TRANSACTION UNDO
[2018.12.28-13.04.37:227][808]LogEditorTransaction: Undo Landscape Editing: Sculpt
[2018.12.28-13.04.37:265][808]LogMaterial: 0.00 seconds spent updating 1 materials, 1 interfaces, 1 instances, 0 with static permutations.
[2018.12.28-13.04.37:268][808]LogTexture:Display: Building textures: Texture2D_4 (BGRA8)
[2018.12.28-13.05.17:365][726]Cmd: TRANSACTION UNDO
[2018.12.28-13.05.17:365][726]LogEditorTransaction: Undo Landscape Editing: Sculpt
[2018.12.28-13.05.17:367][726]LogMaterial: 0.00 seconds spent updating 1 materials, 1 interfaces, 1 instances, 0 with static permutations.
[2018.12.28-13.05.17:370][726]LogTexture:Display: Building textures: Texture2D_4 (BGRA8)
[2018.12.28-13.05.18:041][737]Cmd: TRANSACTION UNDO
[2018.12.28-13.05.18:041][737]LogEditorTransaction: Undo Landscape Editing: Sculpt
[2018.12.28-13.05.18:090][737]LogMaterial: 0.00 seconds spent updating 1 materials, 1 interfaces, 1 instances, 0 with static permutations.
[2018.12.28-13.05.18:097][737]LogTexture:Display: Building textures: Texture2D_4 (BGRA8)
[2018.12.28-13.05.18:556][747]Cmd: TRANSACTION UNDO
[2018.12.28-13.05.18:556][747]LogEditorTransaction: Undo Landscape Editing: Sculpt
[2018.12.28-13.05.18:593][747]LogMaterial: 0.00 seconds spent updating 1 materials, 1 interfaces, 1 instances, 0 with static permutations.
[2018.12.28-13.05.18:594][747]LogTexture:Display: Building textures: Texture2D_4 (BGRA8)
[2018.12.28-13.05.19:104][759]Cmd: TRANSACTION UNDO
[2018.12.28-13.05.19:104][759]LogEditorTransaction: Undo Landscape Editing: Sculpt
[2018.12.28-13.05.19:150][759]LogMaterial: 0.00 seconds spent updating 1 materials, 1 interfaces, 1 instances, 0 with static permutations.
[2018.12.28-13.05.19:157][759]LogTexture:Display: Building textures: Texture2D_4 (BGRA8)
[2018.12.28-13.05.19:655][770]Cmd: TRANSACTION UNDO
[2018.12.28-13.05.19:656][770]LogEditorTransaction: Undo Landscape Editing: Sculpt
[2018.12.28-13.05.19:693][770]LogMaterial: 0.00 seconds spent updating 1 materials, 1 interfaces, 1 instances, 0 with static permutations.
[2018.12.28-13.05.19:695][770]LogTexture:Display: Building textures: Texture2D_4 (BGRA8)
[2018.12.28-13.05.20:569][790]Cmd: TRANSACTION UNDO
[2018.12.28-13.05.20:570][790]LogEditorTransaction: Undo Landscape Editing: Sculpt
[2018.12.28-13.05.20:603][790]LogMaterial: 0.00 seconds spent updating 1 materials, 1 interfaces, 1 instances, 0 with static permutations.
[2018.12.28-13.05.20:608][790]LogTexture:Display: Building textures: Texture2D_4 (BGRA8)
[2018.12.28-13.05.21:152][803]Cmd: TRANSACTION UNDO
[2018.12.28-13.05.21:152][803]LogEditorTransaction: Undo Landscape Editing: Sculpt
[2018.12.28-13.05.21:191][803]LogMaterial: 0.00 seconds spent updating 1 materials, 1 interfaces, 1 instances, 0 with static permutations.
[2018.12.28-13.05.21:193][803]LogTexture:Display: Building textures: Texture2D_4 (BGRA8)
[2018.12.28-13.05.21:640][814]Cmd: TRANSACTION UNDO
[2018.12.28-13.05.21:640][814]LogEditorTransaction: Undo Landscape Editing: Sculpt
[2018.12.28-13.05.21:678][814]LogMaterial: 0.00 seconds spent updating 1 materials, 1 interfaces, 1 instances, 0 with static permutations.
[2018.12.28-13.05.21:680][814]LogTexture:Display: Building textures: Texture2D_4 (BGRA8)
[2018.12.28-13.05.22:128][825]Cmd: TRANSACTION UNDO
[2018.12.28-13.05.22:128][825]LogEditorTransaction: Undo Edit Tool Strength
[2018.12.28-13.05.23:093][846]Cmd: TRANSACTION UNDO
[2018.12.28-13.05.23:093][846]LogEditorTransaction: Undo Landscape Editing: Sculpt
[2018.12.28-13.05.23:130][846]LogMaterial: 0.00 seconds spent updating 1 materials, 1 interfaces, 1 instances, 0 with static permutations.
[2018.12.28-13.05.23:132][846]LogTexture:Display: Building textures: Texture2D_4 (BGRA8)
[2018.12.28-13.05.24:074][869]Cmd: TRANSACTION UNDO
[2018.12.28-13.05.24:074][869]LogEditorTransaction: Undo Landscape Editing: Sculpt
[2018.12.28-13.05.24:130][869]LogMaterial: 0.00 seconds spent updating 1 materials, 1 interfaces, 1 instances, 0 with static permutations.
[2018.12.28-13.05.24:138][869]LogTexture:Display: Building textures: Texture2D_4 (BGRA8)
[2018.12.28-13.05.24:975][888]Cmd: TRANSACTION UNDO
[2018.12.28-13.05.24:975][888]LogEditorTransaction: Undo Landscape Editing: Sculpt
[2018.12.28-13.05.25:024][888]LogMaterial: 0.00 seconds spent updating 1 materials, 1 interfaces, 1 instances, 0 with static permutations.
[2018.12.28-13.05.25:032][888]LogTexture:Display: Building textures: Texture2D_4 (BGRA8)
[2018.12.28-13.05.38:810][210]Cmd: TRANSACTION UNDO
[2018.12.28-13.05.38:810][210]LogEditorTransaction: Undo Landscape Editing: Sculpt
[2018.12.28-13.05.38:813][210]LogMaterial: 0.00 seconds spent updating 1 materials, 1 interfaces, 1 instances, 0 with static permutations.
[2018.12.28-13.05.38:816][210]LogTexture:Display: Building textures: Texture2D_4 (BGRA8)
[2018.12.28-13.05.41:045][253]Cmd: TRANSACTION UNDO
[2018.12.28-13.05.41:045][253]LogEditorTransaction: Undo Landscape Editing: Sculpt
[2018.12.28-13.05.41:047][253]LogMaterial: 0.00 seconds spent updating 1 materials, 1 interfaces, 1 instances, 0 with static permutations.
[2018.12.28-13.05.41:076][253]LogTexture:Display: Building textures: Texture2D_4 (BGRA8)
[2018.12.28-13.07.40:250][926]LogTexture:Display: Building textures: Texture2D_4 (BGRA8)
[2018.12.28-13.07.41:518][926]LogSavePackage: Save=1371.29ms
[2018.12.28-13.07.41:519][926]LogSavePackage: Moving '../../../../sergey/UnrealProjects/TopDownMiniGame/Saved/TopDownExampleMapDAD4EC2144EFE6693E2AF0A2BB597B89.tmp' to '../../../../sergey/UnrealProjects/TopDownMiniGame/Content/TopDownBP/Maps/TopDownExampleMap.umap'
[2018.12.28-13.07.41:526][926]LogSavePackage: Total save time: 1408.51ms
[2018.12.28-13.07.41:526][926]LogSavePackage:Display: Finished SavePackage ../../../../sergey/UnrealProjects/TopDownMiniGame/Content/TopDownBP/Maps/TopDownExampleMap.umap
[2018.12.28-13.07.41:610][926]LogFileHelpers: Saving map 'TopDownExampleMap' took 1.655
[2018.12.28-13.08.14:630][632]LogSavePackage: Save=1338.84ms
[2018.12.28-13.08.14:630][632]LogSavePackage: Moving '../../../../sergey/UnrealProjects/TopDownMiniGame/Saved/TopDownExampleMap44A6C9D94A2FA161BE06FEACD62E93DB.tmp' to '../../../../sergey/UnrealProjects/TopDownMiniGame/Content/TopDownBP/Maps/TopDownExampleMap.umap'
[2018.12.28-13.08.14:641][632]LogSavePackage: Total save time: 1353.70ms
[2018.12.28-13.08.14:641][632]LogSavePackage:Display: Finished SavePackage ../../../../sergey/UnrealProjects/TopDownMiniGame/Content/TopDownBP/Maps/TopDownExampleMap.umap
[2018.12.28-13.08.14:742][632]LogFileHelpers: Saving map 'TopDownExampleMap' took 1.596
[2018.12.28-13.08.14:769][633]Cmd: UpdateLandscapeEditorData
[2018.12.28-13.08.19:586][730]LogTexture:Display: Building textures: Texture2D_5 (BGRA8)
[2018.12.28-13.08.19:592][730]LogTexture:Display: Building textures: Texture2D_5 (BGRA8)
[2018.12.28-13.08.25:085][776]LogBlueprintUserMessages: Early PlayInEditor Detection: Level '/Game/TopDownBP/Maps/TopDownExampleMap.TopDownExampleMap:PersistentLevel' has LevelScriptBlueprint '/Game/TopDownBP/Maps/TopDownExampleMap.TopDownExampleMap:PersistentLevel.TopDownExampleMap' with GeneratedClass '/Game/TopDownBP/Maps/TopDownExampleMap.TopDownExampleMap_C' with ClassGeneratedBy '/Game/TopDownBP/Maps/TopDownExampleMap.TopDownExampleMap:PersistentLevel.TopDownExampleMap'
[2018.12.28-13.08.25:085][776]LogPlayLevel: PlayLevel: No blueprints needed recompiling
[2018.12.28-13.08.25:085][776]PIE: New page: PIE session: TopDownExampleMap (Dec 29, 2018, 5:08:25 AM)
[2018.12.28-13.08.25:085][776]LogPlayLevel: Creating play world package: /Game/TopDownBP/Maps/UEDPIE_0_TopDownExampleMap
[2018.12.28-13.08.25:150][776]LogPlayLevel: PIE: StaticDuplicateObject took: (0.064664s)
[2018.12.28-13.08.25:152][776]LogAIModule: Creating AISystem for world TopDownExampleMap
[2018.12.28-13.08.25:152][776]LogPlayLevel: PIE: World Init took: (0.002076s)
[2018.12.28-13.08.25:152][776]LogPlayLevel: PIE: Created PIE world by copying editor world from /Game/TopDownBP/Maps/TopDownExampleMap.TopDownExampleMap to /Game/TopDownBP/Maps/UEDPIE_0_TopDownExampleMap.TopDownExampleMap (0.067316s)
[2018.12.28-13.08.25:214][776]LogInit: XAudio2 using 'Динамики (Устройство с поддержкой High Definition Audio)' : 2 channels at 44.1 kHz using 16 bits per sample (channel mask 0x3)
[2018.12.28-13.08.25:233][776]LogInit: FAudioDevice initialized.
[2018.12.28-13.08.25:265][776]LogWorld: Game class is 'TopDownGameMode_C'
[2018.12.28-13.08.25:278][776]LogWorld: Bringing World /Game/TopDownBP/Maps/UEDPIE_0_TopDownExampleMap.TopDownExampleMap up for play (max tick rate 60) at 2018.12.28-21.08.25
[2018.12.28-13.08.25:279][776]LogWorld: Bringing up level for play took: 0.013093
[2018.12.28-13.08.25:282][776]LogBlueprintUserMessages: [Quest_Test_C_1] Соберите 5 коробок.
[2018.12.28-13.08.25:282][776]PIE: Info Play in editor start time for /Game/TopDownBP/Maps/UEDPIE_0_TopDownExampleMap -0.791
[2018.12.28-13.08.25:282][776]LogBlueprintUserMessages: Late PlayInEditor Detection: Level '/Game/TopDownBP/Maps/TopDownExampleMap.TopDownExampleMap:PersistentLevel' has LevelScriptBlueprint '/Game/TopDownBP/Maps/TopDownExampleMap.TopDownExampleMap:PersistentLevel.TopDownExampleMap' with GeneratedClass '/Game/TopDownBP/Maps/TopDownExampleMap.TopDownExampleMap_C' with ClassGeneratedBy '/Game/TopDownBP/Maps/TopDownExampleMap.TopDownExampleMap:PersistentLevel.TopDownExampleMap'
[2018.12.28-13.08.40:063][495]LogBlueprintUserMessages: [Interactable] Hello
[2018.12.28-13.08.41:040][542]LogBlueprintUserMessages: [Interactable] Hello
[2018.12.28-13.08.42:138][593]LogBlueprintUserMessages: [Interactable] Hello
[2018.12.28-13.08.48:686][905]LogBlueprintUserMessages: Early EndPlayMap Detection: Level '/Game/TopDownBP/Maps/TopDownExampleMap.TopDownExampleMap:PersistentLevel' has LevelScriptBlueprint '/Game/TopDownBP/Maps/TopDownExampleMap.TopDownExampleMap:PersistentLevel.TopDownExampleMap' with GeneratedClass '/Game/TopDownBP/Maps/TopDownExampleMap.TopDownExampleMap_C' with ClassGeneratedBy '/Game/TopDownBP/Maps/TopDownExampleMap.TopDownExampleMap:PersistentLevel.TopDownExampleMap'
[2018.12.28-13.08.48:760][905]LogBlueprintUserMessages: Late EndPlayMap Detection: Level '/Game/TopDownBP/Maps/TopDownExampleMap.TopDownExampleMap:PersistentLevel' has LevelScriptBlueprint '/Game/TopDownBP/Maps/TopDownExampleMap.TopDownExampleMap:PersistentLevel.TopDownExampleMap' with GeneratedClass '/Game/TopDownBP/Maps/TopDownExampleMap.TopDownExampleMap_C' with ClassGeneratedBy '/Game/TopDownBP/Maps/TopDownExampleMap.TopDownExampleMap:PersistentLevel.TopDownExampleMap'
[2018.12.28-13.08.49:511][930]LogBlueprintUserMessages: Early PlayInEditor Detection: Level '/Game/TopDownBP/Maps/TopDownExampleMap.TopDownExampleMap:PersistentLevel' has LevelScriptBlueprint '/Game/TopDownBP/Maps/TopDownExampleMap.TopDownExampleMap:PersistentLevel.TopDownExampleMap' with GeneratedClass '/Game/TopDownBP/Maps/TopDownExampleMap.TopDownExampleMap_C' with ClassGeneratedBy '/Game/TopDownBP/Maps/TopDownExampleMap.TopDownExampleMap:PersistentLevel.TopDownExampleMap'
[2018.12.28-13.08.49:511][930]LogPlayLevel: PlayLevel: No blueprints needed recompiling
[2018.12.28-13.08.49:511][930]PIE: New page: PIE session: TopDownExampleMap (Dec 29, 2018, 5:08:49 AM)
[2018.12.28-13.08.49:511][930]LogPlayLevel: Creating play world package: /Game/TopDownBP/Maps/UEDPIE_0_TopDownExampleMap
[2018.12.28-13.08.49:586][930]LogPlayLevel: PIE: StaticDuplicateObject took: (0.074753s)
[2018.12.28-13.08.49:587][930]LogAIModule: Creating AISystem for world TopDownExampleMap
[2018.12.28-13.08.49:588][930]LogPlayLevel: PIE: World Init took: (0.001736s)
[2018.12.28-13.08.49:588][930]LogPlayLevel: PIE: Created PIE world by copying editor world from /Game/TopDownBP/Maps/TopDownExampleMap.TopDownExampleMap to /Game/TopDownBP/Maps/UEDPIE_0_TopDownExampleMap.TopDownExampleMap (0.076917s)
[2018.12.28-13.08.49:642][930]LogInit: XAudio2 using 'Динамики (Устройство с поддержкой High Definition Audio)' : 2 channels at 44.1 kHz using 16 bits per sample (channel mask 0x3)
[2018.12.28-13.08.49:661][930]LogInit: FAudioDevice initialized.
[2018.12.28-13.08.49:702][930]LogWorld: Game class is 'TopDownGameMode_C'
[2018.12.28-13.08.49:721][930]LogWorld: Bringing World /Game/TopDownBP/Maps/UEDPIE_0_TopDownExampleMap.TopDownExampleMap up for play (max tick rate 60) at 2018.12.28-21.08.49
[2018.12.28-13.08.49:722][930]LogWorld: Bringing up level for play took: 0.018419
[2018.12.28-13.08.49:727][930]LogBlueprintUserMessages: [Quest_Test_C_2] Соберите 5 коробок.
[2018.12.28-13.08.49:727][930]PIE: Info Play in editor start time for /Game/TopDownBP/Maps/UEDPIE_0_TopDownExampleMap -0.347
[2018.12.28-13.08.49:727][930]LogBlueprintUserMessages: Late PlayInEditor Detection: Level '/Game/TopDownBP/Maps/TopDownExampleMap.TopDownExampleMap:PersistentLevel' has LevelScriptBlueprint '/Game/TopDownBP/Maps/TopDownExampleMap.TopDownExampleMap:PersistentLevel.TopDownExampleMap' with GeneratedClass '/Game/TopDownBP/Maps/TopDownExampleMap.TopDownExampleMap_C' with ClassGeneratedBy '/Game/TopDownBP/Maps/TopDownExampleMap.TopDownExampleMap:PersistentLevel.TopDownExampleMap'
[2018.12.28-13.08.51:536][ 10]LogBlueprintUserMessages: [Interactable] Hello
[2018.12.28-13.08.52:018][ 32]LogBlueprintUserMessages: [Interactable] Hello
[2018.12.28-13.08.52:578][ 57]LogBlueprintUserMessages: [Interactable] Hello
[2018.12.28-13.09.02:707][559]LogBlueprintUserMessages: Early EndPlayMap Detection: Level '/Game/TopDownBP/Maps/TopDownExampleMap.TopDownExampleMap:PersistentLevel' has LevelScriptBlueprint '/Game/TopDownBP/Maps/TopDownExampleMap.TopDownExampleMap:PersistentLevel.TopDownExampleMap' with GeneratedClass '/Game/TopDownBP/Maps/TopDownExampleMap.TopDownExampleMap_C' with ClassGeneratedBy '/Game/TopDownBP/Maps/TopDownExampleMap.TopDownExampleMap:PersistentLevel.TopDownExampleMap'
[2018.12.28-13.09.02:781][559]LogBlueprintUserMessages: Late EndPlayMap Detection: Level '/Game/TopDownBP/Maps/TopDownExampleMap.TopDownExampleMap:PersistentLevel' has LevelScriptBlueprint '/Game/TopDownBP/Maps/TopDownExampleMap.TopDownExampleMap:PersistentLevel.TopDownExampleMap' with GeneratedClass '/Game/TopDownBP/Maps/TopDownExampleMap.TopDownExampleMap_C' with ClassGeneratedBy '/Game/TopDownBP/Maps/TopDownExampleMap.TopDownExampleMap:PersistentLevel.TopDownExampleMap'
[2018.12.28-13.09.03:768][592]LogBlueprintUserMessages: Early PlayInEditor Detection: Level '/Game/TopDownBP/Maps/TopDownExampleMap.TopDownExampleMap:PersistentLevel' has LevelScriptBlueprint '/Game/TopDownBP/Maps/TopDownExampleMap.TopDownExampleMap:PersistentLevel.TopDownExampleMap' with GeneratedClass '/Game/TopDownBP/Maps/TopDownExampleMap.TopDownExampleMap_C' with ClassGeneratedBy '/Game/TopDownBP/Maps/TopDownExampleMap.TopDownExampleMap:PersistentLevel.TopDownExampleMap'
[2018.12.28-13.09.03:768][592]LogPlayLevel: PlayLevel: No blueprints needed recompiling
[2018.12.28-13.09.03:768][592]PIE: New page: PIE session: TopDownExampleMap (Dec 29, 2018, 5:09:03 AM)
[2018.12.28-13.09.03:769][592]LogPlayLevel: Creating play world package: /Game/TopDownBP/Maps/UEDPIE_0_TopDownExampleMap
[2018.12.28-13.09.03:835][592]LogPlayLevel: PIE: StaticDuplicateObject took: (0.066387s)
[2018.12.28-13.09.03:837][592]LogAIModule: Creating AISystem for world TopDownExampleMap
[2018.12.28-13.09.03:837][592]LogPlayLevel: PIE: World Init took: (0.002288s)
[2018.12.28-13.09.03:838][592]LogPlayLevel: PIE: Created PIE world by copying editor world from /Game/TopDownBP/Maps/TopDownExampleMap.TopDownExampleMap to /Game/TopDownBP/Maps/UEDPIE_0_TopDownExampleMap.TopDownExampleMap (0.069248s)
[2018.12.28-13.09.03:902][592]LogInit: XAudio2 using 'Динамики (Устройство с поддержкой High Definition Audio)' : 2 channels at 44.1 kHz using 16 bits per sample (channel mask 0x3)
[2018.12.28-13.09.03:923][592]LogInit: FAudioDevice initialized.
[2018.12.28-13.09.03:960][592]LogWorld: Game class is 'TopDownGameMode_C'
[2018.12.28-13.09.03:977][592]LogWorld: Bringing World /Game/TopDownBP/Maps/UEDPIE_0_TopDownExampleMap.TopDownExampleMap up for play (max tick rate 60) at 2018.12.28-21.09.03
[2018.12.28-13.09.03:979][592]LogWorld: Bringing up level for play took: 0.017288
[2018.12.28-13.09.03:982][592]LogBlueprintUserMessages: [Quest_Test_C_3] Соберите 5 коробок.
[2018.12.28-13.09.03:983][592]PIE: Info Play in editor start time for /Game/TopDownBP/Maps/UEDPIE_0_TopDownExampleMap -0.092
[2018.12.28-13.09.03:983][592]LogBlueprintUserMessages: Late PlayInEditor Detection: Level '/Game/TopDownBP/Maps/TopDownExampleMap.TopDownExampleMap:PersistentLevel' has LevelScriptBlueprint '/Game/TopDownBP/Maps/TopDownExampleMap.TopDownExampleMap:PersistentLevel.TopDownExampleMap' with GeneratedClass '/Game/TopDownBP/Maps/TopDownExampleMap.TopDownExampleMap_C' with ClassGeneratedBy '/Game/TopDownBP/Maps/TopDownExampleMap.TopDownExampleMap:PersistentLevel.TopDownExampleMap'
[2018.12.28-13.09.08:312][790]LogBlueprintUserMessages: Early EndPlayMap Detection: Level '/Game/TopDownBP/Maps/TopDownExampleMap.TopDownExampleMap:PersistentLevel' has LevelScriptBlueprint '/Game/TopDownBP/Maps/TopDownExampleMap.TopDownExampleMap:PersistentLevel.TopDownExampleMap' with GeneratedClass '/Game/TopDownBP/Maps/TopDownExampleMap.TopDownExampleMap_C' with ClassGeneratedBy '/Game/TopDownBP/Maps/TopDownExampleMap.TopDownExampleMap:PersistentLevel.TopDownExampleMap'
[2018.12.28-13.09.08:390][790]LogBlueprintUserMessages: Late EndPlayMap Detection: Level '/Game/TopDownBP/Maps/TopDownExampleMap.TopDownExampleMap:PersistentLevel' has LevelScriptBlueprint '/Game/TopDownBP/Maps/TopDownExampleMap.TopDownExampleMap:PersistentLevel.TopDownExampleMap' with GeneratedClass '/Game/TopDownBP/Maps/TopDownExampleMap.TopDownExampleMap_C' with ClassGeneratedBy '/Game/TopDownBP/Maps/TopDownExampleMap.TopDownExampleMap:PersistentLevel.TopDownExampleMap'
[2018.12.28-13.09.10:191][854]LogBlueprintUserMessages: Early PlayInEditor Detection: Level '/Game/TopDownBP/Maps/TopDownExampleMap.TopDownExampleMap:PersistentLevel' has LevelScriptBlueprint '/Game/TopDownBP/Maps/TopDownExampleMap.TopDownExampleMap:PersistentLevel.TopDownExampleMap' with GeneratedClass '/Game/TopDownBP/Maps/TopDownExampleMap.TopDownExampleMap_C' with ClassGeneratedBy '/Game/TopDownBP/Maps/TopDownExampleMap.TopDownExampleMap:PersistentLevel.TopDownExampleMap'
[2018.12.28-13.09.10:191][854]LogPlayLevel: PlayLevel: No blueprints needed recompiling
[2018.12.28-13.09.10:191][854]PIE: New page: PIE session: TopDownExampleMap (Dec 29, 2018, 5:09:10 AM)
[2018.12.28-13.09.10:191][854]LogPlayLevel: Creating play world package: /Game/TopDownBP/Maps/UEDPIE_0_TopDownExampleMap
[2018.12.28-13.09.10:262][854]LogPlayLevel: PIE: StaticDuplicateObject took: (0.070008s)
[2018.12.28-13.09.10:264][854]LogAIModule: Creating AISystem for world TopDownExampleMap
[2018.12.28-13.09.10:264][854]LogPlayLevel: PIE: World Init took: (0.002384s)
[2018.12.28-13.09.10:265][854]LogPlayLevel: PIE: Created PIE world by copying editor world from /Game/TopDownBP/Maps/TopDownExampleMap.TopDownExampleMap to /Game/TopDownBP/Maps/UEDPIE_0_TopDownExampleMap.TopDownExampleMap (0.073126s)
[2018.12.28-13.09.10:356][854]LogInit: XAudio2 using 'Динамики (Устройство с поддержкой High Definition Audio)' : 2 channels at 44.1 kHz using 16 bits per sample (channel mask 0x3)
[2018.12.28-13.09.10:383][854]LogInit: FAudioDevice initialized.
[2018.12.28-13.09.10:420][854]LogWorld: Game class is 'TopDownGameMode_C'
[2018.12.28-13.09.10:439][854]LogWorld: Bringing World /Game/TopDownBP/Maps/UEDPIE_0_TopDownExampleMap.TopDownExampleMap up for play (max tick rate 60) at 2018.12.28-21.09.10
[2018.12.28-13.09.10:441][854]LogWorld: Bringing up level for play took: 0.019569
[2018.12.28-13.09.10:446][854]LogBlueprintUserMessages: [Quest_Test_C_4] Соберите 5 коробок.
[2018.12.28-13.09.10:446][854]PIE: Info Play in editor start time for /Game/TopDownBP/Maps/UEDPIE_0_TopDownExampleMap 0.372
[2018.12.28-13.09.10:447][854]LogBlueprintUserMessages: Late PlayInEditor Detection: Level '/Game/TopDownBP/Maps/TopDownExampleMap.TopDownExampleMap:PersistentLevel' has LevelScriptBlueprint '/Game/TopDownBP/Maps/TopDownExampleMap.TopDownExampleMap:PersistentLevel.TopDownExampleMap' with GeneratedClass '/Game/TopDownBP/Maps/TopDownExampleMap.TopDownExampleMap_C' with ClassGeneratedBy '/Game/TopDownBP/Maps/TopDownExampleMap.TopDownExampleMap:PersistentLevel.TopDownExampleMap'
[2018.12.28-13.09.39:615][235]LogBlueprintUserMessages: [PickUpItem] Hello
[2018.12.28-13.09.39:680][238]LogBlueprintUserMessages: [PickUpItem] Hello
[2018.12.28-13.09.39:796][243]LogBlueprintUserMessages: [PickUpItem] Hello
[2018.12.28-13.09.43:127][381]LogBlueprintUserMessages: [PickUpItem] Hello
[2018.12.28-13.09.43:154][382]LogBlueprintUserMessages: [PickUpItem] Hello
[2018.12.28-13.09.43:324][390]LogBlueprintUserMessages: [PickUpItem] Hello
[2018.12.28-13.09.43:428][394]LogBlueprintUserMessages: [PickUpItem] Hello
[2018.12.28-13.09.43:480][396]LogBlueprintUserMessages: [PickUpItem] Hello
[2018.12.28-13.09.43:671][404]LogBlueprintUserMessages: [PickUpItem] Hello
[2018.12.28-13.09.43:948][416]LogBlueprintUserMessages: [PickUpItem] Hello
[2018.12.28-13.09.44:419][436]LogBlueprintUserMessages: [PickUpItem] Hello
[2018.12.28-13.09.44:683][447]LogBlueprintUserMessages: [PickUpItem] Hello
[2018.12.28-13.09.46:250][513]LogBlueprintUserMessages: [PickUpItem] Hello
[2018.12.28-13.09.46:969][543]LogBlueprintUserMessages: [PickUpItem] Hello
[2018.12.28-13.09.48:547][611]LogBlueprintUserMessages: [PickUpItem] Hello
[2018.12.28-13.09.49:450][650]LogBlueprintUserMessages: [PickUpItem] Hello
[2018.12.28-13.09.50:501][694]LogBlueprintUserMessages: [PickUpItem] Hello
[2018.12.28-13.09.52:513][776]LogBlueprintUserMessages: [PickUpItem] Hello
[2018.12.28-13.09.53:169][804]LogBlueprintUserMessages: [PickUpItem] Hello
[2018.12.28-13.09.55:093][886]LogBlueprintUserMessages: [PickUpItem] Hello
[2018.12.28-13.09.55:515][901]LogBlueprintUserMessages: [PickUpItem] Hello
[2018.12.28-13.09.57:565][978]LogBlueprintUserMessages: [Interactable] Hello
[2018.12.28-13.09.57:612][980]LogBlueprintUserMessages: [PickUpItem] Hello
[2018.12.28-13.09.59:046][ 39]LogBlueprintUserMessages: [PickUpItem] Hello
[2018.12.28-13.10.00:539][101]LogBlueprintUserMessages: [PickUpItem] Hello
[2018.12.28-13.10.00:566][102]LogBlueprintUserMessages: [PickUpItem] Hello
[2018.12.28-13.10.01:531][145]LogBlueprintUserMessages: [PickUpItem] Hello
[2018.12.28-13.10.01:601][148]LogBlueprintUserMessages: [PickUpItem] Hello
[2018.12.28-13.10.01:735][154]LogBlueprintUserMessages: [PickUpItem] Hello
[2018.12.28-13.10.01:946][163]LogBlueprintUserMessages: [PickUpItem] Hello
[2018.12.28-13.10.02:188][173]LogBlueprintUserMessages: [PickUpItem] Hello
[2018.12.28-13.10.03:300][218]LogBlueprintUserMessages: [Interactable] Hello
[2018.12.28-13.10.03:490][221]LogBlueprintUserMessages: Early EndPlayMap Detection: Level '/Game/TopDownBP/Maps/TopDownExampleMap.TopDownExampleMap:PersistentLevel' has LevelScriptBlueprint '/Game/TopDownBP/Maps/TopDownExampleMap.TopDownExampleMap:PersistentLevel.TopDownExampleMap' with GeneratedClass '/Game/TopDownBP/Maps/TopDownExampleMap.TopDownExampleMap_C' with ClassGeneratedBy '/Game/TopDownBP/Maps/TopDownExampleMap.TopDownExampleMap:PersistentLevel.TopDownExampleMap'
[2018.12.28-13.10.03:659][221]LogBlueprintUserMessages: Late EndPlayMap Detection: Level '/Game/TopDownBP/Maps/TopDownExampleMap.TopDownExampleMap:PersistentLevel' has LevelScriptBlueprint '/Game/TopDownBP/Maps/TopDownExampleMap.TopDownExampleMap:PersistentLevel.TopDownExampleMap' with GeneratedClass '/Game/TopDownBP/Maps/TopDownExampleMap.TopDownExampleMap_C' with ClassGeneratedBy '/Game/TopDownBP/Maps/TopDownExampleMap.TopDownExampleMap:PersistentLevel.TopDownExampleMap'
[2018.12.28-13.10.10:649][430]LogEditorViewport: Clicking on Actor (LMB): StaticMeshActor (Cube16)
[2018.12.28-13.10.18:665][721]LogBlueprintUserMessages: Early PlayInEditor Detection: Level '/Game/TopDownBP/Maps/TopDownExampleMap.TopDownExampleMap:PersistentLevel' has LevelScriptBlueprint '/Game/TopDownBP/Maps/TopDownExampleMap.TopDownExampleMap:PersistentLevel.TopDownExampleMap' with GeneratedClass '/Game/TopDownBP/Maps/TopDownExampleMap.TopDownExampleMap_C' with ClassGeneratedBy '/Game/TopDownBP/Maps/TopDownExampleMap.TopDownExampleMap:PersistentLevel.TopDownExampleMap'
[2018.12.28-13.10.18:665][721]LogPlayLevel: PlayLevel: No blueprints needed recompiling
[2018.12.28-13.10.18:665][721]PIE: New page: PIE session: TopDownExampleMap (Dec 29, 2018, 5:10:18 AM)
[2018.12.28-13.10.18:666][721]LogPlayLevel: Creating play world package: /Game/TopDownBP/Maps/UEDPIE_0_TopDownExampleMap
[2018.12.28-13.10.18:755][721]LogPlayLevel: PIE: StaticDuplicateObject took: (0.089298s)
[2018.12.28-13.10.18:757][721]LogAIModule: Creating AISystem for world TopDownExampleMap
[2018.12.28-13.10.18:757][721]LogPlayLevel: PIE: World Init took: (0.002193s)
[2018.12.28-13.10.18:758][721]LogPlayLevel: PIE: Created PIE world by copying editor world from /Game/TopDownBP/Maps/TopDownExampleMap.TopDownExampleMap to /Game/TopDownBP/Maps/UEDPIE_0_TopDownExampleMap.TopDownExampleMap (0.092162s)
[2018.12.28-13.10.18:852][721]LogInit: XAudio2 using 'Динамики (Устройство с поддержкой High Definition Audio)' : 2 channels at 44.1 kHz using 16 bits per sample (channel mask 0x3)
[2018.12.28-13.10.18:952][721]LogInit: FAudioDevice initialized.
[2018.12.28-13.10.19:000][721]LogWorld: Game class is 'TopDownGameMode_C'
[2018.12.28-13.10.19:029][721]LogWorld: Bringing World /Game/TopDownBP/Maps/UEDPIE_0_TopDownExampleMap.TopDownExampleMap up for play (max tick rate 60) at 2018.12.28-21.10.19
[2018.12.28-13.10.19:031][721]LogWorld: Bringing up level for play took: 0.028306
[2018.12.28-13.10.19:037][721]LogBlueprintUserMessages: [Quest_Test_C_5] Соберите 5 коробок.
[2018.12.28-13.10.19:037][721]PIE: Info Play in editor start time for /Game/TopDownBP/Maps/UEDPIE_0_TopDownExampleMap 0.961
[2018.12.28-13.10.19:038][721]LogBlueprintUserMessages: Late PlayInEditor Detection: Level '/Game/TopDownBP/Maps/TopDownExampleMap.TopDownExampleMap:PersistentLevel' has LevelScriptBlueprint '/Game/TopDownBP/Maps/TopDownExampleMap.TopDownExampleMap:PersistentLevel.TopDownExampleMap' with GeneratedClass '/Game/TopDownBP/Maps/TopDownExampleMap.TopDownExampleMap_C' with ClassGeneratedBy '/Game/TopDownBP/Maps/TopDownExampleMap.TopDownExampleMap:PersistentLevel.TopDownExampleMap'
[2018.12.28-13.10.20:192][772]LogBlueprintUserMessages: [Interactable] Hello
[2018.12.28-13.10.21:785][837]LogBlueprintUserMessages: [PickUpItem] Hello
[2018.12.28-13.10.23:601][910]LogBlueprintUserMessages: [PickUpItem] Hello
[2018.12.28-13.10.25:503][986]LogBlueprintUserMessages: [PickUpItem] Hello
[2018.12.28-13.10.26:983][ 45]LogBlueprintUserMessages: [PickUpItem] Hello
[2018.12.28-13.10.27:793][ 77]LogBlueprintUserMessages: [PickUpItem] Hello
[2018.12.28-13.10.29:199][132]LogBlueprintUserMessages: [PickUpItem] Hello
[2018.12.28-13.10.29:925][161]LogBlueprintUserMessages: [PickUpItem] Hello
[2018.12.28-13.10.30:511][185]LogBlueprintUserMessages: [PickUpItem] Hello
[2018.12.28-13.10.31:215][214]LogBlueprintUserMessages: [PickUpItem] Hello
[2018.12.28-13.10.31:956][241]LogBlueprintUserMessages: [PickUpItem] Hello
[2018.12.28-13.10.32:457][261]LogBlueprintUserMessages: [PickUpItem] Hello
[2018.12.28-13.10.32:828][276]LogBlueprintUserMessages: [PickUpItem] Hello
[2018.12.28-13.10.33:378][299]LogBlueprintUserMessages: Early EndPlayMap Detection: Level '/Game/TopDownBP/Maps/TopDownExampleMap.TopDownExampleMap:PersistentLevel' has LevelScriptBlueprint '/Game/TopDownBP/Maps/TopDownExampleMap.TopDownExampleMap:PersistentLevel.TopDownExampleMap' with GeneratedClass '/Game/TopDownBP/Maps/TopDownExampleMap.TopDownExampleMap_C' with ClassGeneratedBy '/Game/TopDownBP/Maps/TopDownExampleMap.TopDownExampleMap:PersistentLevel.TopDownExampleMap'
[2018.12.28-13.10.33:476][299]LogBlueprintUserMessages: Late EndPlayMap Detection: Level '/Game/TopDownBP/Maps/TopDownExampleMap.TopDownExampleMap:PersistentLevel' has LevelScriptBlueprint '/Game/TopDownBP/Maps/TopDownExampleMap.TopDownExampleMap:PersistentLevel.TopDownExampleMap' with GeneratedClass '/Game/TopDownBP/Maps/TopDownExampleMap.TopDownExampleMap_C' with ClassGeneratedBy '/Game/TopDownBP/Maps/TopDownExampleMap.TopDownExampleMap:PersistentLevel.TopDownExampleMap'
[2018.12.28-13.11.10:047][474]LogSavePackage: Save=1635.89ms
[2018.12.28-13.11.10:047][474]LogSavePackage: Moving '../../../../sergey/UnrealProjects/TopDownMiniGame/Saved/TopDownExampleMap0A79202647D037B2681AEC84A08E4D50.tmp' to '../../../../sergey/UnrealProjects/TopDownMiniGame/Content/TopDownBP/Maps/TopDownExampleMap.umap'
[2018.12.28-13.11.10:061][474]LogSavePackage: Total save time: 1655.72ms
[2018.12.28-13.11.10:061][474]LogSavePackage:Display: Finished SavePackage ../../../../sergey/UnrealProjects/TopDownMiniGame/Content/TopDownBP/Maps/TopDownExampleMap.umap
[2018.12.28-13.11.10:189][474]LogFileHelpers: Saving map 'TopDownExampleMap' took 1.937
[2018.12.28-13.11.11:141][504]LogBlueprintUserMessages: Early PlayInEditor Detection: Level '/Game/TopDownBP/Maps/TopDownExampleMap.TopDownExampleMap:PersistentLevel' has LevelScriptBlueprint '/Game/TopDownBP/Maps/TopDownExampleMap.TopDownExampleMap:PersistentLevel.TopDownExampleMap' with GeneratedClass '/Game/TopDownBP/Maps/TopDownExampleMap.TopDownExampleMap_C' with ClassGeneratedBy '/Game/TopDownBP/Maps/TopDownExampleMap.TopDownExampleMap:PersistentLevel.TopDownExampleMap'
[2018.12.28-13.11.11:141][504]LogPlayLevel: PlayLevel: No blueprints needed recompiling
[2018.12.28-13.11.11:142][504]PIE: New page: PIE session: TopDownExampleMap (Dec 29, 2018, 5:11:11 AM)
[2018.12.28-13.11.11:142][504]LogPlayLevel: Creating play world package: /Game/TopDownBP/Maps/UEDPIE_0_TopDownExampleMap
[2018.12.28-13.11.11:223][504]LogPlayLevel: PIE: StaticDuplicateObject took: (0.080971s)
[2018.12.28-13.11.11:225][504]LogAIModule: Creating AISystem for world TopDownExampleMap
[2018.12.28-13.11.11:226][504]LogPlayLevel: PIE: World Init took: (0.002773s)
[2018.12.28-13.11.11:227][504]LogPlayLevel: PIE: Created PIE world by copying editor world from /Game/TopDownBP/Maps/TopDownExampleMap.TopDownExampleMap to /Game/TopDownBP/Maps/UEDPIE_0_TopDownExampleMap.TopDownExampleMap (0.084549s)
[2018.12.28-13.11.11:303][504]LogInit: XAudio2 using 'Динамики (Устройство с поддержкой High Definition Audio)' : 2 channels at 44.1 kHz using 16 bits per sample (channel mask 0x3)
[2018.12.28-13.11.11:325][504]LogInit: FAudioDevice initialized.
[2018.12.28-13.11.11:400][504]LogWorld: Game class is 'TopDownGameMode_C'
[2018.12.28-13.11.11:440][504]LogWorld: Bringing World /Game/TopDownBP/Maps/UEDPIE_0_TopDownExampleMap.TopDownExampleMap up for play (max tick rate 60) at 2018.12.28-21.11.11
[2018.12.28-13.11.11:442][504]LogWorld: Bringing up level for play took: 0.037917
[2018.12.28-13.11.11:449][504]LogBlueprintUserMessages: [Quest_Test_C_6] Соберите 5 коробок.
[2018.12.28-13.11.11:450][504]PIE: Info Play in editor start time for /Game/TopDownBP/Maps/UEDPIE_0_TopDownExampleMap -0.628
[2018.12.28-13.11.11:450][504]LogBlueprintUserMessages: Late PlayInEditor Detection: Level '/Game/TopDownBP/Maps/TopDownExampleMap.TopDownExampleMap:PersistentLevel' has LevelScriptBlueprint '/Game/TopDownBP/Maps/TopDownExampleMap.TopDownExampleMap:PersistentLevel.TopDownExampleMap' with GeneratedClass '/Game/TopDownBP/Maps/TopDownExampleMap.TopDownExampleMap_C' with ClassGeneratedBy '/Game/TopDownBP/Maps/TopDownExampleMap.TopDownExampleMap:PersistentLevel.TopDownExampleMap'
[2018.12.28-13.11.12:327][537]LogBlueprintUserMessages: [PickUpItem] Hello
[2018.12.28-13.11.12:722][553]LogBlueprintUserMessages: [PickUpItem] Hello
[2018.12.28-13.11.12:896][561]LogBlueprintUserMessages: [PickUpItem] Hello
[2018.12.28-13.11.13:200][573]LogBlueprintUserMessages: [PickUpItem] Hello
[2018.12.28-13.11.13:231][574]LogBlueprintUserMessages: [PickUpItem] Hello
[2018.12.28-13.11.14:539][629]LogBlueprintUserMessages: [PickUpItem] Hello
[2018.12.28-13.11.14:799][640]LogBlueprintUserMessages: [PickUpItem] Hello
[2018.12.28-13.11.15:133][654]LogBlueprintUserMessages: [PickUpItem] Hello
[2018.12.28-13.11.15:634][676]LogBlueprintUserMessages: [PickUpItem] Hello
[2018.12.28-13.11.15:728][680]LogBlueprintUserMessages: [PickUpItem] Hello
[2018.12.28-13.11.15:843][685]LogBlueprintUserMessages: [PickUpItem] Hello
[2018.12.28-13.11.15:917][688]LogBlueprintUserMessages: [PickUpItem] Hello
[2018.12.28-13.11.16:129][697]LogBlueprintUserMessages: [PickUpItem] Hello
[2018.12.28-13.11.17:949][775]LogBlueprintUserMessages: [PickUpItem] Hello
[2018.12.28-13.11.18:688][806]LogBlueprintUserMessages: [PickUpItem] Hello
[2018.12.28-13.11.19:243][830]LogBlueprintUserMessages: [PickUpItem] Hello
[2018.12.28-13.11.19:313][833]LogBlueprintUserMessages: [PickUpItem] Hello
[2018.12.28-13.11.19:362][835]LogBlueprintUserMessages: [PickUpItem] Hello
[2018.12.28-13.11.19:615][846]LogBlueprintUserMessages: [PickUpItem] Hello
[2018.12.28-13.11.19:638][847]LogBlueprintUserMessages: [PickUpItem] Hello
[2018.12.28-13.11.19:962][861]LogBlueprintUserMessages: [PickUpItem] Hello
[2018.12.28-13.11.19:985][862]LogBlueprintUserMessages: [PickUpItem] Hello
[2018.12.28-13.11.20:355][878]LogBlueprintUserMessages: [PickUpItem] Hello
[2018.12.28-13.11.21:091][910]LogBlueprintUserMessages: [PickUpItem] Hello
[2018.12.28-13.11.23:221][  0]LogBlueprintUserMessages: [PickUpItem] Hello
[2018.12.28-13.11.23:314][  4]LogBlueprintUserMessages: [PickUpItem] Hello
[2018.12.28-13.11.23:504][ 12]LogBlueprintUserMessages: [Interactable] Hello
[2018.12.28-13.11.23:553][ 14]LogBlueprintUserMessages: [PickUpItem] Hello
[2018.12.28-13.11.23:580][ 15]LogBlueprintUserMessages: [PickUpItem] Hello
[2018.12.28-13.11.24:142][ 39]LogBlueprintUserMessages: [PickUpItem] Hello
[2018.12.28-13.11.25:131][ 81]LogBlueprintUserMessages: [PickUpItem] Hello
[2018.12.28-13.11.27:212][170]LogBlueprintUserMessages: [Interactable] Hello
[2018.12.28-13.11.27:421][179]LogBlueprintUserMessages: [Interactable] Hello
[2018.12.28-13.11.27:495][182]LogBlueprintUserMessages: [PickUpItem] Hello
[2018.12.28-13.11.28:188][212]LogBlueprintUserMessages: [PickUpItem] Hello
[2018.12.28-13.11.28:824][239]LogBlueprintUserMessages: [PickUpItem] Hello
[2018.12.28-13.11.29:390][263]LogBlueprintUserMessages: [PickUpItem] Hello
[2018.12.28-13.11.29:738][277]LogBlueprintUserMessages: [PickUpItem] Hello
[2018.12.28-13.11.30:206][297]LogBlueprintUserMessages: [PickUpItem] Hello
[2018.12.28-13.11.31:089][335]LogBlueprintUserMessages: [PickUpItem] Hello
[2018.12.28-13.11.33:107][419]LogBlueprintUserMessages: [PickUpItem] Hello
[2018.12.28-13.11.33:221][423]LogBlueprintUserMessages: [PickUpItem] Hello
[2018.12.28-13.11.33:448][433]LogBlueprintUserMessages: [PickUpItem] Hello
[2018.12.28-13.11.33:540][437]LogBlueprintUserMessages: [PickUpItem] Hello
[2018.12.28-13.11.33:872][451]LogBlueprintUserMessages: [PickUpItem] Hello
[2018.12.28-13.11.33:972][455]LogBlueprintUserMessages: [Quest_Test_C_6] Квест выполнен!
[2018.12.28-13.11.34:164][463]LogBlueprintUserMessages: [PickUpItem] Hello
[2018.12.28-13.11.34:644][483]LogBlueprintUserMessages: [PickUpItem] Hello
[2018.12.28-13.11.34:895][493]LogBlueprintUserMessages: [PickUpItem] Hello
[2018.12.28-13.11.35:227][507]LogBlueprintUserMessages: [PickUpItem] Hello
[2018.12.28-13.11.35:852][533]LogBlueprintUserMessages: [PickUpItem] Hello
[2018.12.28-13.11.37:649][607]LogBlueprintUserMessages: [PickUpItem] Hello
[2018.12.28-13.11.38:799][655]LogBlueprintUserMessages: [PickUpItem] Hello
[2018.12.28-13.11.38:824][656]LogBlueprintUserMessages: Early EndPlayMap Detection: Level '/Game/TopDownBP/Maps/TopDownExampleMap.TopDownExampleMap:PersistentLevel' has LevelScriptBlueprint '/Game/TopDownBP/Maps/TopDownExampleMap.TopDownExampleMap:PersistentLevel.TopDownExampleMap' with GeneratedClass '/Game/TopDownBP/Maps/TopDownExampleMap.TopDownExampleMap_C' with ClassGeneratedBy '/Game/TopDownBP/Maps/TopDownExampleMap.TopDownExampleMap:PersistentLevel.TopDownExampleMap'
[2018.12.28-13.11.38:928][656]LogBlueprintUserMessages: Late EndPlayMap Detection: Level '/Game/TopDownBP/Maps/TopDownExampleMap.TopDownExampleMap:PersistentLevel' has LevelScriptBlueprint '/Game/TopDownBP/Maps/TopDownExampleMap.TopDownExampleMap:PersistentLevel.TopDownExampleMap' with GeneratedClass '/Game/TopDownBP/Maps/TopDownExampleMap.TopDownExampleMap_C' with ClassGeneratedBy '/Game/TopDownBP/Maps/TopDownExampleMap.TopDownExampleMap:PersistentLevel.TopDownExampleMap'
[2018.12.28-13.11.53:024][130]Cmd: CLOSE_SLATE_MAINFRAME
[2018.12.28-13.11.53:919][131]Cmd: QUIT_EDITOR
[2018.12.28-13.11.54:359][131]LogExit: Preparing to exit.
[2018.12.28-13.11.55:019][131]LogExit: Editor shut down
[2018.12.28-13.11.55:020][131]LogExit: Transaction tracking system shut down
[2018.12.28-13.11.55:443][131]LogObj: Freed 0b from 0 cluster array pools.
[2018.12.28-13.11.55:443][131]LogExit: Object subsystem successfully closed.
[2018.12.28-13.11.55:491][131]LogD3D11RHI: Shutdown
[2018.12.28-13.11.55:491][131]LogD3D11RHI: CleanupD3DDevice
[2018.12.28-13.11.55:666][131]LogD3D11RHI: ~FD3D11DynamicRHI
[2018.12.28-13.11.55:716][131]LogDerivedDataCache: Shutdown
[2018.12.28-13.11.55:717][131]LogModuleManager: Shutting down and abandoning module MovieSceneCapture (205)
[2018.12.28-13.11.55:717][131]LogModuleManager: Shutting down and abandoning module HierarchicalLODOutliner (204)
[2018.12.28-13.11.55:717][131]LogModuleManager: Shutting down and abandoning module CrashTracker (203)
[2018.12.28-13.11.55:717][131]LogModuleManager: Shutting down and abandoning module SceneOutliner (202)
[2018.12.28-13.11.55:717][131]LogModuleManager: Shutting down and abandoning module SuperSearch (201)
[2018.12.28-13.11.55:717][131]LogModuleManager: Shutting down and abandoning module WidgetCarousel (200)
[2018.12.28-13.11.55:717][131]LogModuleManager: Shutting down and abandoning module AddContentDialog (199)
[2018.12.28-13.11.55:722][131]LogModuleManager: Shutting down and abandoning module GameplayTags (198)
[2018.12.28-13.11.55:722][131]LogModuleManager: Shutting down and abandoning module EditorWidgets (197)
[2018.12.28-13.11.55:722][131]LogModuleManager: Shutting down and abandoning module CollectionManager (196)
[2018.12.28-13.11.55:722][131]LogModuleManager: Shutting down and abandoning module StatsViewer (195)
[2018.12.28-13.11.55:722][131]LogModuleManager: Shutting down and abandoning module FoliageEdit (194)
[2018.12.28-13.11.55:722][131]LogModuleManager: Shutting down and abandoning module LandscapeEditor (193)
[2018.12.28-13.11.55:723][131]LogModuleManager: Shutting down and abandoning module ActorPickerMode (192)
[2018.12.28-13.11.55:723][131]LogModuleManager: Shutting down and abandoning module GeometryMode (191)
[2018.12.28-13.11.55:723][131]LogModuleManager: Shutting down and abandoning module TextureAlignMode (190)
[2018.12.28-13.11.55:723][131]LogModuleManager: Shutting down and abandoning module BspMode (189)
[2018.12.28-13.11.55:723][131]LogModuleManager: Shutting down and abandoning module PlacementMode (188)
[2018.12.28-13.11.55:723][131]LogModuleManager: Shutting down and abandoning module AutomationWorker (187)
[2018.12.28-13.11.55:723][131]LogModuleManager: Shutting down and abandoning module CharacterAI (186)
[2018.12.28-13.11.55:723][131]LogModuleManager: Shutting down and abandoning module SmartSnapping (185)
[2018.12.28-13.11.55:723][131]LogModuleManager: Shutting down and abandoning module ViewportSnapping (184)
[2018.12.28-13.11.55:723][131]LogModuleManager: Shutting down and abandoning module LogVisualizer (183)
[2018.12.28-13.11.55:724][131]LogModuleManager: Shutting down and abandoning module GameProjectGeneration (182)
[2018.12.28-13.11.55:724][131]LogModuleManager: Shutting down and abandoning module IntroTutorials (181)
[2018.12.28-13.11.55:724][131]LogModuleManager: Shutting down and abandoning module EditorLiveStreaming (180)
[2018.12.28-13.11.55:724][131]LogModuleManager: Shutting down and abandoning module IOSPlatformEditor (179)
[2018.12.28-13.11.55:724][131]LogModuleManager: Shutting down and abandoning module HTML5PlatformEditor (178)
[2018.12.28-13.11.55:724][131]LogModuleManager: Shutting down and abandoning module AndroidDeviceDetection (177)
[2018.12.28-13.11.55:920][131]LogModuleManager: Shutting down and abandoning module AndroidPlatformEditor (176)
[2018.12.28-13.11.55:921][131]LogModuleManager: Shutting down and abandoning module IOSRuntimeSettings (175)
[2018.12.28-13.11.55:921][131]LogModuleManager: Shutting down and abandoning module AndroidRuntimeSettings (174)
[2018.12.28-13.11.55:921][131]LogModuleManager: Shutting down and abandoning module MergeActors (173)
[2018.12.28-13.11.55:921][131]LogModuleManager: Shutting down and abandoning module SizeMap (172)
[2018.12.28-13.11.55:921][131]LogModuleManager: Shutting down and abandoning module TreeMap (171)
[2018.12.28-13.11.55:921][131]LogModuleManager: Shutting down and abandoning module ReferenceViewer (170)
[2018.12.28-13.11.55:921][131]LogModuleManager: Shutting down and abandoning module LocalizationService (169)
[2018.12.28-13.11.55:921][131]LogModuleManager: Shutting down and abandoning module LocalizationDashboard (168)
[2018.12.28-13.11.55:921][131]LogModuleManager: Shutting down and abandoning module HardwareTargeting (167)
[2018.12.28-13.11.55:921][131]LogModuleManager: Shutting down and abandoning module DeviceProfileEditor (166)
[2018.12.28-13.11.55:921][131]LogModuleManager: Shutting down and abandoning module UndoHistory (165)
[2018.12.28-13.11.55:922][131]LogModuleManager: Shutting down and abandoning module UserFeedback (164)
[2018.12.28-13.11.55:922][131]LogModuleManager: Shutting down and abandoning module XmlParser (163)
[2018.12.28-13.11.55:922][131]LogModuleManager: Shutting down and abandoning module Blutility (162)
[2018.12.28-13.11.55:922][131]LogModuleManager: Shutting down and abandoning module ProjectTargetPlatformEditor (161)
[2018.12.28-13.11.55:922][131]LogModuleManager: Shutting down and abandoning module ProjectSettingsViewer (160)
[2018.12.28-13.11.55:922][131]LogModuleManager: Shutting down and abandoning module InputBindingEditor (159)
[2018.12.28-13.11.55:922][131]LogModuleManager: Shutting down and abandoning module EditorSettingsViewer (158)
[2018.12.28-13.11.55:923][131]LogModuleManager: Shutting down and abandoning module SettingsEditor (157)
[2018.12.28-13.11.55:923][131]LogModuleManager: Shutting down and abandoning module ProjectLauncher (156)
[2018.12.28-13.11.55:923][131]LogModuleManager: Shutting down and abandoning module SessionFrontend (155)
[2018.12.28-13.11.55:923][131]LogModuleManager: Shutting down and abandoning module ProfilerClient (154)
[2018.12.28-13.11.55:923][131]LogModuleManager: Shutting down and abandoning module TargetDeviceServices (153)
[2018.12.28-13.11.55:923][131]LogModuleManager: Shutting down and abandoning module DeviceManager (152)
[2018.12.28-13.11.55:953][131]LogModuleManager: Shutting down and abandoning module AutomationController (151)
[2018.12.28-13.11.55:953][131]LogModuleManager: Shutting down and abandoning module AutomationWindow (150)
[2018.12.28-13.11.55:953][131]LogModuleManager: Shutting down and abandoning module Layers (149)
[2018.12.28-13.11.55:953][131]LogModuleManager: Shutting down and abandoning module ComponentVisualizers (148)
[2018.12.28-13.11.55:953][131]LogModuleManager: Shutting down and abandoning module DetailCustomizations (147)
[2018.12.28-13.11.55:953][131]LogModuleManager: Shutting down and abandoning module PackagesDialog (146)
[2018.12.28-13.11.55:953][131]LogModuleManager: Shutting down and abandoning module Persona (145)
[2018.12.28-13.11.55:954][131]LogModuleManager: Shutting down and abandoning module Kismet (144)
[2018.12.28-13.11.55:954][131]LogModuleManager: Shutting down and abandoning module GraphEditor (143)
[2018.12.28-13.11.55:954][131]LogModuleManager: Shutting down and abandoning module ClassViewer (142)
[2018.12.28-13.11.55:954][131]LogModuleManager: Shutting down and abandoning module Toolbox (141)
[2018.12.28-13.11.55:954][131]LogModuleManager: Shutting down and abandoning module ModuleUI (140)
[2018.12.28-13.11.55:954][131]LogModuleManager: Shutting down and abandoning module MovieSceneTools (139)
[2018.12.28-13.11.55:954][131]LogModuleManager: Shutting down and abandoning module OutputLog (138)
[2018.12.28-13.11.55:954][131]LogModuleManager: Shutting down and abandoning module GammaUI (137)
[2018.12.28-13.11.55:954][131]LogModuleManager: Shutting down and abandoning module Documentation (136)
[2018.12.28-13.11.55:954][131]LogModuleManager: Shutting down and abandoning module StreamingPauseRendering (135)
[2018.12.28-13.11.55:955][131]LogModuleManager: Shutting down and abandoning module AnalyticsET (134)
[2018.12.28-13.11.55:955][131]LogModuleManager: Shutting down and abandoning module Analytics (133)
[2018.12.28-13.11.55:955][131]LogModuleManager: Shutting down and abandoning module PortalServices (132)
[2018.12.28-13.11.55:955][131]LogModuleManager: Shutting down and abandoning module PortalRpc (131)
[2018.12.28-13.11.55:955][131]LogModuleManager: Shutting down and abandoning module MessagingRpc (130)
[2018.12.28-13.11.55:955][131]LogModuleManager: Shutting down and abandoning module AITestSuite (129)
[2018.12.28-13.11.55:955][131]LogModuleManager: Shutting down and abandoning module GameplayDebugger (128)
[2018.12.28-13.11.55:955][131]LogModuleManager: Shutting down and abandoning module AIModule (127)
[2018.12.28-13.11.55:955][131]LogModuleManager: Shutting down and abandoning module ProfilerService (126)
[2018.12.28-13.11.56:042][131]LogModuleManager: Shutting down and abandoning module TaskGraph (125)
[2018.12.28-13.11.56:043][131]LogModuleManager: Shutting down and abandoning module SlateRemote (124)
[2018.12.28-13.11.56:043][131]LogModuleManager: Shutting down and abandoning module SteamVRController (123)
[2018.12.28-13.11.56:043][131]LogModuleManager: Shutting down and abandoning module SteamVR (122)
[2018.12.28-13.11.56:043][131]LogModuleManager: Shutting down and abandoning module ProceduralMeshComponent (121)
[2018.12.28-13.11.56:043][131]LogModuleManager: Shutting down and abandoning module OculusLibrary (120)
[2018.12.28-13.11.56:043][131]LogModuleManager: Shutting down and abandoning module OculusInput (119)
[2018.12.28-13.11.56:043][131]LogModuleManager: Shutting down and abandoning module CustomMeshComponent (118)
[2018.12.28-13.11.56:043][131]LogModuleManager: Shutting down and abandoning module CableComponent (117)
[2018.12.28-13.11.56:043][131]LogModuleManager: Shutting down and abandoning module ArchVisCharacter (116)
[2018.12.28-13.11.56:043][131]LogModuleManager: Shutting down and abandoning module MediaPlayerEditor (115)
[2018.12.28-13.11.56:043][131]LogModuleManager: Shutting down and abandoning module HTML5Networking (114)
[2018.12.28-13.11.56:043][131]LogModuleManager: Shutting down and abandoning module SpeedTreeImporter (113)
[2018.12.28-13.11.56:043][131]LogModuleManager: Shutting down and abandoning module PluginBrowser (112)
[2018.12.28-13.11.56:043][131]LogModuleManager: Shutting down and abandoning module EpicSurvey (111)
[2018.12.28-13.11.56:043][131]LogModuleManager: Shutting down and abandoning module DesktopPlatform (110)
[2018.12.28-13.11.56:043][131]LogModuleManager: Shutting down and abandoning module VisualStudioSourceCodeAccess (109)
[2018.12.28-13.11.56:043][131]LogModuleManager: Shutting down and abandoning module UObjectPlugin (108)
[2018.12.28-13.11.56:044][131]LogModuleManager: Shutting down and abandoning module SubversionSourceControl (107)
[2018.12.28-13.11.56:044][131]LogModuleManager: Shutting down and abandoning module PerforceSourceControl (106)
[2018.12.28-13.11.56:044][131]LogModuleManager: Shutting down and abandoning module SourceControl (105)
[2018.12.28-13.11.56:044][131]LogModuleManager: Shutting down and abandoning module GitSourceControl (104)
[2018.12.28-13.11.56:044][131]LogModuleManager: Shutting down and abandoning module LightPropagationVolumeEditor (103)
[2018.12.28-13.11.56:044][131]LogModuleManager: Shutting down and abandoning module PaperTiledImporter (102)
[2018.12.28-13.11.56:044][131]LogModuleManager: Shutting down and abandoning module PaperSpriteSheetImporter (101)
[2018.12.28-13.11.56:044][131]LogModuleManager: Shutting down and abandoning module MeshPaint (100)
[2018.12.28-13.11.56:044][131]LogModuleManager: Shutting down and abandoning module HotReload (99)
[2018.12.28-13.11.56:045][131]LogModuleManager: Shutting down and abandoning module MainFrame (98)
[2018.12.28-13.11.56:045][131]LogModuleManager: Shutting down and abandoning module LevelEditor (97)
[2018.12.28-13.11.56:046][131]LogModuleManager: Shutting down and abandoning module DirectoryWatcher (96)
[2018.12.28-13.11.56:047][131]LogModuleManager: Shutting down and abandoning module AssetRegistry (95)
[2018.12.28-13.11.56:259][131]LogModuleManager: Shutting down and abandoning module ContentBrowser (94)
[2018.12.28-13.11.56:261][131]LogModuleManager: Shutting down and abandoning module Paper2DEditor (93)
[2018.12.28-13.11.56:261][131]LogModuleManager: Shutting down and abandoning module UdpMessaging (92)
[2018.12.28-13.11.56:361][131]LogModuleManager: Shutting down and abandoning module LightPropagationVolumeRuntime (91)
[2018.12.28-13.11.56:361][131]LogModuleManager: Shutting down and abandoning module Paper2D (90)
[2018.12.28-13.11.56:361][131]LogModuleManager: Shutting down and abandoning module WindowsMoviePlayer (89)
[2018.12.28-13.11.56:361][131]LogModuleManager: Shutting down and abandoning module Media (88)
[2018.12.28-13.11.56:361][131]LogModuleManager: Shutting down and abandoning module WmfMedia (87)
[2018.12.28-13.11.56:363][131]LogModuleManager: Shutting down and abandoning module MediaAssets (86)
[2018.12.28-13.11.56:363][131]LogModuleManager: Shutting down and abandoning module GameLiveStreaming (85)
[2018.12.28-13.11.56:363][131]LogModuleManager: Shutting down and abandoning module GameplayTagsEditor (84)
[2018.12.28-13.11.56:363][131]LogModuleManager: Shutting down and abandoning module OnlineBlueprintSupport (83)
[2018.12.28-13.11.56:363][131]LogModuleManager: Shutting down and abandoning module GameplayTasksEditor (82)
[2018.12.28-13.11.56:364][131]LogModuleManager: Shutting down and abandoning module PropertyEditor (81)
[2018.12.28-13.11.56:364][131]LogModuleManager: Shutting down and abandoning module BehaviorTreeEditor (80)
[2018.12.28-13.11.56:364][131]LogModuleManager: Shutting down and abandoning module FunctionalTesting (79)
[2018.12.28-13.11.56:364][131]LogModuleManager: Shutting down and abandoning module CollisionAnalyzer (78)
[2018.12.28-13.11.56:364][131]LogModuleManager: Shutting down and abandoning module WorkspaceMenuStructure (77)
[2018.12.28-13.11.56:364][131]LogModuleManager: Shutting down and abandoning module MessageLog (76)
[2018.12.28-13.11.56:364][131]LogModuleManager: Shutting down and abandoning module Sequencer (75)
[2018.12.28-13.11.56:364][131]LogModuleManager: Shutting down and abandoning module AssetTools (74)
[2018.12.28-13.11.56:365][131]LogModuleManager: Shutting down and abandoning module UMGEditor (73)
[2018.12.28-13.11.56:365][131]LogModuleManager: Shutting down and abandoning module UMG (72)
[2018.12.28-13.11.56:365][131]LogModuleManager: Shutting down and abandoning module SlateReflector (71)
[2018.12.28-13.11.56:365][131]LogModuleManager: Shutting down and abandoning module Slate (70)
[2018.12.28-13.11.56:365][131]LogModuleManager: Shutting down and abandoning module EditorStyle (69)
[2018.12.28-13.11.56:371][131]LogModuleManager: Shutting down and abandoning module SessionServices (68)
[2018.12.28-13.11.56:371][131]LogModuleManager: Shutting down and abandoning module SourceCodeAccess (67)
[2018.12.28-13.11.56:371][131]LogModuleManager: Shutting down and abandoning module HeadMountedDisplay (66)
[2018.12.28-13.11.56:371][131]LogModuleManager: Shutting down and abandoning module XAudio2 (65)
[2018.12.28-13.11.56:371][131]LogModuleManager: Shutting down and abandoning module Networking (63)
[2018.12.28-13.11.56:371][131]LogModuleManager: Shutting down and abandoning module Core (62)
[2018.12.28-13.11.56:372][131]LogModuleManager: Shutting down and abandoning module KismetCompiler (61)
[2018.12.28-13.11.56:372][131]LogModuleManager: Shutting down and abandoning module PhysXFormats (60)
[2018.12.28-13.11.56:372][131]LogModuleManager: Shutting down and abandoning module MeshUtilities (59)
[2018.12.28-13.11.56:372][131]LogModuleManager: Shutting down and abandoning module CookingStats (58)
[2018.12.28-13.11.56:372][131]LogModuleManager: Shutting down and abandoning module DerivedDataCache (57)
[2018.12.28-13.11.56:372][131]LogDerivedDataCache: Shutdown
[2018.12.28-13.11.56:372][131]LogModuleManager: Shutting down and abandoning module ShaderFormatOpenGL (56)
[2018.12.28-13.11.56:372][131]LogModuleManager: Shutting down and abandoning module ShaderFormatD3D (55)
[2018.12.28-13.11.56:372][131]LogModuleManager: Shutting down and abandoning module MetalShaderFormat (54)
[2018.12.28-13.11.56:372][131]LogModuleManager: Shutting down and abandoning module TextureFormatUncompressed (53)
[2018.12.28-13.11.56:372][131]LogModuleManager: Shutting down and abandoning module TextureFormatPVR (52)
[2018.12.28-13.11.56:372][131]LogModuleManager: Shutting down and abandoning module TextureFormatIntelISPCTexComp (51)
[2018.12.28-13.11.56:372][131]LogModuleManager: Shutting down and abandoning module TextureFormatDXT (50)
[2018.12.28-13.11.56:373][131]LogModuleManager: Shutting down and abandoning module ImageWrapper (49)
[2018.12.28-13.11.56:373][131]LogModuleManager: Shutting down and abandoning module TextureFormatASTC (48)
[2018.12.28-13.11.56:373][131]LogModuleManager: Shutting down and abandoning module TextureFormatAndroid (47)
[2018.12.28-13.11.56:373][131]LogModuleManager: Shutting down and abandoning module AudioFormatOpus (46)
[2018.12.28-13.11.56:373][131]LogModuleManager: Shutting down and abandoning module AudioFormatOgg (45)
[2018.12.28-13.11.56:373][131]LogModuleManager: Shutting down and abandoning module AudioFormatADPCM (44)
[2018.12.28-13.11.56:373][131]LogModuleManager: Shutting down and abandoning module LinuxTargetPlatform (43)
[2018.12.28-13.11.56:373][131]LogModuleManager: Shutting down and abandoning module LinuxServerTargetPlatform (42)
[2018.12.28-13.11.56:373][131]LogModuleManager: Shutting down and abandoning module LinuxNoEditorTargetPlatform (41)
[2018.12.28-13.11.56:373][131]LogModuleManager: Shutting down and abandoning module TVOSTargetPlatform (40)
[2018.12.28-13.11.56:373][131]LogModuleManager: Shutting down and abandoning module Messaging (39)
[2018.12.28-13.11.56:373][131]LogModuleManager: Shutting down and abandoning module IOSTargetPlatform (38)
[2018.12.28-13.11.56:373][131]LogModuleManager: Shutting down and abandoning module HTML5TargetPlatform (37)
[2018.12.28-13.11.56:373][131]LogModuleManager: Shutting down and abandoning module Android_PVRTCTargetPlatform (36)
[2018.12.28-13.11.56:373][131]LogModuleManager: Shutting down and abandoning module Android_MultiTargetPlatform (35)
[2018.12.28-13.11.56:373][131]LogModuleManager: Shutting down and abandoning module Android_ETC2TargetPlatform (34)
[2018.12.28-13.11.56:373][131]LogModuleManager: Shutting down and abandoning module Android_ETC1TargetPlatform (33)
[2018.12.28-13.11.56:373][131]LogModuleManager: Shutting down and abandoning module Android_DXTTargetPlatform (32)
[2018.12.28-13.11.56:373][131]LogModuleManager: Shutting down and abandoning module Android_ATCTargetPlatform (31)
[2018.12.28-13.11.56:373][131]LogModuleManager: Shutting down and abandoning module Android_ASTCTargetPlatform (30)
[2018.12.28-13.11.56:373][131]LogModuleManager: Shutting down and abandoning module AndroidTargetPlatform (29)
[2018.12.28-13.11.56:373][131]LogModuleManager: Shutting down and abandoning module WindowsTargetPlatform (28)
[2018.12.28-13.11.56:373][131]LogModuleManager: Shutting down and abandoning module WindowsServerTargetPlatform (27)
[2018.12.28-13.11.56:373][131]LogModuleManager: Shutting down and abandoning module WindowsNoEditorTargetPlatform (26)
[2018.12.28-13.11.56:374][131]LogModuleManager: Shutting down and abandoning module WindowsClientTargetPlatform (25)
[2018.12.28-13.11.56:374][131]LogModuleManager: Shutting down and abandoning module AllDesktopTargetPlatform (24)
[2018.12.28-13.11.56:374][131]LogModuleManager: Shutting down and abandoning module TargetPlatform (23)
[2018.12.28-13.11.56:374][131]LogModuleManager: Shutting down and abandoning module InputCore (22)
[2018.12.28-13.11.56:374][131]LogModuleManager: Shutting down and abandoning module Settings (21)
[2018.12.28-13.11.56:374][131]LogModuleManager: Shutting down and abandoning module OnlineSubsystem (19)
[2018.12.28-13.11.56:374][131]LogModuleManager: Shutting down and abandoning module HTTP (18)
[2018.12.28-13.11.57:374][131]LogModuleManager: Shutting down and abandoning module XMPP (17)
[2018.12.28-13.11.57:374][131]LogModuleManager: Shutting down and abandoning module OculusRift (16)
[2018.12.28-13.11.57:374][131]LogModuleManager: Shutting down and abandoning module ExampleDeviceProfileSelector (15)
[2018.12.28-13.11.57:374][131]LogModuleManager: Shutting down and abandoning module TextureCompressor (14)
[2018.12.28-13.11.57:375][131]LogModuleManager: Shutting down and abandoning module ShaderCore (13)
[2018.12.28-13.11.57:375][131]LogModuleManager: Shutting down and abandoning module Landscape (12)
[2018.12.28-13.11.57:375][131]LogModuleManager: Shutting down and abandoning module SlateRHIRenderer (11)
[2018.12.28-13.11.57:380][131]LogModuleManager: Shutting down and abandoning module OpenGLDrv (10)
[2018.12.28-13.11.57:380][131]LogModuleManager: Shutting down and abandoning module D3D11RHI (9)
[2018.12.28-13.11.57:380][131]LogModuleManager: Shutting down and abandoning module AnimGraphRuntime (8)
[2018.12.28-13.11.57:380][131]LogModuleManager: Shutting down and abandoning module Renderer (7)
[2018.12.28-13.11.57:380][131]LogModuleManager: Shutting down and abandoning module Engine (6)
[2018.12.28-13.11.57:380][131]LogModuleManager: Shutting down and abandoning module CoreUObject (5)
[2018.12.28-13.11.57:380][131]LogModuleManager: Shutting down and abandoning module NetworkFile (4)
[2018.12.28-13.11.57:380][131]LogModuleManager: Shutting down and abandoning module StreamingFile (3)
[2018.12.28-13.11.57:380][131]LogModuleManager: Shutting down and abandoning module SandboxFile (2)
[2018.12.28-13.11.57:380][131]LogModuleManager: Shutting down and abandoning module PakFile (1)
[2018.12.28-13.11.57:383][131]LogExit: Exiting.
[2018.12.28-13.11.57:387][131]Log file closed, 12/28/18 21:11:57
