Log file open, 01/05/19 15:07:13
LogInit:Display: Running engine for game: TopDownMiniGame
LogPlatformFile: Not using cached read wrapper
LogInit:Display: RandInit(-689511466) SRandInit(-689511464).
LogTaskGraph: Started task graph with 4 named threads and 5 total threads.
LogStats: Stats thread started at 0.183193
LogInit: Version: 4.11.2-2946394+++UE4+Release-4.11
LogInit: API Version: 2927265
LogInit: Compiled (64-bit): Apr 18 2016 02:18:46
LogInit: Compiled with Visual C++: 19.00.23026.00
LogInit: Build Configuration: Development
LogInit: Branch Name: ++UE4+Release-4.11
LogInit: Command line:  
LogInit: Base directory: D:/UE_4.11/Engine/Binaries/Win64/
LogInit: Installed Engine Build: 1
LogInit: Using libcurl 7.41.0
LogInit:  - built for x86_64-pc-win32
LogInit:  - supports SSL with WinSSL
LogInit:  - other features:
LogInit:      CURL_VERSION_SSL
LogInit:      CURL_VERSION_IPV6
LogInit:      CURL_VERSION_ASYNCHDNS
LogInit:      CURL_VERSION_LARGEFILE
LogInit:      CURL_VERSION_IDN
LogInit:  CurlRequestOptions (configurable via config and command line):
LogInit:  - bVerifyPeer = true  - Libcurl will verify peer certificate
LogInit:  - bUseHttpProxy = false  - Libcurl will NOT use HTTP proxy
LogInit:  - bDontReuseConnections = false  - Libcurl will reuse connections
LogInit:  - CertBundlePath = nullptr  - Libcurl will use whatever was configured at build time.
LogInit: Presizing for max 16777216 objects, including 0 objects not considered by GC, pre-allocating 0 bytes for permanent pool.
LogInit: Object subsystem initialized
[2019.01.05-07.07.13:894][  0]LogInit: Selected Device Profile: [Windows]
[2019.01.05-07.07.13:894][  0]LogInit: Applying CVar settings loaded from the selected device profile: [Windows]
[2019.01.05-07.07.13:969][  0]LogInit: Computer: 1-ПК
[2019.01.05-07.07.13:969][  0]LogInit: User: 1
[2019.01.05-07.07.13:969][  0]LogInit: CPU Page size=65536, Cores=2
[2019.01.05-07.07.13:969][  0]LogInit: High frequency timer resolution =2.338466 MHz
[2019.01.05-07.07.13:969][  0]LogMemory: Memory total: Physical=3.9GB (4GB approx)
[2019.01.05-07.07.13:969][  0]LogMemory: Platform Memory Stats for Windows
[2019.01.05-07.07.13:969][  0]LogMemory: Process Physical Memory: 314.99 MB used, 314.99 MB peak
[2019.01.05-07.07.13:969][  0]LogMemory: Process Virtual Memory: 315.19 MB used, 315.19 MB peak
[2019.01.05-07.07.13:969][  0]LogMemory: Physical Memory: 2232.55 MB used, 4010.14 MB total
[2019.01.05-07.07.13:969][  0]LogMemory: Virtual Memory: 622.36 MB used, 8388608.00 MB total
[2019.01.05-07.07.17:509][  0]LogTextLocalizationManager: No translations for ('ru-RU') exist, falling back to 'en' for localization and internationalization data.
[2019.01.05-07.07.19:262][  0]LogD3D11RHI: D3D11 adapters:
[2019.01.05-07.07.22:626][  0]LogD3D11RHI:    0. 'NVIDIA GeForce 410M' (Feature Level 11_0)
[2019.01.05-07.07.22:626][  0]LogD3D11RHI:       969MB of dedicated video memory, 0MB of dedicated system memory, and 1749MB of shared system memory, 1 output[s]
[2019.01.05-07.07.22:654][  0]LogD3D11RHI:    1. 'NVIDIA GeForce 410M' (Feature Level 11_0)
[2019.01.05-07.07.22:654][  0]LogD3D11RHI:       969MB of dedicated video memory, 0MB of dedicated system memory, and 1749MB of shared system memory, 0 output[s]
[2019.01.05-07.07.22:654][  0]LogD3D11RHI: Chosen D3D11 Adapter: 0
[2019.01.05-07.07.22:797][  0]LogD3D11RHI: Creating new Direct3DDevice
[2019.01.05-07.07.22:842][  0]LogD3D11RHI:     Adapter Name: Intel(R) HD Graphics 3000
[2019.01.05-07.07.22:842][  0]LogD3D11RHI:   Driver Version: Unknown (internal Unknown)
[2019.01.05-07.07.22:842][  0]LogD3D11RHI:      Driver Date: Unknown
[2019.01.05-07.07.22:879][  0]LogRHI: Texture pool is 1290 MB (70% of 1843 MB)
[2019.01.05-07.07.22:902][  0]LogD3D11RHI: Async texture creation enabled
[2019.01.05-07.07.24:319][  0]LogShaderCompilers: Guid format shader working directory is -33 characters bigger than the processId version (../../../../sergey/UnrealProjects/TowerOfDefence_Repository/TopDownMiniGame/Intermediate/Shaders/WorkingDirectory/1636/).
[2019.01.05-07.07.24:319][  0]LogShaderCompilers: Cleaned the shader compiler working directory 'C:/Users/1/AppData/Local/Temp/UnrealShaderWorkingDir/C29933E342BC6D4677549C8409CEB425/'.
[2019.01.05-07.07.24:387][  0]LogShaderCompilers:Display: Using Local Shader Compiler.
[2019.01.05-07.08.07:084][  0]LogTemp:Display: Loaded TP AllDesktopTargetPlatform
[2019.01.05-07.08.07:308][  0]LogTemp:Display: Loaded TP WindowsClientTargetPlatform
[2019.01.05-07.08.07:487][  0]LogTemp:Display: Loaded TP WindowsNoEditorTargetPlatform
[2019.01.05-07.08.07:645][  0]LogTemp:Display: Loaded TP WindowsServerTargetPlatform
[2019.01.05-07.08.07:930][  0]LogTemp:Display: Loaded TP WindowsTargetPlatform
[2019.01.05-07.08.08:328][  0]LogTemp:Display: Loaded TP AndroidTargetPlatform
[2019.01.05-07.08.08:836][  0]LogTemp:Display: Loaded TP Android_ASTCTargetPlatform
[2019.01.05-07.08.09:327][  0]LogTemp:Display: Loaded TP Android_ATCTargetPlatform
[2019.01.05-07.08.09:717][  0]LogTemp:Display: Loaded TP Android_DXTTargetPlatform
[2019.01.05-07.08.10:430][  0]LogTemp:Display: Loaded TP Android_ETC1TargetPlatform
[2019.01.05-07.08.11:486][  0]LogTemp:Display: Loaded TP Android_ETC2TargetPlatform
[2019.01.05-07.08.12:033][  0]LogTemp:Display: Loaded TP Android_MultiTargetPlatform
[2019.01.05-07.08.12:033][  0]LogTemp:Display: Loaded TP Android_PVRTCTargetPlatform
[2019.01.05-07.08.12:210][  0]LogTemp:Display: Loaded TP HTML5TargetPlatform
[2019.01.05-07.08.13:719][  0]LogTemp:Display: Loaded TP IOSTargetPlatform
[2019.01.05-07.08.13:730][  0]LogTemp:Display: Loaded TP TVOSTargetPlatform
[2019.01.05-07.08.13:887][  0]LogTemp:Display: Loaded TP LinuxNoEditorTargetPlatform
[2019.01.05-07.08.14:075][  0]LogTemp:Display: Loaded TP LinuxServerTargetPlatform
[2019.01.05-07.08.14:514][  0]LogTemp:Display: Loaded TP LinuxTargetPlatform
[2019.01.05-07.08.14:514][  0]LogTargetPlatformManager:Display: Building Assets For Windows
[2019.01.05-07.08.19:560][  0]LogDerivedDataCache:Display: Max Cache Size: 512 MB
[2019.01.05-07.08.23:196][  0]LogDerivedDataCache: Loaded boot cache 3.61s 46MB C:/Users/1/AppData/Local/UnrealEngine/4.11/DerivedDataCache/Boot.ddc.
[2019.01.05-07.08.23:196][  0]LogDerivedDataCache:Display: Loaded Boot cache: C:/Users/1/AppData/Local/UnrealEngine/4.11/DerivedDataCache/Boot.ddc
[2019.01.05-07.08.23:196][  0]LogDerivedDataCache: FDerivedDataBackendGraph:  Pak pak cache file ../../../../sergey/UnrealProjects/TowerOfDefence_Repository/TopDownMiniGame/DerivedDataCache/DDC.ddp not found, will not use a pak cache.
[2019.01.05-07.08.23:196][  0]LogDerivedDataCache: Unable to find inner node Pak for hierarchical cache Hierarchy.
[2019.01.05-07.08.23:196][  0]LogDerivedDataCache: FDerivedDataBackendGraph:  CompressedPak pak cache file ../../../../sergey/UnrealProjects/TowerOfDefence_Repository/TopDownMiniGame/DerivedDataCache/Compressed.ddp not found, will not use a pak cache.
[2019.01.05-07.08.23:196][  0]LogDerivedDataCache: Unable to find inner node CompressedPak for hierarchical cache Hierarchy.
[2019.01.05-07.08.23:483][  0]LogDerivedDataCache:Display: Pak cache opened for reading ../../../Engine/DerivedDataCache/Compressed.ddp.
[2019.01.05-07.08.23:548][  0]LogDerivedDataCache: Using Local data cache path C:/Users/1/AppData/Local/UnrealEngine/Common/DerivedDataCache: Writable
[2019.01.05-07.09.06:842][  0]LogInit: Selected Device Profile: [Windows]
[2019.01.05-07.09.07:268][  0]LogContentStreaming: Texture pool size is 0.00 MB
[2019.01.05-07.09.13:261][  0]LogMaterial: Uniform references updated for custom material expression Custom.
[2019.01.05-07.09.33:250][  0]LogMeshUtilities: No automatic mesh reduction module available
[2019.01.05-07.09.33:250][  0]LogMeshUtilities: No automatic mesh merging module available
[2019.01.05-07.09.33:250][  0]LogMeshUtilities: No distributed automatic mesh merging module available
[2019.01.05-07.09.53:171][  0]LogUObjectArray: 27679 objects as part of root set at end of initial load.
[2019.01.05-07.09.53:171][  0]LogUObjectAllocator: 5591600 out of 0 bytes used by permanent object pool.
[2019.01.05-07.09.53:182][  0]LogUObjectArray: CloseDisregardForGC: 0/0 objects in disregard for GC pool
[2019.01.05-07.09.53:231][  0]LogInit: WinSock: version 1.1 (2.2), MaxSocks=32767, MaxUdp=65467
[2019.01.05-07.09.59:931][  0]LogSlate: SlateFontCache - WITH_FREETYPE: 1, WITH_HARFBUZZ: 1
[2019.01.05-07.09.59:931][  0]LogSlate: SlateFontCache - WITH_FREETYPE: 1, WITH_HARFBUZZ: 1
[2019.01.05-07.10.03:944][  0]LogStreaming:Warning: Failed to read file '../../../Engine/Content/Editor/Slate/Common/Selection_16x.png' error.
[2019.01.05-07.10.03:944][  0]LogSlate: Could not find file for Slate resource: ../../../Engine/Content/Editor/Slate/Common/Selection_16x.png
[2019.01.05-07.10.03:961][  0]LogStreaming:Warning: Failed to read file '../../../Engine/Content/Editor/Slate/Common/Selection_16x.png' error.
[2019.01.05-07.10.03:961][  0]LogSlate: Could not find file for Slate resource: ../../../Engine/Content/Editor/Slate/Common/Selection_16x.png
[2019.01.05-07.10.03:961][  0]LogStreaming:Warning: Failed to read file '../../../Engine/Content/Editor/Slate/Common/Selection_16x.png' error.
[2019.01.05-07.10.03:961][  0]LogSlate: Could not find file for Slate resource: ../../../Engine/Content/Editor/Slate/Common/Selection_16x.png
[2019.01.05-07.10.18:875][  0]LogUdpMessaging: Initializing bridge on interface 0.0.0.0:0 to multicast group 230.0.0.1:6666.
[2019.01.05-07.10.19:791][  0]LogAssetRegistry: FAssetRegistry took 0.0271 seconds to start up
[2019.01.05-07.10.30:374][  0]SourceControl: Info Source control is disabled
[2019.01.05-07.10.30:404][  0]SourceControl: Info Source control is disabled
[2019.01.05-07.10.30:899][  0]SourceControl: Info Source control is disabled
[2019.01.05-07.10.31:008][  0]SourceControl: Info Source control is disabled
[2019.01.05-07.10.33:043][  0]LogHMD: Failed to initialize OpenVR with code 110
[2019.01.05-07.10.34:602][  0]LogEngine: Initializing Engine...
[2019.01.05-07.10.37:563][  0]LogAIModule: Creating AISystem for world NewWorld
[2019.01.05-07.10.37:857][  0]LogInit: XAudio2 using 'Динамики (Устройство с поддержкой High Definition Audio)' : 2 channels at 44.1 kHz using 16 bits per sample (channel mask 0x3)
[2019.01.05-07.10.37:981][  0]LogInit: FAudioDevice initialized.
[2019.01.05-07.10.38:062][  0]LogDerivedDataCache: Saved boot cache 0.08s 46MB C:/Users/1/AppData/Local/UnrealEngine/4.11/DerivedDataCache/Boot.ddc.
[2019.01.05-07.10.38:100][  0]LogInit: Texture streaming: Enabled
[2019.01.05-07.10.43:701][  0]LogInit: Transaction tracking system initialized
[2019.01.05-07.10.56:252][  0]BlueprintLog: New page: Editor Load
[2019.01.05-07.11.42:729][  0]LocalizationService: Info Localization service is disabled
[2019.01.05-07.12.07:186][  0]LogConsoleResponse:Display: 
[2019.01.05-07.12.22:681][  0]LogFileCache: Scanning file cache for directory 'D:/sergey/UnrealProjects/TowerOfDefence_Repository/TopDownMiniGame/Content/' took 0.40s
[2019.01.05-07.12.22:681][  0]LogCook:Display: Max memory allowance for cook 8192mb
[2019.01.05-07.12.22:681][  0]LogCook:Display: Mobile HDR setting 1
[2019.01.05-07.12.22:878][  0]LogCook:Display: Done creating registry. It took  0.00s.
[2019.01.05-07.12.27:632][  0]SourceControl: Info Source control is disabled
[2019.01.05-07.12.27:677][  0]Cmd: MAP LOAD FILE="../../../../sergey/UnrealProjects/TowerOfDefence_Repository/TopDownMiniGame/Content/TopDownBP/Maps/TopDownExampleMap.umap" TEMPLATE=0 SHOWPROGRESS=1 FEATURELEVEL=3
[2019.01.05-07.12.27:695][  0]LightingResults: New page: Lighting Build
[2019.01.05-07.12.28:413][  0]MapCheck: New page: Map Check
[2019.01.05-07.12.28:413][  0]LightingResults: New page: Lighting Build
[2019.01.05-07.12.46:589][  0]LogAIModule: Creating AISystem for world TopDownExampleMap
[2019.01.05-07.12.48:481][  0]LogPhysics:Warning: AddConvexElemsToRigidActor: [/Game/Graphics/ModularBuildings/modularBuildings_004.modularBuildings_004] ConvexElem[0] invalid
[2019.01.05-07.12.49:642][  0]LogEditorServer: Finished looking for orphan Actors (0.000 secs)
[2019.01.05-07.12.50:331][  0]Cmd: MAP CHECKDEP NOCLEARLOG
[2019.01.05-07.12.50:533][  0]MapCheck: Info Map check complete: 0 Error(s), 0 Warning(s), took 201.406ms to complete.
[2019.01.05-07.12.50:533][  0]LogFileHelpers: Loading map 'TopDownExampleMap' took 22.876
[2019.01.05-07.12.55:427][  0]LogCollectionManager: Loaded 0 collections in 0.003173 seconds
[2019.01.05-07.12.55:863][  0]LogFileCache: Scanning file cache for directory 'D:/sergey/UnrealProjects/TowerOfDefence_Repository/TopDownMiniGame/Saved/Collections/' took 0.01s
[2019.01.05-07.12.55:863][  0]LogFileCache: Scanning file cache for directory 'D:/sergey/UnrealProjects/TowerOfDefence_Repository/TopDownMiniGame/Content/Developers/1/Collections/' took 0.01s
[2019.01.05-07.12.55:863][  0]LogFileCache: Scanning file cache for directory 'D:/sergey/UnrealProjects/TowerOfDefence_Repository/TopDownMiniGame/Content/Collections/' took 0.00s
[2019.01.05-07.12.55:863][  0]LogCollectionManager: Rebuilt the GUID cache for 0 collections in 0.000004 seconds
[2019.01.05-07.12.55:902][  0]LogContentBrowser: Native class hierarchy populated in 0.0380 seconds. Added 1979 classes and 343 folders.
[2019.01.05-07.12.56:316][  0]LogStats: UGameplayTagsManager::ConstructGameplayTagTree: Construct from data asset -  0.000 s
[2019.01.05-07.12.56:316][  0]LogStats: UGameplayTagsManager::ConstructGameplayTagTree: GameplayTagTreeChangedEvent.Broadcast -  0.000 s
[2019.01.05-07.12.56:317][  0]LogContentBrowser: Native class hierarchy updated for 'GameplayTags' in 0.0007 seconds. Added 12 classes and 0 folders.
[2019.01.05-07.12.56:595][  0]LogContentBrowser: Native class hierarchy updated for 'WidgetCarousel' in 0.0014 seconds. Added 0 classes and 0 folders.
[2019.01.05-07.12.58:194][  0]LogContentBrowser: Native class hierarchy updated for 'SuperSearch' in 0.0005 seconds. Added 1 classes and 2 folders.
[2019.01.05-07.13.02:893][  0]LogContentBrowser: Native class hierarchy updated for 'AddContentDialog' in 0.0006 seconds. Added 0 classes and 0 folders.
[2019.01.05-07.13.06:163][  0]LogContentBrowser: Native class hierarchy updated for 'SceneOutliner' in 0.0006 seconds. Added 1 classes and 2 folders.
[2019.01.05-07.13.08:846][  0]LogCrashTracker: Crashtracker disabled due to settings.
[2019.01.05-07.13.09:138][  0]LogUObjectGlobals:Warning: Failed to find object 'Class None.'
[2019.01.05-07.13.10:300][  0]LogContentBrowser: Native class hierarchy updated for 'HierarchicalLODOutliner' in 0.0007 seconds. Added 1 classes and 2 folders.
[2019.01.05-07.13.10:300][  0]LogLoad: Full Startup: 359.71 seconds (BP compile: 3.81 seconds)
[2019.01.05-07.13.10:300][  0]LogExternalProfiler: Found external profiler: VSPerf
[2019.01.05-07.13.10:300][  0]LogExternalProfiler: Using external profiler: VSPerf
[2019.01.05-07.13.10:747][  0]LogOcInput: OculusInput pre-init called
[2019.01.05-07.13.13:717][  0]LogContentStreaming: Texture pool size now 200 MB
[2019.01.05-07.13.17:965][  0]LogRenderer: Reallocating scene render targets to support 652x648 (Frame:2).
[2019.01.05-07.13.20:477][  2]LogAssetRegistry: Asset discovery search completed in 180.7052 seconds
[2019.01.05-07.13.20:490][  2]LogCollectionManager: Rebuilt the object cache for 0 collections in 0.000001 seconds (found 0 objects)
[2019.01.05-07.13.20:490][  2]LogCollectionManager: Fixed up redirectors for 0 collections in 0.013036 seconds (updated 0 objects)
[2019.01.05-07.14.20:563][393]LogBlueprintUserMessages: Early PlayInEditor Detection: Level '/Game/TopDownBP/Maps/TopDownExampleMap.TopDownExampleMap:PersistentLevel' has LevelScriptBlueprint '/Game/TopDownBP/Maps/TopDownExampleMap.TopDownExampleMap:PersistentLevel.TopDownExampleMap' with GeneratedClass '/Game/TopDownBP/Maps/TopDownExampleMap.TopDownExampleMap_C' with ClassGeneratedBy '/Game/TopDownBP/Maps/TopDownExampleMap.TopDownExampleMap:PersistentLevel.TopDownExampleMap'
[2019.01.05-07.14.20:564][393]LogPlayLevel: PlayLevel: No blueprints needed recompiling
[2019.01.05-07.14.20:744][393]PIE: New page: PIE session: TopDownExampleMap (Jan 5, 2019, 11:14:20 PM)
[2019.01.05-07.14.20:744][393]LogPlayLevel: Creating play world package: /Game/TopDownBP/Maps/UEDPIE_0_TopDownExampleMap
[2019.01.05-07.14.20:854][393]LogPlayLevel: PIE: StaticDuplicateObject took: (0.109889s)
[2019.01.05-07.14.20:855][393]LogAIModule: Creating AISystem for world TopDownExampleMap
[2019.01.05-07.14.20:856][393]LogPlayLevel: PIE: World Init took: (0.001316s)
[2019.01.05-07.14.20:856][393]LogPlayLevel: PIE: Created PIE world by copying editor world from /Game/TopDownBP/Maps/TopDownExampleMap.TopDownExampleMap to /Game/TopDownBP/Maps/UEDPIE_0_TopDownExampleMap.TopDownExampleMap (0.111695s)
[2019.01.05-07.14.20:987][393]LogInit: XAudio2 using 'Динамики (Устройство с поддержкой High Definition Audio)' : 2 channels at 44.1 kHz using 16 bits per sample (channel mask 0x3)
[2019.01.05-07.14.21:001][393]LogInit: FAudioDevice initialized.
[2019.01.05-07.14.21:178][393]LogWorld: Game class is 'TopDownGameMode_C'
[2019.01.05-07.14.21:270][393]LogPhysics:Warning: AddConvexElemsToRigidActor: [/Game/Graphics/ModularBuildings/modularBuildings_004.modularBuildings_004] ConvexElem[0] invalid
[2019.01.05-07.14.21:274][393]LogWorld: Bringing World /Game/TopDownBP/Maps/UEDPIE_0_TopDownExampleMap.TopDownExampleMap up for play (max tick rate 60) at 2019.01.05-15.14.21
[2019.01.05-07.14.21:298][393]LogWorld: Bringing up level for play took: 0.043306
[2019.01.05-07.14.21:424][393]LogContentBrowser: Native class hierarchy updated for 'MovieSceneCapture' in 0.0023 seconds. Added 9 classes and 0 folders.
[2019.01.05-07.14.21:616][393]LogBlueprintUserMessages: [Quest_Test_C_0] Соберите 5 коробок.
[2019.01.05-07.14.21:640][393]PIE: Info Play in editor start time for /Game/TopDownBP/Maps/UEDPIE_0_TopDownExampleMap 0.656
[2019.01.05-07.14.21:640][393]LogBlueprintUserMessages: Late PlayInEditor Detection: Level '/Game/TopDownBP/Maps/TopDownExampleMap.TopDownExampleMap:PersistentLevel' has LevelScriptBlueprint '/Game/TopDownBP/Maps/TopDownExampleMap.TopDownExampleMap:PersistentLevel.TopDownExampleMap' with GeneratedClass '/Game/TopDownBP/Maps/TopDownExampleMap.TopDownExampleMap_C' with ClassGeneratedBy '/Game/TopDownBP/Maps/TopDownExampleMap.TopDownExampleMap:PersistentLevel.TopDownExampleMap'
[2019.01.05-07.14.23:740][418]LogBlueprintUserMessages: Early EndPlayMap Detection: Level '/Game/TopDownBP/Maps/TopDownExampleMap.TopDownExampleMap:PersistentLevel' has LevelScriptBlueprint '/Game/TopDownBP/Maps/TopDownExampleMap.TopDownExampleMap:PersistentLevel.TopDownExampleMap' with GeneratedClass '/Game/TopDownBP/Maps/TopDownExampleMap.TopDownExampleMap_C' with ClassGeneratedBy '/Game/TopDownBP/Maps/TopDownExampleMap.TopDownExampleMap:PersistentLevel.TopDownExampleMap'
[2019.01.05-07.14.23:865][418]LogBlueprintUserMessages: Late EndPlayMap Detection: Level '/Game/TopDownBP/Maps/TopDownExampleMap.TopDownExampleMap:PersistentLevel' has LevelScriptBlueprint '/Game/TopDownBP/Maps/TopDownExampleMap.TopDownExampleMap:PersistentLevel.TopDownExampleMap' with GeneratedClass '/Game/TopDownBP/Maps/TopDownExampleMap.TopDownExampleMap_C' with ClassGeneratedBy '/Game/TopDownBP/Maps/TopDownExampleMap.TopDownExampleMap:PersistentLevel.TopDownExampleMap'
[2019.01.05-07.14.51:576][934]LogEditorViewport: Clicking on Actor (LMB): StaticMeshActor (cliffBrown_top6)
[2019.01.05-07.15.02:294][ 82]LogEditorViewport: Clicking on Actor (LMB): StaticMeshActor (cliffBrown_cornerInnerTop)
[2019.01.05-07.15.22:574][329]LogPhysics:Warning: AddConvexElemsToRigidActor: [/Game/Graphics/ModularBuildings/modularBuildings_004.modularBuildings_004] ConvexElem[0] invalid
[2019.01.05-07.15.23:608][352]LogEditorViewport: Clicking on Actor (context menu): StaticMeshActor (Floor)
[2019.01.05-07.15.28:107][426]LogBlueprintUserMessages: Early PlayInEditor Detection: Level '/Game/TopDownBP/Maps/TopDownExampleMap.TopDownExampleMap:PersistentLevel' has LevelScriptBlueprint '/Game/TopDownBP/Maps/TopDownExampleMap.TopDownExampleMap:PersistentLevel.TopDownExampleMap' with GeneratedClass '/Game/TopDownBP/Maps/TopDownExampleMap.TopDownExampleMap_C' with ClassGeneratedBy '/Game/TopDownBP/Maps/TopDownExampleMap.TopDownExampleMap:PersistentLevel.TopDownExampleMap'
[2019.01.05-07.15.28:107][426]LogPlayLevel: PlayLevel: No blueprints needed recompiling
[2019.01.05-07.15.28:108][426]PIE: New page: PIE session: TopDownExampleMap (Jan 5, 2019, 11:15:28 PM)
[2019.01.05-07.15.28:108][426]LogPlayLevel: Creating play world package: /Game/TopDownBP/Maps/UEDPIE_0_TopDownExampleMap
[2019.01.05-07.15.28:195][426]LogPlayLevel: PIE: StaticDuplicateObject took: (0.087393s)
[2019.01.05-07.15.28:197][426]LogAIModule: Creating AISystem for world TopDownExampleMap
[2019.01.05-07.15.28:197][426]LogPlayLevel: PIE: World Init took: (0.001973s)
[2019.01.05-07.15.28:198][426]LogPlayLevel: PIE: Created PIE world by copying editor world from /Game/TopDownBP/Maps/TopDownExampleMap.TopDownExampleMap to /Game/TopDownBP/Maps/UEDPIE_0_TopDownExampleMap.TopDownExampleMap (0.090103s)
[2019.01.05-07.15.28:276][426]LogInit: XAudio2 using 'Динамики (Устройство с поддержкой High Definition Audio)' : 2 channels at 44.1 kHz using 16 bits per sample (channel mask 0x3)
[2019.01.05-07.15.28:298][426]LogInit: FAudioDevice initialized.
[2019.01.05-07.15.28:369][426]LogWorld: Game class is 'TopDownGameMode_C'
[2019.01.05-07.15.28:396][426]LogPhysics:Warning: AddConvexElemsToRigidActor: [/Game/Graphics/ModularBuildings/modularBuildings_004.modularBuildings_004] ConvexElem[0] invalid
[2019.01.05-07.15.28:401][426]LogWorld: Bringing World /Game/TopDownBP/Maps/UEDPIE_0_TopDownExampleMap.TopDownExampleMap up for play (max tick rate 60) at 2019.01.05-15.15.28
[2019.01.05-07.15.28:402][426]LogWorld: Bringing up level for play took: 0.031822
[2019.01.05-07.15.28:407][426]LogBlueprintUserMessages: [Quest_Test_C_1] Соберите 5 коробок.
[2019.01.05-07.15.28:429][426]PIE: Info Play in editor start time for /Game/TopDownBP/Maps/UEDPIE_0_TopDownExampleMap -0.556
[2019.01.05-07.15.28:451][426]LogBlueprintUserMessages: Late PlayInEditor Detection: Level '/Game/TopDownBP/Maps/TopDownExampleMap.TopDownExampleMap:PersistentLevel' has LevelScriptBlueprint '/Game/TopDownBP/Maps/TopDownExampleMap.TopDownExampleMap:PersistentLevel.TopDownExampleMap' with GeneratedClass '/Game/TopDownBP/Maps/TopDownExampleMap.TopDownExampleMap_C' with ClassGeneratedBy '/Game/TopDownBP/Maps/TopDownExampleMap.TopDownExampleMap:PersistentLevel.TopDownExampleMap'
[2019.01.05-07.15.28:491][427]LogRenderer: Reallocating scene render targets to support 1024x648 (Frame:691).
[2019.01.05-07.15.32:035][480]LogBlueprintUserMessages: [Interactable] Hello
[2019.01.05-07.15.32:246][483]LogBlueprintUserMessages: [Interactable] Hello
[2019.01.05-07.15.32:855][493]LogBlueprintUserMessages: [Interactable] Hello
[2019.01.05-07.15.34:724][522]LogBlueprintUserMessages: [Interactable] Hello
[2019.01.05-07.15.35:946][540]LogBlueprintUserMessages: Early EndPlayMap Detection: Level '/Game/TopDownBP/Maps/TopDownExampleMap.TopDownExampleMap:PersistentLevel' has LevelScriptBlueprint '/Game/TopDownBP/Maps/TopDownExampleMap.TopDownExampleMap:PersistentLevel.TopDownExampleMap' with GeneratedClass '/Game/TopDownBP/Maps/TopDownExampleMap.TopDownExampleMap_C' with ClassGeneratedBy '/Game/TopDownBP/Maps/TopDownExampleMap.TopDownExampleMap:PersistentLevel.TopDownExampleMap'
[2019.01.05-07.15.36:111][540]LogBlueprintUserMessages: Late EndPlayMap Detection: Level '/Game/TopDownBP/Maps/TopDownExampleMap.TopDownExampleMap:PersistentLevel' has LevelScriptBlueprint '/Game/TopDownBP/Maps/TopDownExampleMap.TopDownExampleMap:PersistentLevel.TopDownExampleMap' with GeneratedClass '/Game/TopDownBP/Maps/TopDownExampleMap.TopDownExampleMap_C' with ClassGeneratedBy '/Game/TopDownBP/Maps/TopDownExampleMap.TopDownExampleMap:PersistentLevel.TopDownExampleMap'
[2019.01.05-07.15.42:493][660]Cmd: STAT FPS
[2019.01.05-07.15.49:467][809]LogBlueprintUserMessages: Early PlayInEditor Detection: Level '/Game/TopDownBP/Maps/TopDownExampleMap.TopDownExampleMap:PersistentLevel' has LevelScriptBlueprint '/Game/TopDownBP/Maps/TopDownExampleMap.TopDownExampleMap:PersistentLevel.TopDownExampleMap' with GeneratedClass '/Game/TopDownBP/Maps/TopDownExampleMap.TopDownExampleMap_C' with ClassGeneratedBy '/Game/TopDownBP/Maps/TopDownExampleMap.TopDownExampleMap:PersistentLevel.TopDownExampleMap'
[2019.01.05-07.15.49:467][809]LogPlayLevel: PlayLevel: No blueprints needed recompiling
[2019.01.05-07.15.49:468][809]PIE: New page: PIE session: TopDownExampleMap (Jan 5, 2019, 11:15:49 PM)
[2019.01.05-07.15.49:468][809]LogPlayLevel: Creating play world package: /Game/TopDownBP/Maps/UEDPIE_0_TopDownExampleMap
[2019.01.05-07.15.49:555][809]LogPlayLevel: PIE: StaticDuplicateObject took: (0.087572s)
[2019.01.05-07.15.49:557][809]LogAIModule: Creating AISystem for world TopDownExampleMap
[2019.01.05-07.15.49:557][809]LogPlayLevel: PIE: World Init took: (0.001938s)
[2019.01.05-07.15.49:558][809]LogPlayLevel: PIE: Created PIE world by copying editor world from /Game/TopDownBP/Maps/TopDownExampleMap.TopDownExampleMap to /Game/TopDownBP/Maps/UEDPIE_0_TopDownExampleMap.TopDownExampleMap (0.090121s)
[2019.01.05-07.15.49:650][809]LogInit: XAudio2 using 'Динамики (Устройство с поддержкой High Definition Audio)' : 2 channels at 44.1 kHz using 16 bits per sample (channel mask 0x3)
[2019.01.05-07.15.49:675][809]LogInit: FAudioDevice initialized.
[2019.01.05-07.15.49:748][809]LogWorld: Game class is 'TopDownGameMode_C'
[2019.01.05-07.15.49:770][809]LogPhysics:Warning: AddConvexElemsToRigidActor: [/Game/Graphics/ModularBuildings/modularBuildings_004.modularBuildings_004] ConvexElem[0] invalid
[2019.01.05-07.15.49:775][809]LogWorld: Bringing World /Game/TopDownBP/Maps/UEDPIE_0_TopDownExampleMap.TopDownExampleMap up for play (max tick rate 60) at 2019.01.05-15.15.49
[2019.01.05-07.15.49:776][809]LogWorld: Bringing up level for play took: 0.027543
[2019.01.05-07.15.49:780][809]LogBlueprintUserMessages: [Quest_Test_C_2] Соберите 5 коробок.
[2019.01.05-07.15.49:795][809]PIE: Info Play in editor start time for /Game/TopDownBP/Maps/UEDPIE_0_TopDownExampleMap 0.811
[2019.01.05-07.15.49:795][809]LogBlueprintUserMessages: Late PlayInEditor Detection: Level '/Game/TopDownBP/Maps/TopDownExampleMap.TopDownExampleMap:PersistentLevel' has LevelScriptBlueprint '/Game/TopDownBP/Maps/TopDownExampleMap.TopDownExampleMap:PersistentLevel.TopDownExampleMap' with GeneratedClass '/Game/TopDownBP/Maps/TopDownExampleMap.TopDownExampleMap_C' with ClassGeneratedBy '/Game/TopDownBP/Maps/TopDownExampleMap.TopDownExampleMap:PersistentLevel.TopDownExampleMap'
[2019.01.05-07.15.49:834][810]LogCharacterMovement:Warning: GetSimulationTimeStep() - Max iterations 8 hit while remaining time 0.061285 > MaxSimulationTimeStep (0.050) for 'TopDownCharacter', movement 'Walking'
[2019.01.05-07.16.00:218][974]LogBlueprintUserMessages: [Interactable] Hello
[2019.01.05-07.16.03:945][ 35]LogBlueprintUserMessages: [Interactable] Hello
[2019.01.05-07.16.05:759][ 63]LogBlueprintUserMessages: [Interactable] Hello
[2019.01.05-07.16.10:764][145]LogBlueprintUserMessages: [Interactable] Hello
[2019.01.05-07.16.16:550][238]LogBlueprintUserMessages: Early EndPlayMap Detection: Level '/Game/TopDownBP/Maps/TopDownExampleMap.TopDownExampleMap:PersistentLevel' has LevelScriptBlueprint '/Game/TopDownBP/Maps/TopDownExampleMap.TopDownExampleMap:PersistentLevel.TopDownExampleMap' with GeneratedClass '/Game/TopDownBP/Maps/TopDownExampleMap.TopDownExampleMap_C' with ClassGeneratedBy '/Game/TopDownBP/Maps/TopDownExampleMap.TopDownExampleMap:PersistentLevel.TopDownExampleMap'
[2019.01.05-07.16.16:733][238]LogBlueprintUserMessages: Late EndPlayMap Detection: Level '/Game/TopDownBP/Maps/TopDownExampleMap.TopDownExampleMap:PersistentLevel' has LevelScriptBlueprint '/Game/TopDownBP/Maps/TopDownExampleMap.TopDownExampleMap:PersistentLevel.TopDownExampleMap' with GeneratedClass '/Game/TopDownBP/Maps/TopDownExampleMap.TopDownExampleMap_C' with ClassGeneratedBy '/Game/TopDownBP/Maps/TopDownExampleMap.TopDownExampleMap:PersistentLevel.TopDownExampleMap'
[2019.01.05-07.17.52:439][490]LogSavePackage: Save=1711.70ms
[2019.01.05-07.17.52:439][490]LogSavePackage: Moving '../../../../sergey/UnrealProjects/TowerOfDefence_Repository/TopDownMiniGame/Saved/TopDownExampleMapA9BE7D524EC7A58360BCB0847EAC19B3.tmp' to '../../../../sergey/UnrealProjects/TowerOfDefence_Repository/TopDownMiniGame/Content/TopDownBP/Maps/TopDownExampleMap.umap'
[2019.01.05-07.17.52:512][490]LogSavePackage: Total save time: 2050.33ms
[2019.01.05-07.17.52:512][490]LogSavePackage:Display: Finished SavePackage ../../../../sergey/UnrealProjects/TowerOfDefence_Repository/TopDownMiniGame/Content/TopDownBP/Maps/TopDownExampleMap.umap
[2019.01.05-07.17.52:658][490]LogFileHelpers: Saving map 'TopDownExampleMap' took 2.718
[2019.01.05-07.17.55:204][549]LogBlueprintUserMessages: Early PlayInEditor Detection: Level '/Game/TopDownBP/Maps/TopDownExampleMap.TopDownExampleMap:PersistentLevel' has LevelScriptBlueprint '/Game/TopDownBP/Maps/TopDownExampleMap.TopDownExampleMap:PersistentLevel.TopDownExampleMap' with GeneratedClass '/Game/TopDownBP/Maps/TopDownExampleMap.TopDownExampleMap_C' with ClassGeneratedBy '/Game/TopDownBP/Maps/TopDownExampleMap.TopDownExampleMap:PersistentLevel.TopDownExampleMap'
[2019.01.05-07.17.55:204][549]LogPlayLevel: PlayLevel: No blueprints needed recompiling
[2019.01.05-07.17.55:204][549]PIE: New page: PIE session: TopDownExampleMap (Jan 5, 2019, 11:17:55 PM)
[2019.01.05-07.17.55:205][549]LogPlayLevel: Creating play world package: /Game/TopDownBP/Maps/UEDPIE_0_TopDownExampleMap
[2019.01.05-07.17.55:294][549]LogPlayLevel: PIE: StaticDuplicateObject took: (0.088847s)
[2019.01.05-07.17.55:295][549]LogAIModule: Creating AISystem for world TopDownExampleMap
[2019.01.05-07.17.55:296][549]LogPlayLevel: PIE: World Init took: (0.002241s)
[2019.01.05-07.17.55:296][549]LogPlayLevel: PIE: Created PIE world by copying editor world from /Game/TopDownBP/Maps/TopDownExampleMap.TopDownExampleMap to /Game/TopDownBP/Maps/UEDPIE_0_TopDownExampleMap.TopDownExampleMap (0.091703s)
[2019.01.05-07.17.55:391][549]LogInit: XAudio2 using 'Динамики (Устройство с поддержкой High Definition Audio)' : 2 channels at 44.1 kHz using 16 bits per sample (channel mask 0x3)
[2019.01.05-07.17.55:421][549]LogInit: FAudioDevice initialized.
[2019.01.05-07.17.55:530][549]LogWorld: Game class is 'TopDownGameMode_C'
[2019.01.05-07.17.55:563][549]LogPhysics:Warning: AddConvexElemsToRigidActor: [/Game/Graphics/ModularBuildings/modularBuildings_004.modularBuildings_004] ConvexElem[0] invalid
[2019.01.05-07.17.55:572][549]LogWorld: Bringing World /Game/TopDownBP/Maps/UEDPIE_0_TopDownExampleMap.TopDownExampleMap up for play (max tick rate 60) at 2019.01.05-15.17.55
[2019.01.05-07.17.55:574][549]LogWorld: Bringing up level for play took: 0.042372
[2019.01.05-07.17.55:580][549]LogBlueprintUserMessages: [Quest_Test_C_3] Соберите 5 коробок.
[2019.01.05-07.17.55:607][549]PIE: Info Play in editor start time for /Game/TopDownBP/Maps/UEDPIE_0_TopDownExampleMap 0.621
[2019.01.05-07.17.55:608][549]LogBlueprintUserMessages: Late PlayInEditor Detection: Level '/Game/TopDownBP/Maps/TopDownExampleMap.TopDownExampleMap:PersistentLevel' has LevelScriptBlueprint '/Game/TopDownBP/Maps/TopDownExampleMap.TopDownExampleMap:PersistentLevel.TopDownExampleMap' with GeneratedClass '/Game/TopDownBP/Maps/TopDownExampleMap.TopDownExampleMap_C' with ClassGeneratedBy '/Game/TopDownBP/Maps/TopDownExampleMap.TopDownExampleMap:PersistentLevel.TopDownExampleMap'
[2019.01.05-07.17.57:786][585]LogBlueprintUserMessages: [Interactable] Hello
[2019.01.05-07.17.58:590][599]LogBlueprintUserMessages: Early EndPlayMap Detection: Level '/Game/TopDownBP/Maps/TopDownExampleMap.TopDownExampleMap:PersistentLevel' has LevelScriptBlueprint '/Game/TopDownBP/Maps/TopDownExampleMap.TopDownExampleMap:PersistentLevel.TopDownExampleMap' with GeneratedClass '/Game/TopDownBP/Maps/TopDownExampleMap.TopDownExampleMap_C' with ClassGeneratedBy '/Game/TopDownBP/Maps/TopDownExampleMap.TopDownExampleMap:PersistentLevel.TopDownExampleMap'
[2019.01.05-07.17.58:789][599]LogBlueprintUserMessages: Late EndPlayMap Detection: Level '/Game/TopDownBP/Maps/TopDownExampleMap.TopDownExampleMap:PersistentLevel' has LevelScriptBlueprint '/Game/TopDownBP/Maps/TopDownExampleMap.TopDownExampleMap:PersistentLevel.TopDownExampleMap' with GeneratedClass '/Game/TopDownBP/Maps/TopDownExampleMap.TopDownExampleMap_C' with ClassGeneratedBy '/Game/TopDownBP/Maps/TopDownExampleMap.TopDownExampleMap:PersistentLevel.TopDownExampleMap'
[2019.01.05-07.18.19:083][988]LogContentBrowser: Native class hierarchy updated for 'BlueprintGraph' in 0.0031 seconds. Added 108 classes and 0 folders.
[2019.01.05-07.41.06:386][921]LogBlueprintUserMessages: Early PlayInEditor Detection: Level '/Game/TopDownBP/Maps/TopDownExampleMap.TopDownExampleMap:PersistentLevel' has LevelScriptBlueprint '/Game/TopDownBP/Maps/TopDownExampleMap.TopDownExampleMap:PersistentLevel.TopDownExampleMap' with GeneratedClass '/Game/TopDownBP/Maps/TopDownExampleMap.TopDownExampleMap_C' with ClassGeneratedBy '/Game/TopDownBP/Maps/TopDownExampleMap.TopDownExampleMap:PersistentLevel.TopDownExampleMap'
[2019.01.05-07.41.06:386][921]LogPlayLevel: PlayLevel: No blueprints needed recompiling
[2019.01.05-07.41.06:386][921]PIE: New page: PIE session: TopDownExampleMap (Jan 5, 2019, 11:41:06 PM)
[2019.01.05-07.41.06:386][921]LogPlayLevel: Creating play world package: /Game/TopDownBP/Maps/UEDPIE_0_TopDownExampleMap
[2019.01.05-07.41.06:436][921]LogPlayLevel: PIE: StaticDuplicateObject took: (0.050114s)
[2019.01.05-07.41.06:438][921]LogAIModule: Creating AISystem for world TopDownExampleMap
[2019.01.05-07.41.06:438][921]LogPlayLevel: PIE: World Init took: (0.002095s)
[2019.01.05-07.41.06:439][921]LogPlayLevel: PIE: Created PIE world by copying editor world from /Game/TopDownBP/Maps/TopDownExampleMap.TopDownExampleMap to /Game/TopDownBP/Maps/UEDPIE_0_TopDownExampleMap.TopDownExampleMap (0.052559s)
[2019.01.05-07.41.06:837][921]LogActorComponent: UnregisterComponent: (/Engine/Transient.CharMoveComp) Not registered. Aborting.
[2019.01.05-07.41.06:837][921]LogActorComponent: UnregisterComponent: (/Engine/Transient.Interactable_GEN_VARIABLE) Not registered. Aborting.
[2019.01.05-07.41.07:169][921]LogInit: XAudio2 using 'Динамики (Устройство с поддержкой High Definition Audio)' : 2 channels at 44.1 kHz using 16 bits per sample (channel mask 0x3)
[2019.01.05-07.41.07:183][921]LogInit: FAudioDevice initialized.
[2019.01.05-07.41.07:226][921]LogWorld: Game class is 'TopDownGameMode_C'
[2019.01.05-07.41.07:245][921]LogPhysics:Warning: AddConvexElemsToRigidActor: [/Game/Graphics/ModularBuildings/modularBuildings_004.modularBuildings_004] ConvexElem[0] invalid
[2019.01.05-07.41.07:250][921]LogWorld: Bringing World /Game/TopDownBP/Maps/UEDPIE_0_TopDownExampleMap.TopDownExampleMap up for play (max tick rate 60) at 2019.01.05-15.41.07
[2019.01.05-07.41.07:251][921]LogWorld: Bringing up level for play took: 0.023791
[2019.01.05-07.41.07:328][921]LogBlueprintUserMessages: [Quest_Test_C_4] Соберите 5 коробок.
[2019.01.05-07.41.07:342][921]PIE: Info Play in editor start time for /Game/TopDownBP/Maps/UEDPIE_0_TopDownExampleMap 0.339
[2019.01.05-07.41.07:342][921]LogBlueprintUserMessages: Late PlayInEditor Detection: Level '/Game/TopDownBP/Maps/TopDownExampleMap.TopDownExampleMap:PersistentLevel' has LevelScriptBlueprint '/Game/TopDownBP/Maps/TopDownExampleMap.TopDownExampleMap:PersistentLevel.TopDownExampleMap' with GeneratedClass '/Game/TopDownBP/Maps/TopDownExampleMap.TopDownExampleMap_C' with ClassGeneratedBy '/Game/TopDownBP/Maps/TopDownExampleMap.TopDownExampleMap:PersistentLevel.TopDownExampleMap'
[2019.01.05-07.41.07:375][922]LogBlueprintUserMessages: [Interactable] Hello
[2019.01.05-07.41.14:379][195]LogBlueprintUserMessages: [Interactable] Hello
[2019.01.05-07.41.14:867][214]LogBlueprintUserMessages: [Interactable] Hello
[2019.01.05-07.41.18:159][342]LogBlueprintUserMessages: [Interactable] Hello
[2019.01.05-07.41.24:134][566]LogBlueprintUserMessages: Early EndPlayMap Detection: Level '/Game/TopDownBP/Maps/TopDownExampleMap.TopDownExampleMap:PersistentLevel' has LevelScriptBlueprint '/Game/TopDownBP/Maps/TopDownExampleMap.TopDownExampleMap:PersistentLevel.TopDownExampleMap' with GeneratedClass '/Game/TopDownBP/Maps/TopDownExampleMap.TopDownExampleMap_C' with ClassGeneratedBy '/Game/TopDownBP/Maps/TopDownExampleMap.TopDownExampleMap:PersistentLevel.TopDownExampleMap'
[2019.01.05-07.41.24:358][566]LogBlueprintUserMessages: Late EndPlayMap Detection: Level '/Game/TopDownBP/Maps/TopDownExampleMap.TopDownExampleMap:PersistentLevel' has LevelScriptBlueprint '/Game/TopDownBP/Maps/TopDownExampleMap.TopDownExampleMap:PersistentLevel.TopDownExampleMap' with GeneratedClass '/Game/TopDownBP/Maps/TopDownExampleMap.TopDownExampleMap_C' with ClassGeneratedBy '/Game/TopDownBP/Maps/TopDownExampleMap.TopDownExampleMap:PersistentLevel.TopDownExampleMap'
[2019.01.05-07.50.50:018][605]LogBlueprintUserMessages: Early PlayInEditor Detection: Level '/Game/TopDownBP/Maps/TopDownExampleMap.TopDownExampleMap:PersistentLevel' has LevelScriptBlueprint '/Game/TopDownBP/Maps/TopDownExampleMap.TopDownExampleMap:PersistentLevel.TopDownExampleMap' with GeneratedClass '/Game/TopDownBP/Maps/TopDownExampleMap.TopDownExampleMap_C' with ClassGeneratedBy '/Game/TopDownBP/Maps/TopDownExampleMap.TopDownExampleMap:PersistentLevel.TopDownExampleMap'
[2019.01.05-07.50.50:018][605]LogPlayLevel: PlayLevel: No blueprints needed recompiling
[2019.01.05-07.50.50:018][605]PIE: New page: PIE session: TopDownExampleMap (Jan 5, 2019, 11:50:50 PM)
[2019.01.05-07.50.50:020][605]LogPlayLevel: Creating play world package: /Game/TopDownBP/Maps/UEDPIE_0_TopDownExampleMap
[2019.01.05-07.50.50:071][605]LogPlayLevel: PIE: StaticDuplicateObject took: (0.051106s)
[2019.01.05-07.50.50:072][605]LogAIModule: Creating AISystem for world TopDownExampleMap
[2019.01.05-07.50.50:072][605]LogPlayLevel: PIE: World Init took: (0.001477s)
[2019.01.05-07.50.50:073][605]LogPlayLevel: PIE: Created PIE world by copying editor world from /Game/TopDownBP/Maps/TopDownExampleMap.TopDownExampleMap to /Game/TopDownBP/Maps/UEDPIE_0_TopDownExampleMap.TopDownExampleMap (0.053119s)
[2019.01.05-07.50.50:073][605]LogActorComponent: UnregisterComponent: (/Engine/Transient.CharMoveComp) Not registered. Aborting.
[2019.01.05-07.50.50:073][605]LogActorComponent: UnregisterComponent: (/Engine/Transient.Interactable_GEN_VARIABLE) Not registered. Aborting.
[2019.01.05-07.50.50:132][605]LogInit: XAudio2 using 'Динамики (Устройство с поддержкой High Definition Audio)' : 2 channels at 44.1 kHz using 16 bits per sample (channel mask 0x3)
[2019.01.05-07.50.50:896][605]LogInit: FAudioDevice initialized.
[2019.01.05-07.50.50:996][605]LogWorld: Game class is 'TopDownGameMode_C'
[2019.01.05-07.50.51:006][605]LogPhysics:Warning: AddConvexElemsToRigidActor: [/Game/Graphics/ModularBuildings/modularBuildings_004.modularBuildings_004] ConvexElem[0] invalid
[2019.01.05-07.50.51:010][605]LogWorld: Bringing World /Game/TopDownBP/Maps/UEDPIE_0_TopDownExampleMap.TopDownExampleMap up for play (max tick rate 60) at 2019.01.05-15.50.51
[2019.01.05-07.50.51:010][605]LogWorld: Bringing up level for play took: 0.014028
[2019.01.05-07.50.51:013][605]LogBlueprintUserMessages: [Quest_Test_C_5] Соберите 5 коробок.
[2019.01.05-07.50.51:025][605]PIE: Info Play in editor start time for /Game/TopDownBP/Maps/UEDPIE_0_TopDownExampleMap 0.016
[2019.01.05-07.50.51:025][605]LogBlueprintUserMessages: Late PlayInEditor Detection: Level '/Game/TopDownBP/Maps/TopDownExampleMap.TopDownExampleMap:PersistentLevel' has LevelScriptBlueprint '/Game/TopDownBP/Maps/TopDownExampleMap.TopDownExampleMap:PersistentLevel.TopDownExampleMap' with GeneratedClass '/Game/TopDownBP/Maps/TopDownExampleMap.TopDownExampleMap_C' with ClassGeneratedBy '/Game/TopDownBP/Maps/TopDownExampleMap.TopDownExampleMap:PersistentLevel.TopDownExampleMap'
[2019.01.05-07.51.12:532][355]LogBlueprintUserMessages: Early EndPlayMap Detection: Level '/Game/TopDownBP/Maps/TopDownExampleMap.TopDownExampleMap:PersistentLevel' has LevelScriptBlueprint '/Game/TopDownBP/Maps/TopDownExampleMap.TopDownExampleMap:PersistentLevel.TopDownExampleMap' with GeneratedClass '/Game/TopDownBP/Maps/TopDownExampleMap.TopDownExampleMap_C' with ClassGeneratedBy '/Game/TopDownBP/Maps/TopDownExampleMap.TopDownExampleMap:PersistentLevel.TopDownExampleMap'
[2019.01.05-07.51.12:644][355]LogBlueprintUserMessages: Late EndPlayMap Detection: Level '/Game/TopDownBP/Maps/TopDownExampleMap.TopDownExampleMap:PersistentLevel' has LevelScriptBlueprint '/Game/TopDownBP/Maps/TopDownExampleMap.TopDownExampleMap:PersistentLevel.TopDownExampleMap' with GeneratedClass '/Game/TopDownBP/Maps/TopDownExampleMap.TopDownExampleMap_C' with ClassGeneratedBy '/Game/TopDownBP/Maps/TopDownExampleMap.TopDownExampleMap:PersistentLevel.TopDownExampleMap'
[2019.01.05-07.52.59:594][188]LogEditorViewport: Clicking on Actor (LMB): SkeletalMeshActor (basicCharacterRun)
[2019.01.05-07.53.03:674][257]Cmd: DELETE
[2019.01.05-07.53.03:674][257]Cmd: ACTOR DELETE
[2019.01.05-07.53.04:701][257]LogEditorActor: Deleted Actor: SkeletalMeshActor
[2019.01.05-07.53.04:703][257]LogActorComponent: UnregisterComponent: (/Engine/Transient.CharMoveComp) Not registered. Aborting.
[2019.01.05-07.53.04:703][257]LogActorComponent: UnregisterComponent: (/Engine/Transient.Interactable_GEN_VARIABLE) Not registered. Aborting.
[2019.01.05-07.53.04:773][257]LogEditorActor: Deleted 1 Actors (0.363 secs)
[2019.01.05-07.53.07:654][330]LogSavePackage: Save=467.81ms
[2019.01.05-07.53.07:654][330]LogSavePackage: Moving '../../../../sergey/UnrealProjects/TowerOfDefence_Repository/TopDownMiniGame/Saved/TopDownExampleMap1873EEF749668ACE4C2918894A2EEE04.tmp' to '../../../../sergey/UnrealProjects/TowerOfDefence_Repository/TopDownMiniGame/Content/TopDownBP/Maps/TopDownExampleMap.umap'
[2019.01.05-07.53.07:658][330]LogSavePackage: Total save time: 655.50ms
[2019.01.05-07.53.07:658][330]LogSavePackage:Display: Finished SavePackage ../../../../sergey/UnrealProjects/TowerOfDefence_Repository/TopDownMiniGame/Content/TopDownBP/Maps/TopDownExampleMap.umap
[2019.01.05-07.53.07:713][330]LogFileHelpers: Saving map 'TopDownExampleMap' took 0.998
[2019.01.05-07.53.34:803][681]LogWindowsTextInputMethodSystem:Display: IME system now deactivated.
[2019.01.05-07.54.10:340][420]Cmd: CLOSE_SLATE_MAINFRAME
[2019.01.05-07.54.10:371][420]LogActorComponent: UnregisterComponent: (/Engine/Transient.CharMoveComp) Not registered. Aborting.
[2019.01.05-07.54.10:371][420]LogActorComponent: UnregisterComponent: (/Engine/Transient.Interactable_GEN_VARIABLE) Not registered. Aborting.
[2019.01.05-07.54.11:705][421]Cmd: QUIT_EDITOR
[2019.01.05-07.54.16:914][421]LogExit: Preparing to exit.
[2019.01.05-07.54.21:809][421]LogExit: Editor shut down
[2019.01.05-07.54.21:810][421]LogExit: Transaction tracking system shut down
[2019.01.05-07.54.53:982][421]LogObj: Freed 0b from 0 cluster array pools.
[2019.01.05-07.54.53:982][421]LogExit: Object subsystem successfully closed.
[2019.01.05-07.54.56:385][421]LogD3D11RHI: Shutdown
[2019.01.05-07.54.56:385][421]LogD3D11RHI: CleanupD3DDevice
[2019.01.05-07.55.06:196][421]LogD3D11RHI: ~FD3D11DynamicRHI
[2019.01.05-07.55.20:879][421]LogDerivedDataCache: Shutdown
[2019.01.05-07.55.24:617][421]LogModuleManager: Shutting down and abandoning module BlueprintGraph (206)
[2019.01.05-07.55.24:618][421]LogModuleManager: Shutting down and abandoning module MovieSceneCapture (205)
[2019.01.05-07.55.24:628][421]LogModuleManager: Shutting down and abandoning module HierarchicalLODOutliner (204)
[2019.01.05-07.55.24:642][421]LogModuleManager: Shutting down and abandoning module CrashTracker (203)
[2019.01.05-07.55.24:669][421]LogModuleManager: Shutting down and abandoning module SceneOutliner (202)
[2019.01.05-07.55.24:697][421]LogModuleManager: Shutting down and abandoning module SuperSearch (201)
[2019.01.05-07.55.24:697][421]LogModuleManager: Shutting down and abandoning module WidgetCarousel (200)
[2019.01.05-07.55.24:697][421]LogModuleManager: Shutting down and abandoning module AddContentDialog (199)
[2019.01.05-07.55.24:985][421]LogModuleManager: Shutting down and abandoning module GameplayTags (198)
[2019.01.05-07.55.24:985][421]LogModuleManager: Shutting down and abandoning module EditorWidgets (197)
[2019.01.05-07.55.24:985][421]LogModuleManager: Shutting down and abandoning module CollectionManager (196)
[2019.01.05-07.55.25:090][421]LogModuleManager: Shutting down and abandoning module StatsViewer (195)
[2019.01.05-07.55.25:690][421]LogModuleManager: Shutting down and abandoning module FoliageEdit (194)
[2019.01.05-07.55.25:770][421]LogModuleManager: Shutting down and abandoning module LandscapeEditor (193)
[2019.01.05-07.55.26:006][421]LogModuleManager: Shutting down and abandoning module ActorPickerMode (192)
[2019.01.05-07.55.26:006][421]LogModuleManager: Shutting down and abandoning module GeometryMode (191)
[2019.01.05-07.55.26:016][421]LogModuleManager: Shutting down and abandoning module TextureAlignMode (190)
[2019.01.05-07.55.26:016][421]LogModuleManager: Shutting down and abandoning module BspMode (189)
[2019.01.05-07.55.26:029][421]LogModuleManager: Shutting down and abandoning module PlacementMode (188)
[2019.01.05-07.55.26:029][421]LogModuleManager: Shutting down and abandoning module AutomationWorker (187)
[2019.01.05-07.55.26:080][421]LogModuleManager: Shutting down and abandoning module CharacterAI (186)
[2019.01.05-07.55.26:080][421]LogModuleManager: Shutting down and abandoning module SmartSnapping (185)
[2019.01.05-07.55.26:080][421]LogModuleManager: Shutting down and abandoning module ViewportSnapping (184)
[2019.01.05-07.55.26:096][421]LogModuleManager: Shutting down and abandoning module LogVisualizer (183)
[2019.01.05-07.55.26:197][421]LogModuleManager: Shutting down and abandoning module GameProjectGeneration (182)
[2019.01.05-07.55.26:252][421]LogModuleManager: Shutting down and abandoning module IntroTutorials (181)
[2019.01.05-07.55.26:315][421]LogModuleManager: Shutting down and abandoning module EditorLiveStreaming (180)
[2019.01.05-07.55.26:341][421]LogModuleManager: Shutting down and abandoning module IOSPlatformEditor (179)
[2019.01.05-07.55.26:375][421]LogModuleManager: Shutting down and abandoning module HTML5PlatformEditor (178)
[2019.01.05-07.55.26:375][421]LogModuleManager: Shutting down and abandoning module AndroidDeviceDetection (177)
[2019.01.05-07.55.26:786][421]LogModuleManager: Shutting down and abandoning module AndroidPlatformEditor (176)
[2019.01.05-07.55.26:814][421]LogModuleManager: Shutting down and abandoning module IOSRuntimeSettings (175)
[2019.01.05-07.55.26:814][421]LogModuleManager: Shutting down and abandoning module AndroidRuntimeSettings (174)
[2019.01.05-07.55.26:814][421]LogModuleManager: Shutting down and abandoning module MergeActors (173)
[2019.01.05-07.55.26:830][421]LogModuleManager: Shutting down and abandoning module SizeMap (172)
[2019.01.05-07.55.26:865][421]LogModuleManager: Shutting down and abandoning module TreeMap (171)
[2019.01.05-07.55.26:875][421]LogModuleManager: Shutting down and abandoning module ReferenceViewer (170)
[2019.01.05-07.55.26:919][421]LogModuleManager: Shutting down and abandoning module LocalizationService (169)
[2019.01.05-07.55.26:998][421]LogModuleManager: Shutting down and abandoning module LocalizationDashboard (168)
[2019.01.05-07.55.27:041][421]LogModuleManager: Shutting down and abandoning module HardwareTargeting (167)
[2019.01.05-07.55.27:041][421]LogModuleManager: Shutting down and abandoning module DeviceProfileEditor (166)
[2019.01.05-07.55.27:051][421]LogModuleManager: Shutting down and abandoning module UndoHistory (165)
[2019.01.05-07.55.27:087][421]LogModuleManager: Shutting down and abandoning module UserFeedback (164)
[2019.01.05-07.55.27:087][421]LogModuleManager: Shutting down and abandoning module XmlParser (163)
[2019.01.05-07.55.27:104][421]LogModuleManager: Shutting down and abandoning module Blutility (162)
[2019.01.05-07.55.27:104][421]LogModuleManager: Shutting down and abandoning module ProjectTargetPlatformEditor (161)
[2019.01.05-07.55.27:125][421]LogModuleManager: Shutting down and abandoning module ProjectSettingsViewer (160)
[2019.01.05-07.55.27:169][421]LogModuleManager: Shutting down and abandoning module InputBindingEditor (159)
[2019.01.05-07.55.27:210][421]LogModuleManager: Shutting down and abandoning module EditorSettingsViewer (158)
[2019.01.05-07.55.27:225][421]LogModuleManager: Shutting down and abandoning module SettingsEditor (157)
[2019.01.05-07.55.27:276][421]LogModuleManager: Shutting down and abandoning module ProjectLauncher (156)
[2019.01.05-07.55.27:347][421]LogModuleManager: Shutting down and abandoning module SessionFrontend (155)
[2019.01.05-07.55.27:410][421]LogModuleManager: Shutting down and abandoning module ProfilerClient (154)
[2019.01.05-07.55.27:450][421]LogModuleManager: Shutting down and abandoning module TargetDeviceServices (153)
[2019.01.05-07.55.27:450][421]LogModuleManager: Shutting down and abandoning module DeviceManager (152)
[2019.01.05-07.55.27:755][421]LogModuleManager: Shutting down and abandoning module AutomationController (151)
[2019.01.05-07.55.28:055][421]LogModuleManager: Shutting down and abandoning module AutomationWindow (150)
[2019.01.05-07.55.28:148][421]LogModuleManager: Shutting down and abandoning module Layers (149)
[2019.01.05-07.55.28:415][421]LogModuleManager: Shutting down and abandoning module ComponentVisualizers (148)
[2019.01.05-07.55.28:415][421]LogModuleManager: Shutting down and abandoning module DetailCustomizations (147)
[2019.01.05-07.55.28:564][421]LogModuleManager: Shutting down and abandoning module PackagesDialog (146)
[2019.01.05-07.55.28:603][421]LogModuleManager: Shutting down and abandoning module Persona (145)
[2019.01.05-07.55.29:118][421]LogModuleManager: Shutting down and abandoning module Kismet (144)
[2019.01.05-07.55.29:355][421]LogModuleManager: Shutting down and abandoning module GraphEditor (143)
[2019.01.05-07.55.29:382][421]LogModuleManager: Shutting down and abandoning module ClassViewer (142)
[2019.01.05-07.55.29:518][421]LogModuleManager: Shutting down and abandoning module Toolbox (141)
[2019.01.05-07.55.29:577][421]LogModuleManager: Shutting down and abandoning module ModuleUI (140)
[2019.01.05-07.55.29:684][421]LogModuleManager: Shutting down and abandoning module MovieSceneTools (139)
[2019.01.05-07.55.31:171][421]LogModuleManager: Shutting down and abandoning module OutputLog (138)
[2019.01.05-07.55.31:264][421]LogModuleManager: Shutting down and abandoning module GammaUI (137)
[2019.01.05-07.55.31:294][421]LogModuleManager: Shutting down and abandoning module Documentation (136)
[2019.01.05-07.55.31:294][421]LogModuleManager: Shutting down and abandoning module StreamingPauseRendering (135)
[2019.01.05-07.55.31:294][421]LogModuleManager: Shutting down and abandoning module AnalyticsET (134)
[2019.01.05-07.55.31:295][421]LogModuleManager: Shutting down and abandoning module Analytics (133)
[2019.01.05-07.55.31:295][421]LogModuleManager: Shutting down and abandoning module PortalServices (132)
[2019.01.05-07.55.31:295][421]LogModuleManager: Shutting down and abandoning module PortalRpc (131)
[2019.01.05-07.55.31:295][421]LogModuleManager: Shutting down and abandoning module MessagingRpc (130)
[2019.01.05-07.55.31:295][421]LogModuleManager: Shutting down and abandoning module AITestSuite (129)
[2019.01.05-07.55.31:340][421]LogModuleManager: Shutting down and abandoning module GameplayDebugger (128)
[2019.01.05-07.55.31:452][421]LogModuleManager: Shutting down and abandoning module AIModule (127)
[2019.01.05-07.55.31:452][421]LogModuleManager: Shutting down and abandoning module ProfilerService (126)
[2019.01.05-07.55.33:010][421]LogModuleManager: Shutting down and abandoning module TaskGraph (125)
[2019.01.05-07.55.33:294][421]LogModuleManager: Shutting down and abandoning module SlateRemote (124)
[2019.01.05-07.55.33:294][421]LogModuleManager: Shutting down and abandoning module SteamVRController (123)
[2019.01.05-07.55.33:294][421]LogModuleManager: Shutting down and abandoning module SteamVR (122)
[2019.01.05-07.55.33:294][421]LogModuleManager: Shutting down and abandoning module ProceduralMeshComponent (121)
[2019.01.05-07.55.33:294][421]LogModuleManager: Shutting down and abandoning module OculusLibrary (120)
[2019.01.05-07.55.33:294][421]LogModuleManager: Shutting down and abandoning module OculusInput (119)
[2019.01.05-07.55.33:294][421]LogModuleManager: Shutting down and abandoning module CustomMeshComponent (118)
[2019.01.05-07.55.33:294][421]LogModuleManager: Shutting down and abandoning module CableComponent (117)
[2019.01.05-07.55.33:294][421]LogModuleManager: Shutting down and abandoning module ArchVisCharacter (116)
[2019.01.05-07.55.33:294][421]LogModuleManager: Shutting down and abandoning module MediaPlayerEditor (115)
[2019.01.05-07.55.33:418][421]LogModuleManager: Shutting down and abandoning module HTML5Networking (114)
[2019.01.05-07.55.33:418][421]LogModuleManager: Shutting down and abandoning module SpeedTreeImporter (113)
[2019.01.05-07.55.33:418][421]LogModuleManager: Shutting down and abandoning module PluginBrowser (112)
[2019.01.05-07.55.33:735][421]LogModuleManager: Shutting down and abandoning module EpicSurvey (111)
[2019.01.05-07.55.33:941][421]LogModuleManager: Shutting down and abandoning module DesktopPlatform (110)
[2019.01.05-07.55.34:066][421]LogModuleManager: Shutting down and abandoning module VisualStudioSourceCodeAccess (109)
[2019.01.05-07.55.34:100][421]LogModuleManager: Shutting down and abandoning module UObjectPlugin (108)
[2019.01.05-07.55.34:100][421]LogModuleManager: Shutting down and abandoning module SubversionSourceControl (107)
[2019.01.05-07.55.34:223][421]LogModuleManager: Shutting down and abandoning module PerforceSourceControl (106)
[2019.01.05-07.55.34:353][421]LogModuleManager: Shutting down and abandoning module SourceControl (105)
[2019.01.05-07.55.34:570][421]LogModuleManager: Shutting down and abandoning module GitSourceControl (104)
[2019.01.05-07.55.34:810][421]LogModuleManager: Shutting down and abandoning module LightPropagationVolumeEditor (103)
[2019.01.05-07.55.34:811][421]LogModuleManager: Shutting down and abandoning module PaperTiledImporter (102)
[2019.01.05-07.55.34:865][421]LogModuleManager: Shutting down and abandoning module PaperSpriteSheetImporter (101)
[2019.01.05-07.55.34:865][421]LogModuleManager: Shutting down and abandoning module MeshPaint (100)
[2019.01.05-07.55.34:865][421]LogModuleManager: Shutting down and abandoning module HotReload (99)
[2019.01.05-07.55.35:034][421]LogModuleManager: Shutting down and abandoning module MainFrame (98)
[2019.01.05-07.55.35:034][421]LogModuleManager: Shutting down and abandoning module LevelEditor (97)
[2019.01.05-07.55.35:448][421]LogModuleManager: Shutting down and abandoning module DirectoryWatcher (96)
[2019.01.05-07.55.35:506][421]LogModuleManager: Shutting down and abandoning module AssetRegistry (95)
[2019.01.05-07.55.36:023][421]LogModuleManager: Shutting down and abandoning module ContentBrowser (94)
[2019.01.05-07.55.36:025][421]LogModuleManager: Shutting down and abandoning module Paper2DEditor (93)
[2019.01.05-07.55.36:170][421]LogModuleManager: Shutting down and abandoning module UdpMessaging (92)
[2019.01.05-07.55.36:287][421]LogModuleManager: Shutting down and abandoning module LightPropagationVolumeRuntime (91)
[2019.01.05-07.55.36:287][421]LogModuleManager: Shutting down and abandoning module Paper2D (90)
[2019.01.05-07.55.36:287][421]LogModuleManager: Shutting down and abandoning module WindowsMoviePlayer (89)
[2019.01.05-07.55.36:452][421]LogModuleManager: Shutting down and abandoning module Media (88)
[2019.01.05-07.55.36:452][421]LogModuleManager: Shutting down and abandoning module WmfMedia (87)
[2019.01.05-07.55.36:708][421]LogModuleManager: Shutting down and abandoning module MediaAssets (86)
[2019.01.05-07.55.36:708][421]LogModuleManager: Shutting down and abandoning module GameLiveStreaming (85)
[2019.01.05-07.55.36:753][421]LogModuleManager: Shutting down and abandoning module GameplayTagsEditor (84)
[2019.01.05-07.55.36:865][421]LogModuleManager: Shutting down and abandoning module OnlineBlueprintSupport (83)
[2019.01.05-07.55.36:865][421]LogModuleManager: Shutting down and abandoning module GameplayTasksEditor (82)
[2019.01.05-07.55.36:865][421]LogModuleManager: Shutting down and abandoning module PropertyEditor (81)
[2019.01.05-07.55.37:107][421]LogModuleManager: Shutting down and abandoning module BehaviorTreeEditor (80)
[2019.01.05-07.55.37:289][421]LogModuleManager: Shutting down and abandoning module FunctionalTesting (79)
[2019.01.05-07.55.37:335][421]LogModuleManager: Shutting down and abandoning module CollisionAnalyzer (78)
[2019.01.05-07.55.37:425][421]LogModuleManager: Shutting down and abandoning module WorkspaceMenuStructure (77)
[2019.01.05-07.55.37:594][421]LogModuleManager: Shutting down and abandoning module MessageLog (76)
[2019.01.05-07.55.37:594][421]LogModuleManager: Shutting down and abandoning module Sequencer (75)
[2019.01.05-07.55.37:761][421]LogModuleManager: Shutting down and abandoning module AssetTools (74)
[2019.01.05-07.55.38:180][421]LogModuleManager: Shutting down and abandoning module UMGEditor (73)
[2019.01.05-07.55.38:292][421]LogModuleManager: Shutting down and abandoning module UMG (72)
[2019.01.05-07.55.38:481][421]LogModuleManager: Shutting down and abandoning module SlateReflector (71)
[2019.01.05-07.55.38:884][421]LogModuleManager: Shutting down and abandoning module Slate (70)
[2019.01.05-07.55.38:884][421]LogModuleManager: Shutting down and abandoning module EditorStyle (69)
[2019.01.05-07.55.39:450][421]LogModuleManager: Shutting down and abandoning module SessionServices (68)
[2019.01.05-07.55.39:538][421]LogModuleManager: Shutting down and abandoning module SourceCodeAccess (67)
[2019.01.05-07.55.39:712][421]LogModuleManager: Shutting down and abandoning module HeadMountedDisplay (66)
[2019.01.05-07.55.39:712][421]LogModuleManager: Shutting down and abandoning module XAudio2 (65)
[2019.01.05-07.55.39:712][421]LogModuleManager: Shutting down and abandoning module Networking (63)
[2019.01.05-07.55.39:712][421]LogModuleManager: Shutting down and abandoning module Core (62)
[2019.01.05-07.55.39:712][421]LogModuleManager: Shutting down and abandoning module KismetCompiler (61)
[2019.01.05-07.55.39:806][421]LogModuleManager: Shutting down and abandoning module PhysXFormats (60)
[2019.01.05-07.55.40:232][421]LogModuleManager: Shutting down and abandoning module MeshUtilities (59)
[2019.01.05-07.55.40:443][421]LogModuleManager: Shutting down and abandoning module CookingStats (58)
[2019.01.05-07.55.40:494][421]LogModuleManager: Shutting down and abandoning module DerivedDataCache (57)
[2019.01.05-07.55.40:494][421]LogDerivedDataCache: Shutdown
[2019.01.05-07.55.40:494][421]LogModuleManager: Shutting down and abandoning module ShaderFormatOpenGL (56)
[2019.01.05-07.55.40:580][421]LogModuleManager: Shutting down and abandoning module ShaderFormatD3D (55)
[2019.01.05-07.55.40:658][421]LogModuleManager: Shutting down and abandoning module MetalShaderFormat (54)
[2019.01.05-07.55.40:750][421]LogModuleManager: Shutting down and abandoning module TextureFormatUncompressed (53)
[2019.01.05-07.55.40:788][421]LogModuleManager: Shutting down and abandoning module TextureFormatPVR (52)
[2019.01.05-07.55.40:788][421]LogModuleManager: Shutting down and abandoning module TextureFormatIntelISPCTexComp (51)
[2019.01.05-07.55.40:907][421]LogModuleManager: Shutting down and abandoning module TextureFormatDXT (50)
[2019.01.05-07.55.40:907][421]LogModuleManager: Shutting down and abandoning module ImageWrapper (49)
[2019.01.05-07.55.40:907][421]LogModuleManager: Shutting down and abandoning module TextureFormatASTC (48)
[2019.01.05-07.55.40:946][421]LogModuleManager: Shutting down and abandoning module TextureFormatAndroid (47)
[2019.01.05-07.55.41:015][421]LogModuleManager: Shutting down and abandoning module AudioFormatOpus (46)
[2019.01.05-07.55.41:015][421]LogModuleManager: Shutting down and abandoning module AudioFormatOgg (45)
[2019.01.05-07.55.41:015][421]LogModuleManager: Shutting down and abandoning module AudioFormatADPCM (44)
[2019.01.05-07.55.41:015][421]LogModuleManager: Shutting down and abandoning module LinuxTargetPlatform (43)
[2019.01.05-07.55.41:058][421]LogModuleManager: Shutting down and abandoning module LinuxServerTargetPlatform (42)
[2019.01.05-07.55.41:092][421]LogModuleManager: Shutting down and abandoning module LinuxNoEditorTargetPlatform (41)
[2019.01.05-07.55.41:138][421]LogModuleManager: Shutting down and abandoning module TVOSTargetPlatform (40)
[2019.01.05-07.55.41:138][421]LogModuleManager: Shutting down and abandoning module Messaging (39)
[2019.01.05-07.55.41:138][421]LogModuleManager: Shutting down and abandoning module IOSTargetPlatform (38)
[2019.01.05-07.55.41:170][421]LogModuleManager: Shutting down and abandoning module HTML5TargetPlatform (37)
[2019.01.05-07.55.41:209][421]LogModuleManager: Shutting down and abandoning module Android_PVRTCTargetPlatform (36)
[2019.01.05-07.55.41:247][421]LogModuleManager: Shutting down and abandoning module Android_MultiTargetPlatform (35)
[2019.01.05-07.55.41:280][421]LogModuleManager: Shutting down and abandoning module Android_ETC2TargetPlatform (34)
[2019.01.05-07.55.41:330][421]LogModuleManager: Shutting down and abandoning module Android_ETC1TargetPlatform (33)
[2019.01.05-07.55.41:374][421]LogModuleManager: Shutting down and abandoning module Android_DXTTargetPlatform (32)
[2019.01.05-07.55.41:416][421]LogModuleManager: Shutting down and abandoning module Android_ATCTargetPlatform (31)
[2019.01.05-07.55.41:481][421]LogModuleManager: Shutting down and abandoning module Android_ASTCTargetPlatform (30)
[2019.01.05-07.55.41:625][421]LogModuleManager: Shutting down and abandoning module AndroidTargetPlatform (29)
[2019.01.05-07.55.41:806][421]LogModuleManager: Shutting down and abandoning module WindowsTargetPlatform (28)
[2019.01.05-07.55.41:806][421]LogModuleManager: Shutting down and abandoning module WindowsServerTargetPlatform (27)
[2019.01.05-07.55.41:854][421]LogModuleManager: Shutting down and abandoning module WindowsNoEditorTargetPlatform (26)
[2019.01.05-07.55.41:897][421]LogModuleManager: Shutting down and abandoning module WindowsClientTargetPlatform (25)
[2019.01.05-07.55.41:927][421]LogModuleManager: Shutting down and abandoning module AllDesktopTargetPlatform (24)
[2019.01.05-07.55.41:969][421]LogModuleManager: Shutting down and abandoning module TargetPlatform (23)
[2019.01.05-07.55.41:970][421]LogModuleManager: Shutting down and abandoning module InputCore (22)
[2019.01.05-07.55.41:970][421]LogModuleManager: Shutting down and abandoning module Settings (21)
[2019.01.05-07.55.41:970][421]LogModuleManager: Shutting down and abandoning module OnlineSubsystem (19)
[2019.01.05-07.55.41:970][421]LogModuleManager: Shutting down and abandoning module HTTP (18)
[2019.01.05-07.55.43:977][421]LogModuleManager: Shutting down and abandoning module XMPP (17)
[2019.01.05-07.55.44:266][421]LogModuleManager: Shutting down and abandoning module OculusRift (16)
[2019.01.05-07.55.44:366][421]LogModuleManager: Shutting down and abandoning module ExampleDeviceProfileSelector (15)
[2019.01.05-07.55.44:366][421]LogModuleManager: Shutting down and abandoning module TextureCompressor (14)
[2019.01.05-07.55.44:455][421]LogModuleManager: Shutting down and abandoning module ShaderCore (13)
[2019.01.05-07.55.44:455][421]LogModuleManager: Shutting down and abandoning module Landscape (12)
[2019.01.05-07.55.44:455][421]LogModuleManager: Shutting down and abandoning module SlateRHIRenderer (11)
[2019.01.05-07.55.44:610][421]LogModuleManager: Shutting down and abandoning module OpenGLDrv (10)
[2019.01.05-07.55.44:713][421]LogModuleManager: Shutting down and abandoning module D3D11RHI (9)
[2019.01.05-07.55.44:713][421]LogModuleManager: Shutting down and abandoning module AnimGraphRuntime (8)
[2019.01.05-07.55.44:714][421]LogModuleManager: Shutting down and abandoning module Renderer (7)
[2019.01.05-07.55.44:714][421]LogModuleManager: Shutting down and abandoning module Engine (6)
[2019.01.05-07.55.44:714][421]LogModuleManager: Shutting down and abandoning module CoreUObject (5)
[2019.01.05-07.55.44:714][421]LogModuleManager: Shutting down and abandoning module NetworkFile (4)
[2019.01.05-07.55.44:746][421]LogModuleManager: Shutting down and abandoning module StreamingFile (3)
[2019.01.05-07.55.44:746][421]LogModuleManager: Shutting down and abandoning module SandboxFile (2)
[2019.01.05-07.55.44:786][421]LogModuleManager: Shutting down and abandoning module PakFile (1)
[2019.01.05-07.55.44:948][421]LogExit: Exiting.
[2019.01.05-07.55.44:990][421]Log file closed, 01/05/19 15:55:44
